<?xml version="1.0" encoding="utf-8" standalone="no"?>
<test-run id="2" testcasecount="26" result="Skipped" label="Ignored" total="26" passed="25" failed="0" inconclusive="0" skipped="1" asserts="166" engine-version="3.6.1.0" clr-version="4.0.30319.42000" start-time="2017-06-16 04:29:34Z" end-time="2017-06-16 04:29:36Z" duration="2.250323">
  <command-line><![CDATA[/Users/falko/Projects/userflow/packages/NUnit.ConsoleRunner.3.6.1/tools/nunit3-console.exe -config=Release Tests/Tests.csproj]]></command-line>
  <test-suite type="Assembly" id="1-1031" name="NUnitTest.dll" fullname="/Users/falko/Projects/userflow/Tests/bin/Release/NUnitTest.dll" runstate="Runnable" testcasecount="26" result="Skipped" label="Ignored" start-time="2017-06-16 04:29:36Z" end-time="2017-06-16 04:29:36Z" duration="0.624799" total="26" passed="25" failed="0" warnings="0" inconclusive="0" skipped="1" asserts="166">
    <environment framework-version="3.7.1.0" clr-version="4.0.30319.42000" os-version="Unix 16.6.0.0" platform="Unix" cwd="/Users/falko/Projects/userflow" machine-name="Falkos-MacBook-Pro.local" user="falko" user-domain="Falkos-MacBook-Pro.local" culture="en-US" uiculture="en-US" os-architecture="x86" />
    <settings>
      <setting name="BasePath" value="/Users/falko/Projects/userflow/Tests/bin/Release" />
      <setting name="DisposeRunners" value="True" />
      <setting name="ActiveConfig" value="Release" />
      <setting name="WorkDirectory" value="/Users/falko/Projects/userflow" />
      <setting name="ImageRuntimeVersion" value="4.0.30319" />
      <setting name="ImageTargetFrameworkName" value=".NETFramework,Version=v4.5" />
      <setting name="ImageRequiresX86" value="False" />
      <setting name="ImageRequiresDefaultAppDomainAssemblyResolver" value="False" />
      <setting name="NumberOfTestWorkers" value="4" />
    </settings>
    <properties>
      <property name="_PID" value="78554" />
      <property name="_APPDOMAIN" value="domain-3026b9a2-Tests.csproj" />
    </properties>
    <reason>
      <message><![CDATA[One or more child tests were ignored]]></message>
    </reason>
    <test-suite type="TestSuite" id="1-1032" name="Tests" fullname="Tests" runstate="Runnable" testcasecount="26" result="Skipped" label="Ignored" start-time="2017-06-16 04:29:36Z" end-time="2017-06-16 04:29:36Z" duration="0.609944" total="26" passed="25" failed="0" warnings="0" inconclusive="0" skipped="1" asserts="166">
      <reason>
        <message><![CDATA[One or more child tests were ignored]]></message>
      </reason>
      <test-suite type="TestFixture" id="1-1000" name="ElementTests" fullname="Tests.ElementTests" classname="Tests.ElementTests" runstate="Runnable" testcasecount="11" result="Passed" start-time="2017-06-16 04:29:36Z" end-time="2017-06-16 04:29:36Z" duration="0.346615" total="11" passed="11" failed="0" warnings="0" inconclusive="0" skipped="0" asserts="73">
        <test-case id="1-1011" name="TestAlert" fullname="Tests.ElementTests.TestAlert" methodname="TestAlert" classname="Tests.ElementTests" runstate="Runnable" seed="439754938" result="Passed" start-time="2017-06-16 04:29:36Z" end-time="2017-06-16 04:29:36Z" duration="0.224681" asserts="7">
          <output><![CDATA[disappearing: Navigation demo
appearing: Element demo
· Menu 
  · 
    · Menu
    · Navigation
    · Elements
    · ListViews
    · Alert
]]></output>
        </test-case>
        <test-case id="1-1007" name="TestBinding" fullname="Tests.ElementTests.TestBinding" methodname="TestBinding" classname="Tests.ElementTests" runstate="Runnable" seed="2014667041" result="Passed" start-time="2017-06-16 04:29:36Z" end-time="2017-06-16 04:29:36Z" duration="0.004834" asserts="3">
          <output><![CDATA[disappearing: Navigation demo
appearing: Element demo
· Element demo [ToolbarItem]
  · 
    · 
      · Button
      · Label
      · 
        · label in tap-able layout
      · 
        · Cell A
        · Cell B
        · Cell C
        · Cell D
      · 
      · editor content
      · bound text 2
]]></output>
        </test-case>
        <test-case id="1-1002" name="TestButton" fullname="Tests.ElementTests.TestButton" methodname="TestButton" classname="Tests.ElementTests" runstate="Runnable" seed="2111998421" result="Passed" start-time="2017-06-16 04:29:36Z" end-time="2017-06-16 04:29:36Z" duration="0.002161" asserts="5">
          <output><![CDATA[disappearing: Navigation demo
appearing: Element demo
Success
Button tapped

[] [Ok]
]]></output>
        </test-case>
        <test-case id="1-1009" name="TestEditor" fullname="Tests.ElementTests.TestEditor" methodname="TestEditor" classname="Tests.ElementTests" runstate="Runnable" seed="891558100" result="Passed" start-time="2017-06-16 04:29:36Z" end-time="2017-06-16 04:29:36Z" duration="0.007938" asserts="9">
          <output><![CDATA[disappearing: Navigation demo
appearing: Element demo
· Element demo [ToolbarItem]
  · 
    · 
      · Button
      · Label
      · 
        · label in tap-able layout
      · 
        · Cell A
        · Cell B
        · Cell C
        · Cell D
      · 
      · Text2
      · bound text 2
]]></output>
        </test-case>
        <test-case id="1-1008" name="TestEntry" fullname="Tests.ElementTests.TestEntry" methodname="TestEntry" classname="Tests.ElementTests" runstate="Runnable" seed="597914840" result="Passed" start-time="2017-06-16 04:29:36Z" end-time="2017-06-16 04:29:36Z" duration="0.001730" asserts="14">
          <output><![CDATA[disappearing: Navigation demo
appearing: Element demo
· Element demo [ToolbarItem]
  · 
    · 
      · Button
      · Label
      · 
        · label in tap-able layout
      · 
        · Cell A
        · Cell B
        · Cell C
        · Cell D
      · Text3
      · editor content
      · bound text 2
]]></output>
        </test-case>
        <test-case id="1-1005" name="TestGrid" fullname="Tests.ElementTests.TestGrid" methodname="TestGrid" classname="Tests.ElementTests" runstate="Runnable" seed="319632552" result="Passed" start-time="2017-06-16 04:29:36Z" end-time="2017-06-16 04:29:36Z" duration="0.002151" asserts="5">
          <output><![CDATA[disappearing: Navigation demo
appearing: Element demo
Success
Cell D tapped

[] [Ok]
]]></output>
        </test-case>
        <test-case id="1-1006" name="TestInvisible" fullname="Tests.ElementTests.TestInvisible" methodname="TestInvisible" classname="Tests.ElementTests" runstate="Runnable" seed="1317178491" result="Passed" start-time="2017-06-16 04:29:36Z" end-time="2017-06-16 04:29:36Z" duration="0.000751" asserts="3">
          <output><![CDATA[disappearing: Navigation demo
appearing: Element demo
· Element demo [ToolbarItem]
  · 
    · 
      · Button
      · Label
      · 
        · label in tap-able layout
      · 
        · Cell A
        · Cell B
        · Cell C
        · Cell D
      · 
      · editor content
      · bound text 2
]]></output>
        </test-case>
        <test-case id="1-1001" name="TestLabel" fullname="Tests.ElementTests.TestLabel" methodname="TestLabel" classname="Tests.ElementTests" runstate="Runnable" seed="1072312378" result="Passed" start-time="2017-06-16 04:29:36Z" end-time="2017-06-16 04:29:36Z" duration="0.002308" asserts="5">
          <output><![CDATA[disappearing: Navigation demo
appearing: Element demo
Success
Label tapped

[] [Ok]
]]></output>
        </test-case>
        <test-case id="1-1004" name="TestListViews" fullname="Tests.ElementTests.TestListViews" methodname="TestListViews" classname="Tests.ElementTests" runstate="Runnable" seed="595943026" result="Passed" start-time="2017-06-16 04:29:36Z" end-time="2017-06-16 04:29:36Z" duration="0.046677" asserts="12">
          <output><![CDATA[disappearing: Navigation demo
appearing: Element demo
disappearing: Element demo
appearing: ListView demo
Success
Item A2 tapped

[] [Ok]
]]></output>
        </test-case>
        <test-case id="1-1003" name="TestNestedLabel" fullname="Tests.ElementTests.TestNestedLabel" methodname="TestNestedLabel" classname="Tests.ElementTests" runstate="Runnable" seed="1413185668" result="Passed" start-time="2017-06-16 04:29:36Z" end-time="2017-06-16 04:29:36Z" duration="0.002091" asserts="5">
          <output><![CDATA[disappearing: Navigation demo
appearing: Element demo
Success
StackLayout tapped

[] [Ok]
]]></output>
        </test-case>
        <test-case id="1-1010" name="TestToolbarItem" fullname="Tests.ElementTests.TestToolbarItem" methodname="TestToolbarItem" classname="Tests.ElementTests" runstate="Runnable" seed="824575636" result="Passed" start-time="2017-06-16 04:29:36Z" end-time="2017-06-16 04:29:36Z" duration="0.002441" asserts="5">
          <output><![CDATA[disappearing: Navigation demo
appearing: Element demo
Success
ToolbarItem tapped

[] [Ok]
]]></output>
        </test-case>
      </test-suite>
      <test-suite type="TestFixture" id="1-1017" name="NavigationTests" fullname="Tests.NavigationTests" classname="Tests.NavigationTests" runstate="Runnable" testcasecount="10" result="Skipped" label="Ignored" start-time="2017-06-16 04:29:36Z" end-time="2017-06-16 04:29:36Z" duration="0.125613" total="10" passed="9" failed="0" warnings="0" inconclusive="0" skipped="1" asserts="73">
        <reason>
          <message><![CDATA[One or more child tests were ignored]]></message>
        </reason>
        <test-case id="1-1019" name="TestModalStack" fullname="Tests.NavigationTests.TestModalStack" methodname="TestModalStack" classname="Tests.NavigationTests" runstate="Runnable" seed="826014193" result="Passed" start-time="2017-06-16 04:29:36Z" end-time="2017-06-16 04:29:36Z" duration="0.014801" asserts="11">
          <output><![CDATA[· Navigation demo ^ 
  · 
    · Navigation demo ^
    · Navigation stack:
    · PushAsync
    · PopAsync
    · PopToRootAsync
    · Modal stack:
    · PushModalAsync
    · PopModalAsync
    · PushModalAsync NavigationPage
    · MasterDetail:
    · Toggle MasterDetail MainPage
]]></output>
        </test-case>
        <test-case id="1-1020" name="TestNavigationPageOnModalStack" fullname="Tests.NavigationTests.TestNavigationPageOnModalStack" methodname="TestNavigationPageOnModalStack" classname="Tests.NavigationTests" runstate="Runnable" seed="652417955" result="Passed" start-time="2017-06-16 04:29:36Z" end-time="2017-06-16 04:29:36Z" duration="0.013064" asserts="12">
          <output><![CDATA[· Navigation demo 
  · 
    · Navigation stack:
    · PushAsync
    · PopAsync
    · PopToRootAsync
    · Modal stack:
    · PushModalAsync
    · PopModalAsync
    · PushModalAsync NavigationPage
    · MasterDetail:
    · Toggle MasterDetail MainPage
]]></output>
        </test-case>
        <test-case id="1-1018" name="TestNavigationStack" fullname="Tests.NavigationTests.TestNavigationStack" methodname="TestNavigationStack" classname="Tests.NavigationTests" runstate="Runnable" seed="1432751445" result="Passed" start-time="2017-06-16 04:29:36Z" end-time="2017-06-16 04:29:36Z" duration="0.002431" asserts="11">
          <output><![CDATA[· Navigation demo > 
  · 
    · Navigation stack:
    · PushAsync
    · PopAsync
    · PopToRootAsync
    · Modal stack:
    · PushModalAsync
    · PopModalAsync
    · PushModalAsync NavigationPage
    · MasterDetail:
    · Toggle MasterDetail MainPage
]]></output>
        </test-case>
        <test-case id="1-1027" name="TestOnlyContentPagesAreSupported" fullname="Tests.NavigationTests.TestOnlyContentPagesAreSupported" methodname="TestOnlyContentPagesAreSupported" classname="Tests.NavigationTests" runstate="Runnable" seed="1978232135" result="Passed" start-time="2017-06-16 04:29:36Z" end-time="2017-06-16 04:29:36Z" duration="0.006191" asserts="1">
          <output><![CDATA[· Error 
  · The expected page is not of type "ContentPage"
]]></output>
        </test-case>
        <test-case id="1-1022" name="TestPageAppearingOnAppStart" fullname="Tests.NavigationTests.TestPageAppearingOnAppStart" methodname="TestPageAppearingOnAppStart" classname="Tests.NavigationTests" runstate="Runnable" seed="2084002240" result="Passed" start-time="2017-06-16 04:29:36Z" end-time="2017-06-16 04:29:36Z" duration="0.004337" asserts="1">
          <output><![CDATA[· Navigation demo 
  · 
    · Navigation stack:
    · PushAsync
    · PopAsync
    · PopToRootAsync
    · Modal stack:
    · PushModalAsync
    · PopModalAsync
    · PushModalAsync NavigationPage
    · MasterDetail:
    · Toggle MasterDetail MainPage
]]></output>
        </test-case>
        <test-case id="1-1024" name="TestPageDisAppearingOnMenuChange" fullname="Tests.NavigationTests.TestPageDisAppearingOnMenuChange" methodname="TestPageDisAppearingOnMenuChange" classname="Tests.NavigationTests" runstate="Runnable" seed="844202506" result="Passed" start-time="2017-06-16 04:29:36Z" end-time="2017-06-16 04:29:36Z" duration="0.001148" asserts="5">
          <output><![CDATA[disappearing: Navigation demo
appearing: Element demo
disappearing: Element demo
appearing: Navigation demo
· Navigation demo 
  · 
    · Navigation stack:
    · PushAsync
    · PopAsync
    · PopToRootAsync
    · Modal stack:
    · PushModalAsync
    · PopModalAsync
    · PushModalAsync NavigationPage
    · MasterDetail:
    · Toggle MasterDetail MainPage
]]></output>
        </test-case>
        <test-case id="1-1023" name="TestPageDisAppearingOnPushPop" fullname="Tests.NavigationTests.TestPageDisAppearingOnPushPop" methodname="TestPageDisAppearingOnPushPop" classname="Tests.NavigationTests" runstate="Runnable" seed="1133182269" result="Passed" start-time="2017-06-16 04:29:36Z" end-time="2017-06-16 04:29:36Z" duration="0.030685" asserts="4">
          <output><![CDATA[· Navigation demo 
  · 
    · Navigation stack:
    · PushAsync
    · PopAsync
    · PopToRootAsync
    · Modal stack:
    · PushModalAsync
    · PopModalAsync
    · PushModalAsync NavigationPage
    · MasterDetail:
    · Toggle MasterDetail MainPage
]]></output>
        </test-case>
        <test-case id="1-1021" name="TestPopToRoot" fullname="Tests.NavigationTests.TestPopToRoot" methodname="TestPopToRoot" classname="Tests.NavigationTests" runstate="Runnable" seed="2020279246" result="Passed" start-time="2017-06-16 04:29:36Z" end-time="2017-06-16 04:29:36Z" duration="0.009798" asserts="10">
          <output><![CDATA[· Navigation demo 
  · 
    · Navigation stack:
    · PushAsync
    · PopAsync
    · PopToRootAsync
    · Modal stack:
    · PushModalAsync
    · PopModalAsync
    · PushModalAsync NavigationPage
    · MasterDetail:
    · Toggle MasterDetail MainPage
]]></output>
        </test-case>
        <test-case id="1-1025" name="TestPopToRootEvent" fullname="Tests.NavigationTests.TestPopToRootEvent" methodname="TestPopToRootEvent" classname="Tests.NavigationTests" runstate="Ignored" seed="1413083542" result="Skipped" label="Ignored" start-time="2017-06-16 04:29:36Z" end-time="2017-06-16 04:29:36Z" duration="0.000545" asserts="0">
          <properties>
            <property name="_SKIPREASON" value="Not working yet" />
          </properties>
          <reason>
            <message><![CDATA[Not working yet]]></message>
          </reason>
        </test-case>
        <test-case id="1-1026" name="ToggleMainPageBetweenMasterDetailAndNavigation" fullname="Tests.NavigationTests.ToggleMainPageBetweenMasterDetailAndNavigation" methodname="ToggleMainPageBetweenMasterDetailAndNavigation" classname="Tests.NavigationTests" runstate="Runnable" seed="1547192524" result="Passed" start-time="2017-06-16 04:29:36Z" end-time="2017-06-16 04:29:36Z" duration="0.004100" asserts="18">
          <output><![CDATA[disappearing: Navigation demo
appearing: Element demo
· Element demo [ToolbarItem]
  · 
    · 
      · Button
      · Label
      · 
        · label in tap-able layout
      · 
        · Cell A
        · Cell B
        · Cell C
        · Cell D
      · 
      · editor content
      · bound text 2
]]></output>
        </test-case>
      </test-suite>
      <test-suite type="TestFixture" id="1-1015" name="ReflectionTests" fullname="Tests.ReflectionTests" classname="Tests.ReflectionTests" runstate="Runnable" testcasecount="1" result="Passed" start-time="2017-06-16 04:29:36Z" end-time="2017-06-16 04:29:36Z" duration="0.106431" total="1" passed="1" failed="0" warnings="0" inconclusive="0" skipped="0" asserts="0">
        <test-case id="1-1016" name="ScanForSendMethods" fullname="Tests.ReflectionTests.ScanForSendMethods" methodname="ScanForSendMethods" classname="Tests.ReflectionTests" runstate="Runnable" seed="1665209880" result="Passed" start-time="2017-06-16 04:29:36Z" end-time="2017-06-16 04:29:36Z" duration="0.103783" asserts="0">
          <output><![CDATA[Application: SendOnAppLinkRequestReceived
Application: SendResume
Application: SendSleepAsync
Application: SendStart
EntryCell: SendCompleted
EntryCell: SendAppearing
EntryCell: SendDisappearing
ICellController: SendAppearing
ICellController: SendDisappearing
IEntryCellController: SendCompleted
ImageCell: SendAppearing
ImageCell: SendDisappearing
IEditorController: SendCompleted
IWebViewController: SendNavigated
IWebViewController: SendNavigating
INavigationMenuController: SendTargetSelected
Effect: SendAttached
Effect: SendDetached
Effect: SendOnElementPropertyChanged
IEntryController: SendCompleted
IButtonController: SendClicked
IButtonController: SendPressed
IButtonController: SendReleased
IListViewController: NotifyRowTapped
IListViewController: NotifyRowTapped
IListViewController: SendCellAppearing
IListViewController: SendCellDisappearing
IListViewController: SendRefreshing
IPageController: SendAppearing
IPageController: SendDisappearing
IPanGestureController: SendPan
IPanGestureController: SendPanCanceled
IPanGestureController: SendPanCompleted
IPanGestureController: SendPanStarted
IPinchGestureController: SendPinch
IPinchGestureController: SendPinchCanceled
IPinchGestureController: SendPinchEnded
IPinchGestureController: SendPinchStarted
IScrollViewController: SendScrollFinished
NullEffect: SendAttached
NullEffect: SendDetached
NullEffect: SendOnElementPropertyChanged
PanGestureRecognizer: SendPan
PanGestureRecognizer: SendPanCanceled
PanGestureRecognizer: SendPanCompleted
PanGestureRecognizer: SendPanStarted
PlatformEffect`2: SendDetached
PlatformEffect`2: SendOnElementPropertyChanged
PlatformEffect`2: SendAttached
RoutingEffect: SendAttached
RoutingEffect: SendDetached
RoutingEffect: SendOnElementPropertyChanged
TapGestureRecognizer: SendTapped
TemplatedPage: SendBackButtonPressed
TemplatedPage: SendAppearing
TemplatedPage: SendDisappearing
NavigationPage: SendBackButtonPressed
NavigationPage: SendAppearing
NavigationPage: SendDisappearing
Page: SendBackButtonPressed
Page: SendAppearing
Page: SendDisappearing
CarouselPage: SendBackButtonPressed
CarouselPage: SendAppearing
CarouselPage: SendDisappearing
IMessagingCenter: Send
IMessagingCenter: Send
MessagingCenter: Send
MessagingCenter: Xamarin.Forms.IMessagingCenter.Send
MessagingCenter: Send
MessagingCenter: Xamarin.Forms.IMessagingCenter.Send
MessagingCenter: InnerSend
Cell: SendAppearing
Cell: SendDisappearing
SwitchCell: SendAppearing
SwitchCell: SendDisappearing
TextCell: SendAppearing
TextCell: SendDisappearing
ViewCell: SendAppearing
ViewCell: SendDisappearing
ListView: SendCellAppearing
ListView: SendCellDisappearing
ListView: SendRefreshing
ListView: NotifyRowTapped
ListView: NotifyRowTapped
Button: SendClicked
Button: SendPressed
Button: SendReleased
Editor: SendCompleted
Entry: SendCompleted
MasterDetailPage: SendBackButtonPressed
MasterDetailPage: SendAppearing
MasterDetailPage: SendDisappearing
ScrollView: SendScrollFinished
TabbedPage: SendBackButtonPressed
TabbedPage: SendAppearing
TabbedPage: SendDisappearing
WebView: SendNavigated
WebView: SendNavigating
ContentPage: SendBackButtonPressed
ContentPage: SendAppearing
ContentPage: SendDisappearing
MultiPage`1: SendBackButtonPressed
MultiPage`1: SendAppearing
MultiPage`1: SendDisappearing
PinchGestureRecognizer: SendPinch
PinchGestureRecognizer: SendPinchCanceled
PinchGestureRecognizer: SendPinchEnded
PinchGestureRecognizer: SendPinchStarted
Application: GetSendDisappearingEventOnPause
Application: SetSendDisappearingEventOnPause
Application: GetSendDisappearingEventOnPause
Application: SendDisappearingEventOnPause
Application: GetSendAppearingEventOnResume
Application: SetSendAppearingEventOnResume
Application: GetSendAppearingEventOnResume
Application: SendAppearingEventOnResume
LockableObservableListWrapper: System.Collections.Specialized.INotifyCollectionChanged.add_CollectionChanged
LockableObservableListWrapper: System.Collections.Specialized.INotifyCollectionChanged.remove_CollectionChanged
LockableObservableListWrapper: System.ComponentModel.INotifyPropertyChanged.add_PropertyChanged
LockableObservableListWrapper: System.ComponentModel.INotifyPropertyChanged.remove_PropertyChanged
Ticker: SendSignals
NavigationMenu: SendTargetSelected
<>c__DisplayClass14_0: <SendSignals>b__0
· Navigation demo 
  · 
    · Navigation stack:
    · PushAsync
    · PopAsync
    · PopToRootAsync
    · Modal stack:
    · PushModalAsync
    · PopModalAsync
    · PushModalAsync NavigationPage
    · MasterDetail:
    · Toggle MasterDetail MainPage
]]></output>
        </test-case>
      </test-suite>
      <test-suite type="TestFixture" id="1-1012" name="RendererTests" fullname="Tests.RendererTests" classname="Tests.RendererTests" runstate="Runnable" testcasecount="2" result="Passed" start-time="2017-06-16 04:29:36Z" end-time="2017-06-16 04:29:36Z" duration="0.008711" total="2" passed="2" failed="0" warnings="0" inconclusive="0" skipped="0" asserts="9">
        <test-case id="1-1013" name="TestAlertRendering" fullname="Tests.RendererTests.TestAlertRendering" methodname="TestAlertRendering" classname="Tests.RendererTests" runstate="Runnable" seed="1947785867" result="Passed" start-time="2017-06-16 04:29:36Z" end-time="2017-06-16 04:29:36Z" duration="0.001329" asserts="4">
          <output><![CDATA[Alert
Message

[] [Ok]
]]></output>
        </test-case>
        <test-case id="1-1014" name="TestElementRendering" fullname="Tests.RendererTests.TestElementRendering" methodname="TestElementRendering" classname="Tests.RendererTests" runstate="Runnable" seed="379121544" result="Passed" start-time="2017-06-16 04:29:36Z" end-time="2017-06-16 04:29:36Z" duration="0.000772" asserts="5">
          <output><![CDATA[disappearing: Navigation demo
appearing: Element demo
· Element demo [ToolbarItem]
  · 
    · 
      · Button
      · Label
      · 
        · label in tap-able layout
      · 
        · Cell A
        · Cell B
        · Cell C
        · Cell D
      · some text input
      · editor content
      · bound text 2
]]></output>
        </test-case>
      </test-suite>
      <test-suite type="TestFixture" id="1-1028" name="ToolingTests" fullname="Tests.ToolingTests" classname="Tests.ToolingTests" runstate="Runnable" testcasecount="2" result="Passed" start-time="2017-06-16 04:29:36Z" end-time="2017-06-16 04:29:36Z" duration="0.006956" total="2" passed="2" failed="0" warnings="0" inconclusive="0" skipped="0" asserts="11">
        <test-case id="1-1029" name="TestShouldSee" fullname="Tests.ToolingTests.TestShouldSee" methodname="TestShouldSee" classname="Tests.ToolingTests" runstate="Runnable" seed="921197039" result="Passed" start-time="2017-06-16 04:29:36Z" end-time="2017-06-16 04:29:36Z" duration="0.000660" asserts="4">
          <output><![CDATA[disappearing: Navigation demo
appearing: Navigation demo
· Navigation demo 
  · 
    · Navigation stack:
    · PushAsync
    · PopAsync
    · PopToRootAsync
    · Modal stack:
    · PushModalAsync
    · PopModalAsync
    · PushModalAsync NavigationPage
    · MasterDetail:
    · Toggle MasterDetail MainPage
]]></output>
        </test-case>
        <test-case id="1-1030" name="TestTap" fullname="Tests.ToolingTests.TestTap" methodname="TestTap" classname="Tests.ToolingTests" runstate="Runnable" seed="1411868864" result="Passed" start-time="2017-06-16 04:29:36Z" end-time="2017-06-16 04:29:36Z" duration="0.001563" asserts="7">
          <output><![CDATA[disappearing: Navigation demo
appearing: Navigation demo
· Navigation demo 
  · 
    · Navigation stack:
    · PushAsync
    · PopAsync
    · PopToRootAsync
    · Modal stack:
    · PushModalAsync
    · PopModalAsync
    · PushModalAsync NavigationPage
    · MasterDetail:
    · Toggle MasterDetail MainPage
]]></output>
        </test-case>
      </test-suite>
    </test-suite>
  </test-suite>
</test-run>