<?xml version="1.0" encoding="utf-8" standalone="no"?>
<test-run id="2" testcasecount="31" result="Passed" total="31" passed="31" failed="0" inconclusive="0" skipped="0" asserts="174" engine-version="3.6.1.0" clr-version="4.0.30319.42000" start-time="2017-06-20 15:25:54Z" end-time="2017-06-20 15:25:57Z" duration="3.388914">
  <command-line><![CDATA[/Users/rodja/Projects/userflow/packages/NUnit.ConsoleRunner.3.6.1/tools/nunit3-console.exe -config=Release Tests/Tests.csproj]]></command-line>
  <test-suite type="Assembly" id="1-1036" name="NUnitTest.dll" fullname="/Users/rodja/Projects/userflow/Tests/bin/Release/NUnitTest.dll" runstate="Runnable" testcasecount="31" result="Passed" start-time="2017-06-20 15:25:55Z" end-time="2017-06-20 15:25:57Z" duration="2.504601" total="31" passed="31" failed="0" warnings="0" inconclusive="0" skipped="0" asserts="174">
    <environment framework-version="3.7.1.0" clr-version="4.0.30319.42000" os-version="Unix 16.6.0.0" platform="Unix" cwd="/Users/rodja/Projects/userflow" machine-name="R3.local" user="rodja" user-domain="R3.local" culture="de-DE" uiculture="de-DE" os-architecture="x86" />
    <settings>
      <setting name="BasePath" value="/Users/rodja/Projects/userflow/Tests/bin/Release" />
      <setting name="DisposeRunners" value="True" />
      <setting name="ActiveConfig" value="Release" />
      <setting name="WorkDirectory" value="/Users/rodja/Projects/userflow" />
      <setting name="ImageRuntimeVersion" value="4.0.30319" />
      <setting name="ImageTargetFrameworkName" value=".NETFramework,Version=v4.5" />
      <setting name="ImageRequiresX86" value="False" />
      <setting name="ImageRequiresDefaultAppDomainAssemblyResolver" value="False" />
      <setting name="NumberOfTestWorkers" value="4" />
    </settings>
    <properties>
      <property name="_PID" value="43287" />
      <property name="_APPDOMAIN" value="domain-3026b9a2-Tests.csproj" />
    </properties>
    <test-suite type="TestSuite" id="1-1037" name="Tests" fullname="Tests" runstate="Runnable" testcasecount="31" result="Passed" start-time="2017-06-20 15:25:55Z" end-time="2017-06-20 15:25:57Z" duration="2.489106" total="31" passed="31" failed="0" warnings="0" inconclusive="0" skipped="0" asserts="174">
      <test-suite type="TestFixture" id="1-1000" name="ElementTests" fullname="Tests.ElementTests" classname="Tests.ElementTests" runstate="Runnable" testcasecount="12" result="Passed" start-time="2017-06-20 15:25:55Z" end-time="2017-06-20 15:25:55Z" duration="0.232742" total="12" passed="12" failed="0" warnings="0" inconclusive="0" skipped="0" asserts="56">
        <test-case id="1-1012" name="TestAlert" fullname="Tests.ElementTests.TestAlert" methodname="TestAlert" classname="Tests.ElementTests" runstate="Runnable" seed="1263632834" result="Passed" start-time="2017-06-20 15:25:55Z" end-time="2017-06-20 15:25:55Z" duration="0.146492" asserts="5">
          <output><![CDATA[· Menu 
  · 
    · Menu
    · Navigation
    · Elements
    · ListViews
    · Alert
]]></output>
        </test-case>
        <test-case id="1-1007" name="TestBinding" fullname="Tests.ElementTests.TestBinding" methodname="TestBinding" classname="Tests.ElementTests" runstate="Runnable" seed="1421649215" result="Passed" start-time="2017-06-20 15:25:55Z" end-time="2017-06-20 15:25:55Z" duration="0.002494" asserts="2">
          <output><![CDATA[· Element demo [ToolbarItem]
  · 
    · 
      ·  (searchbar_automation_id)
      · Button
      · Label
      · 
        · label in tap-able layout
      · 
        · Cell A
        · Cell B
        · Cell C
        · Cell D
      ·  (entry_automation_id)
      · editor content (editor_automation_id)
      · bound text 2
      · Countdown
]]></output>
        </test-case>
        <test-case id="1-1002" name="TestButton" fullname="Tests.ElementTests.TestButton" methodname="TestButton" classname="Tests.ElementTests" runstate="Runnable" seed="1217447228" result="Passed" start-time="2017-06-20 15:25:55Z" end-time="2017-06-20 15:25:55Z" duration="0.001998" asserts="4">
          <output><![CDATA[Success
Button tapped

[] [Ok]
]]></output>
        </test-case>
        <test-case id="1-1009" name="TestEditor" fullname="Tests.ElementTests.TestEditor" methodname="TestEditor" classname="Tests.ElementTests" runstate="Runnable" seed="1693399942" result="Passed" start-time="2017-06-20 15:25:55Z" end-time="2017-06-20 15:25:55Z" duration="0.004318" asserts="6">
          <output><![CDATA[· Element demo [ToolbarItem]
  · 
    · 
      ·  (searchbar_automation_id)
      · Button
      · Label
      · 
        · label in tap-able layout
      · 
        · Cell A
        · Cell B
        · Cell C
        · Cell D
      ·  (entry_automation_id)
      · Text2 (editor_automation_id)
      · bound text 2
      · Countdown
]]></output>
        </test-case>
        <test-case id="1-1008" name="TestEntry" fullname="Tests.ElementTests.TestEntry" methodname="TestEntry" classname="Tests.ElementTests" runstate="Runnable" seed="1155062458" result="Passed" start-time="2017-06-20 15:25:55Z" end-time="2017-06-20 15:25:55Z" duration="0.002235" asserts="8">
          <output><![CDATA[· Element demo [ToolbarItem]
  · 
    · 
      ·  (searchbar_automation_id)
      · Button
      · Label
      · 
        · label in tap-able layout
      · 
        · Cell A
        · Cell B
        · Cell C
        · Cell D
      · Text3 (entry_automation_id)
      · editor content (editor_automation_id)
      · bound text 2
      · Countdown
]]></output>
        </test-case>
        <test-case id="1-1005" name="TestGrid" fullname="Tests.ElementTests.TestGrid" methodname="TestGrid" classname="Tests.ElementTests" runstate="Runnable" seed="601785885" result="Passed" start-time="2017-06-20 15:25:55Z" end-time="2017-06-20 15:25:55Z" duration="0.002816" asserts="4">
          <output><![CDATA[Success
Cell D tapped

[] [Ok]
]]></output>
        </test-case>
        <test-case id="1-1006" name="TestInvisible" fullname="Tests.ElementTests.TestInvisible" methodname="TestInvisible" classname="Tests.ElementTests" runstate="Runnable" seed="70783386" result="Passed" start-time="2017-06-20 15:25:55Z" end-time="2017-06-20 15:25:55Z" duration="0.000999" asserts="2">
          <output><![CDATA[· Element demo [ToolbarItem]
  · 
    · 
      ·  (searchbar_automation_id)
      · Button
      · Label
      · 
        · label in tap-able layout
      · 
        · Cell A
        · Cell B
        · Cell C
        · Cell D
      ·  (entry_automation_id)
      · editor content (editor_automation_id)
      · bound text 2
      · Countdown
]]></output>
        </test-case>
        <test-case id="1-1001" name="TestLabel" fullname="Tests.ElementTests.TestLabel" methodname="TestLabel" classname="Tests.ElementTests" runstate="Runnable" seed="1626920920" result="Passed" start-time="2017-06-20 15:25:55Z" end-time="2017-06-20 15:25:55Z" duration="0.001301" asserts="4">
          <output><![CDATA[Success
Label tapped

[] [Ok]
]]></output>
        </test-case>
        <test-case id="1-1004" name="TestListViews" fullname="Tests.ElementTests.TestListViews" methodname="TestListViews" classname="Tests.ElementTests" runstate="Runnable" seed="861410457" result="Passed" start-time="2017-06-20 15:25:55Z" end-time="2017-06-20 15:25:55Z" duration="0.029819" asserts="9">
          <output><![CDATA[Success
Item A2 tapped

[] [Ok]
]]></output>
        </test-case>
        <test-case id="1-1003" name="TestNestedLabel" fullname="Tests.ElementTests.TestNestedLabel" methodname="TestNestedLabel" classname="Tests.ElementTests" runstate="Runnable" seed="1624167030" result="Passed" start-time="2017-06-20 15:25:55Z" end-time="2017-06-20 15:25:55Z" duration="0.002104" asserts="4">
          <output><![CDATA[Success
StackLayout tapped

[] [Ok]
]]></output>
        </test-case>
        <test-case id="1-1011" name="TestSearchbar" fullname="Tests.ElementTests.TestSearchbar" methodname="TestSearchbar" classname="Tests.ElementTests" runstate="Runnable" seed="568717153" result="Passed" start-time="2017-06-20 15:25:55Z" end-time="2017-06-20 15:25:55Z" duration="0.001919" asserts="4">
          <output><![CDATA[· Element demo [ToolbarItem]
  · 
    · 
      · Search Text (searchbar_automation_id)
      · Button
      · Label
      · 
        · label in tap-able layout
      · 
        · Cell A
        · Cell B
        · Cell C
        · Cell D
      ·  (entry_automation_id)
      · editor content (editor_automation_id)
      · bound text 2
      · Countdown
]]></output>
        </test-case>
        <test-case id="1-1010" name="TestToolbarItem" fullname="Tests.ElementTests.TestToolbarItem" methodname="TestToolbarItem" classname="Tests.ElementTests" runstate="Runnable" seed="2070734389" result="Passed" start-time="2017-06-20 15:25:55Z" end-time="2017-06-20 15:25:55Z" duration="0.001263" asserts="4">
          <output><![CDATA[Success
ToolbarItem tapped

[] [Ok]
]]></output>
        </test-case>
      </test-suite>
      <test-suite type="TestFixture" id="1-1018" name="NavigationTests" fullname="Tests.NavigationTests" classname="Tests.NavigationTests" runstate="Runnable" testcasecount="10" result="Passed" start-time="2017-06-20 15:25:55Z" end-time="2017-06-20 15:25:55Z" duration="0.068768" total="10" passed="10" failed="0" warnings="0" inconclusive="0" skipped="0" asserts="72">
        <test-case id="1-1027" name="TestModalPopToRootEvent" fullname="Tests.NavigationTests.TestModalPopToRootEvent" methodname="TestModalPopToRootEvent" classname="Tests.NavigationTests" runstate="Runnable" seed="326415805" result="Passed" start-time="2017-06-20 15:25:55Z" end-time="2017-06-20 15:25:55Z" duration="0.016632" asserts="9">
          <output><![CDATA[· Navigation ^ 
  · 
    · Navigation ^
    · Navigation stack:
    · PushAsync
    · PopAsync
    · PopToRootAsync
    · Modal stack:
    · PushModalAsync
    · PopModalAsync
    · PushModalAsync NavigationPage
    · MasterDetail:
    · Toggle MasterDetail MainPage
]]></output>
        </test-case>
        <test-case id="1-1020" name="TestModalStack" fullname="Tests.NavigationTests.TestModalStack" methodname="TestModalStack" classname="Tests.NavigationTests" runstate="Runnable" seed="1437179840" result="Passed" start-time="2017-06-20 15:25:55Z" end-time="2017-06-20 15:25:55Z" duration="0.007385" asserts="6">
          <output><![CDATA[· Navigation ^ 
  · 
    · Navigation ^
    · Navigation stack:
    · PushAsync
    · PopAsync
    · PopToRootAsync
    · Modal stack:
    · PushModalAsync
    · PopModalAsync
    · PushModalAsync NavigationPage
    · MasterDetail:
    · Toggle MasterDetail MainPage
]]></output>
        </test-case>
        <test-case id="1-1021" name="TestNavigationPageOnModalStack" fullname="Tests.NavigationTests.TestNavigationPageOnModalStack" methodname="TestNavigationPageOnModalStack" classname="Tests.NavigationTests" runstate="Runnable" seed="6716815" result="Passed" start-time="2017-06-20 15:25:55Z" end-time="2017-06-20 15:25:55Z" duration="0.005856" asserts="8">
          <output><![CDATA[· Navigation 
  · 
    · Navigation stack:
    · PushAsync
    · PopAsync
    · PopToRootAsync
    · Modal stack:
    · PushModalAsync
    · PopModalAsync
    · PushModalAsync NavigationPage
    · MasterDetail:
    · Toggle MasterDetail MainPage
]]></output>
        </test-case>
        <test-case id="1-1019" name="TestNavigationStack" fullname="Tests.NavigationTests.TestNavigationStack" methodname="TestNavigationStack" classname="Tests.NavigationTests" runstate="Runnable" seed="343285210" result="Passed" start-time="2017-06-20 15:25:55Z" end-time="2017-06-20 15:25:55Z" duration="0.001856" asserts="6">
          <output><![CDATA[· Navigation > 
  · 
    · Navigation stack:
    · PushAsync
    · PopAsync
    · PopToRootAsync
    · Modal stack:
    · PushModalAsync
    · PopModalAsync
    · PushModalAsync NavigationPage
    · MasterDetail:
    · Toggle MasterDetail MainPage
]]></output>
        </test-case>
        <test-case id="1-1023" name="TestPageAppearingOnAppStart" fullname="Tests.NavigationTests.TestPageAppearingOnAppStart" methodname="TestPageAppearingOnAppStart" classname="Tests.NavigationTests" runstate="Runnable" seed="1874426308" result="Passed" start-time="2017-06-20 15:25:55Z" end-time="2017-06-20 15:25:55Z" duration="0.000555" asserts="1">
          <output><![CDATA[· Navigation 
  · 
    · Navigation stack:
    · PushAsync
    · PopAsync
    · PopToRootAsync
    · Modal stack:
    · PushModalAsync
    · PopModalAsync
    · PushModalAsync NavigationPage
    · MasterDetail:
    · Toggle MasterDetail MainPage
]]></output>
        </test-case>
        <test-case id="1-1025" name="TestPageDisAppearingOnMenuChange" fullname="Tests.NavigationTests.TestPageDisAppearingOnMenuChange" methodname="TestPageDisAppearingOnMenuChange" classname="Tests.NavigationTests" runstate="Runnable" seed="1723534110" result="Passed" start-time="2017-06-20 15:25:55Z" end-time="2017-06-20 15:25:55Z" duration="0.001204" asserts="6">
          <output><![CDATA[· Navigation 
  · 
    · Navigation stack:
    · PushAsync
    · PopAsync
    · PopToRootAsync
    · Modal stack:
    · PushModalAsync
    · PopModalAsync
    · PushModalAsync NavigationPage
    · MasterDetail:
    · Toggle MasterDetail MainPage
]]></output>
        </test-case>
        <test-case id="1-1024" name="TestPageDisAppearingOnPushPop" fullname="Tests.NavigationTests.TestPageDisAppearingOnPushPop" methodname="TestPageDisAppearingOnPushPop" classname="Tests.NavigationTests" runstate="Runnable" seed="778042213" result="Passed" start-time="2017-06-20 15:25:55Z" end-time="2017-06-20 15:25:55Z" duration="0.006554" asserts="7">
          <output><![CDATA[· Navigation ^ 
  · 
    · Navigation ^
    · Navigation stack:
    · PushAsync
    · PopAsync
    · PopToRootAsync
    · Modal stack:
    · PushModalAsync
    · PopModalAsync
    · PushModalAsync NavigationPage
    · MasterDetail:
    · Toggle MasterDetail MainPage
]]></output>
        </test-case>
        <test-case id="1-1022" name="TestPopToRoot" fullname="Tests.NavigationTests.TestPopToRoot" methodname="TestPopToRoot" classname="Tests.NavigationTests" runstate="Runnable" seed="794139220" result="Passed" start-time="2017-06-20 15:25:55Z" end-time="2017-06-20 15:25:55Z" duration="0.001453" asserts="8">
          <output><![CDATA[· Navigation 
  · 
    · Navigation stack:
    · PushAsync
    · PopAsync
    · PopToRootAsync
    · Modal stack:
    · PushModalAsync
    · PopModalAsync
    · PushModalAsync NavigationPage
    · MasterDetail:
    · Toggle MasterDetail MainPage
]]></output>
        </test-case>
        <test-case id="1-1026" name="TestPopToRootEvent" fullname="Tests.NavigationTests.TestPopToRootEvent" methodname="TestPopToRootEvent" classname="Tests.NavigationTests" runstate="Runnable" seed="1759647079" result="Passed" start-time="2017-06-20 15:25:55Z" end-time="2017-06-20 15:25:55Z" duration="0.000874" asserts="6">
          <output><![CDATA[· Navigation 
  · 
    · Navigation stack:
    · PushAsync
    · PopAsync
    · PopToRootAsync
    · Modal stack:
    · PushModalAsync
    · PopModalAsync
    · PushModalAsync NavigationPage
    · MasterDetail:
    · Toggle MasterDetail MainPage
]]></output>
        </test-case>
        <test-case id="1-1028" name="ToggleMainPageBetweenMasterDetailAndNavigation" fullname="Tests.NavigationTests.ToggleMainPageBetweenMasterDetailAndNavigation" methodname="ToggleMainPageBetweenMasterDetailAndNavigation" classname="Tests.NavigationTests" runstate="Runnable" seed="735783655" result="Passed" start-time="2017-06-20 15:25:55Z" end-time="2017-06-20 15:25:55Z" duration="0.002874" asserts="15">
          <output><![CDATA[· Element demo [ToolbarItem]
  · 
    · 
      ·  (searchbar_automation_id)
      · Button
      · Label
      · 
        · label in tap-able layout
      · 
        · Cell A
        · Cell B
        · Cell C
        · Cell D
      ·  (entry_automation_id)
      · editor content (editor_automation_id)
      · bound text 2
      · Countdown
]]></output>
        </test-case>
      </test-suite>
      <test-suite type="TestFixture" id="1-1016" name="ReflectionTests" fullname="Tests.ReflectionTests" classname="Tests.ReflectionTests" runstate="Runnable" testcasecount="1" result="Passed" start-time="2017-06-20 15:25:55Z" end-time="2017-06-20 15:25:55Z" duration="0.111688" total="1" passed="1" failed="0" warnings="0" inconclusive="0" skipped="0" asserts="0">
        <test-case id="1-1017" name="ScanForSendMethods" fullname="Tests.ReflectionTests.ScanForSendMethods" methodname="ScanForSendMethods" classname="Tests.ReflectionTests" runstate="Runnable" seed="2030031120" result="Passed" start-time="2017-06-20 15:25:55Z" end-time="2017-06-20 15:25:55Z" duration="0.109064" asserts="0">
          <output><![CDATA[Application: SendOnAppLinkRequestReceived
Application: SendResume
Application: SendSleepAsync
Application: SendStart
EntryCell: SendCompleted
EntryCell: SendAppearing
EntryCell: SendDisappearing
ICellController: SendAppearing
ICellController: SendDisappearing
IEntryCellController: SendCompleted
ImageCell: SendAppearing
ImageCell: SendDisappearing
IEditorController: SendCompleted
IWebViewController: SendNavigated
IWebViewController: SendNavigating
INavigationMenuController: SendTargetSelected
Effect: SendAttached
Effect: SendDetached
Effect: SendOnElementPropertyChanged
IEntryController: SendCompleted
IButtonController: SendClicked
IButtonController: SendPressed
IButtonController: SendReleased
IListViewController: NotifyRowTapped
IListViewController: NotifyRowTapped
IListViewController: SendCellAppearing
IListViewController: SendCellDisappearing
IListViewController: SendRefreshing
IPageController: SendAppearing
IPageController: SendDisappearing
IPanGestureController: SendPan
IPanGestureController: SendPanCanceled
IPanGestureController: SendPanCompleted
IPanGestureController: SendPanStarted
IPinchGestureController: SendPinch
IPinchGestureController: SendPinchCanceled
IPinchGestureController: SendPinchEnded
IPinchGestureController: SendPinchStarted
IScrollViewController: SendScrollFinished
NullEffect: SendAttached
NullEffect: SendDetached
NullEffect: SendOnElementPropertyChanged
PanGestureRecognizer: SendPan
PanGestureRecognizer: SendPanCanceled
PanGestureRecognizer: SendPanCompleted
PanGestureRecognizer: SendPanStarted
PlatformEffect`2: SendDetached
PlatformEffect`2: SendOnElementPropertyChanged
PlatformEffect`2: SendAttached
RoutingEffect: SendAttached
RoutingEffect: SendDetached
RoutingEffect: SendOnElementPropertyChanged
TapGestureRecognizer: SendTapped
TemplatedPage: SendBackButtonPressed
TemplatedPage: SendAppearing
TemplatedPage: SendDisappearing
NavigationPage: SendBackButtonPressed
NavigationPage: SendAppearing
NavigationPage: SendDisappearing
Page: SendBackButtonPressed
Page: SendAppearing
Page: SendDisappearing
CarouselPage: SendBackButtonPressed
CarouselPage: SendAppearing
CarouselPage: SendDisappearing
IMessagingCenter: Send
IMessagingCenter: Send
MessagingCenter: Send
MessagingCenter: Xamarin.Forms.IMessagingCenter.Send
MessagingCenter: Send
MessagingCenter: Xamarin.Forms.IMessagingCenter.Send
MessagingCenter: InnerSend
Cell: SendAppearing
Cell: SendDisappearing
SwitchCell: SendAppearing
SwitchCell: SendDisappearing
TextCell: SendAppearing
TextCell: SendDisappearing
ViewCell: SendAppearing
ViewCell: SendDisappearing
ListView: SendCellAppearing
ListView: SendCellDisappearing
ListView: SendRefreshing
ListView: NotifyRowTapped
ListView: NotifyRowTapped
Button: SendClicked
Button: SendPressed
Button: SendReleased
Editor: SendCompleted
Entry: SendCompleted
MasterDetailPage: SendBackButtonPressed
MasterDetailPage: SendAppearing
MasterDetailPage: SendDisappearing
ScrollView: SendScrollFinished
TabbedPage: SendBackButtonPressed
TabbedPage: SendAppearing
TabbedPage: SendDisappearing
WebView: SendNavigated
WebView: SendNavigating
ContentPage: SendBackButtonPressed
ContentPage: SendAppearing
ContentPage: SendDisappearing
MultiPage`1: SendBackButtonPressed
MultiPage`1: SendAppearing
MultiPage`1: SendDisappearing
PinchGestureRecognizer: SendPinch
PinchGestureRecognizer: SendPinchCanceled
PinchGestureRecognizer: SendPinchEnded
PinchGestureRecognizer: SendPinchStarted
Application: GetSendDisappearingEventOnPause
Application: SetSendDisappearingEventOnPause
Application: GetSendDisappearingEventOnPause
Application: SendDisappearingEventOnPause
Application: GetSendAppearingEventOnResume
Application: SetSendAppearingEventOnResume
Application: GetSendAppearingEventOnResume
Application: SendAppearingEventOnResume
LockableObservableListWrapper: System.Collections.Specialized.INotifyCollectionChanged.add_CollectionChanged
LockableObservableListWrapper: System.Collections.Specialized.INotifyCollectionChanged.remove_CollectionChanged
LockableObservableListWrapper: System.ComponentModel.INotifyPropertyChanged.add_PropertyChanged
LockableObservableListWrapper: System.ComponentModel.INotifyPropertyChanged.remove_PropertyChanged
Ticker: SendSignals
NavigationMenu: SendTargetSelected
<>c__DisplayClass14_0: <SendSignals>b__0
· Navigation 
  · 
    · Navigation stack:
    · PushAsync
    · PopAsync
    · PopToRootAsync
    · Modal stack:
    · PushModalAsync
    · PopModalAsync
    · PushModalAsync NavigationPage
    · MasterDetail:
    · Toggle MasterDetail MainPage
]]></output>
        </test-case>
      </test-suite>
      <test-suite type="TestFixture" id="1-1013" name="RendererTests" fullname="Tests.RendererTests" classname="Tests.RendererTests" runstate="Runnable" testcasecount="2" result="Passed" start-time="2017-06-20 15:25:55Z" end-time="2017-06-20 15:25:55Z" duration="0.008207" total="2" passed="2" failed="0" warnings="0" inconclusive="0" skipped="0" asserts="10">
        <test-case id="1-1014" name="TestAlertRendering" fullname="Tests.RendererTests.TestAlertRendering" methodname="TestAlertRendering" classname="Tests.RendererTests" runstate="Runnable" seed="1833817787" result="Passed" start-time="2017-06-20 15:25:55Z" end-time="2017-06-20 15:25:55Z" duration="0.001366" asserts="3">
          <output><![CDATA[Alert
Message

[] [Ok]
]]></output>
        </test-case>
        <test-case id="1-1015" name="TestElementRendering" fullname="Tests.RendererTests.TestElementRendering" methodname="TestElementRendering" classname="Tests.RendererTests" runstate="Runnable" seed="43480860" result="Passed" start-time="2017-06-20 15:25:55Z" end-time="2017-06-20 15:25:55Z" duration="0.001799" asserts="7">
          <output><![CDATA[· Element demo [ToolbarItem]
  · 
    · 
      · search text (searchbar_automation_id)
      · Button
      · Label
      · 
        · label in tap-able layout
      · 
        · Cell A
        · Cell B
        · Cell C
        · Cell D
      · some text input (entry_automation_id)
      · editor content (editor_automation_id)
      · bound text 2
      · Countdown
]]></output>
        </test-case>
      </test-suite>
      <test-suite type="TestFixture" id="1-1029" name="ToolingTests" fullname="Tests.ToolingTests" classname="Tests.ToolingTests" runstate="Runnable" testcasecount="6" result="Passed" start-time="2017-06-20 15:25:55Z" end-time="2017-06-20 15:25:57Z" duration="2.055447" total="6" passed="6" failed="0" warnings="0" inconclusive="0" skipped="0" asserts="36">
        <test-case id="1-1035" name="TestDelay" fullname="Tests.ToolingTests.TestDelay" methodname="TestDelay" classname="Tests.ToolingTests" runstate="Runnable" seed="1509465122" result="Passed" start-time="2017-06-20 15:25:55Z" end-time="2017-06-20 15:25:57Z" duration="2.018372" asserts="11">
          <output><![CDATA[· Element demo [ToolbarItem]
  · 
    · 
      ·  (searchbar_automation_id)
      · Button
      · Label
      · 
        · label in tap-able layout
      · 
        · Cell A
        · Cell B
        · Cell C
        · Cell D
      ·  (entry_automation_id)
      · editor content (editor_automation_id)
      · bound text 2
      · 3
]]></output>
        </test-case>
        <test-case id="1-1034" name="TestFind" fullname="Tests.ToolingTests.TestFind" methodname="TestFind" classname="Tests.ToolingTests" runstate="Runnable" seed="284297544" result="Passed" start-time="2017-06-20 15:25:57Z" end-time="2017-06-20 15:25:57Z" duration="0.003788" asserts="5">
          <output><![CDATA[· Navigation 
  · 
    · Navigation stack:
    · PushAsync
    · PopAsync
    · PopToRootAsync
    · Modal stack:
    · PushModalAsync
    · PopModalAsync
    · PushModalAsync NavigationPage
    · MasterDetail:
    · Toggle MasterDetail MainPage
]]></output>
        </test-case>
        <test-case id="1-1030" name="TestShouldSee" fullname="Tests.ToolingTests.TestShouldSee" methodname="TestShouldSee" classname="Tests.ToolingTests" runstate="Runnable" seed="833918470" result="Passed" start-time="2017-06-20 15:25:57Z" end-time="2017-06-20 15:25:57Z" duration="0.000806" asserts="2">
          <output><![CDATA[· Navigation 
  · 
    · Navigation stack:
    · PushAsync
    · PopAsync
    · PopToRootAsync
    · Modal stack:
    · PushModalAsync
    · PopModalAsync
    · PushModalAsync NavigationPage
    · MasterDetail:
    · Toggle MasterDetail MainPage
]]></output>
        </test-case>
        <test-case id="1-1031" name="TestTap" fullname="Tests.ToolingTests.TestTap" methodname="TestTap" classname="Tests.ToolingTests" runstate="Runnable" seed="436114755" result="Passed" start-time="2017-06-20 15:25:57Z" end-time="2017-06-20 15:25:57Z" duration="0.001096" asserts="6">
          <output><![CDATA[· Navigation 
  · 
    · Navigation stack:
    · PushAsync
    · PopAsync
    · PopToRootAsync
    · Modal stack:
    · PushModalAsync
    · PopModalAsync
    · PushModalAsync NavigationPage
    · MasterDetail:
    · Toggle MasterDetail MainPage
]]></output>
        </test-case>
        <test-case id="1-1032" name="TestTapFailsForNotTappableElements" fullname="Tests.ToolingTests.TestTapFailsForNotTappableElements" methodname="TestTapFailsForNotTappableElements" classname="Tests.ToolingTests" runstate="Runnable" seed="1185862635" result="Passed" start-time="2017-06-20 15:25:57Z" end-time="2017-06-20 15:25:57Z" duration="0.002567" asserts="3">
          <output><![CDATA[· Navigation 
  · 
    · Navigation stack:
    · PushAsync
    · PopAsync
    · PopToRootAsync
    · Modal stack:
    · PushModalAsync
    · PopModalAsync
    · PushModalAsync NavigationPage
    · MasterDetail:
    · Toggle MasterDetail MainPage
]]></output>
        </test-case>
        <test-case id="1-1033" name="TestTapNth" fullname="Tests.ToolingTests.TestTapNth" methodname="TestTapNth" classname="Tests.ToolingTests" runstate="Runnable" seed="1885081441" result="Passed" start-time="2017-06-20 15:25:57Z" end-time="2017-06-20 15:25:57Z" duration="0.014717" asserts="9">
          <output><![CDATA[Success
Label tapped

[] [Ok]
]]></output>
        </test-case>
      </test-suite>
    </test-suite>
  </test-suite>
</test-run>