<?xml version="1.0" encoding="utf-8" standalone="no"?>
<test-run id="2" testcasecount="38" result="Passed" total="38" passed="38" failed="0" inconclusive="0" skipped="0" asserts="202" engine-version="3.7.0.0" clr-version="4.0.30319.42000" start-time="2017-07-20 05:18:48Z" end-time="2017-07-20 05:18:51Z" duration="3.470781">
  <command-line><![CDATA[/Users/falko/Projects/quicktest/packages/NUnit.ConsoleRunner.3.7.0/tools/nunit3-console.exe -config=Release Tests/Tests.csproj]]></command-line>
  <test-suite type="Assembly" id="1-1045" name="NUnitTest.dll" fullname="/Users/falko/Projects/quicktest/Tests/bin/Release/NUnitTest.dll" runstate="Runnable" testcasecount="38" result="Passed" start-time="2017-07-20 05:18:49Z" end-time="2017-07-20 05:18:51Z" duration="2.577714" total="38" passed="38" failed="0" warnings="0" inconclusive="0" skipped="0" asserts="202">
    <environment framework-version="3.7.1.0" clr-version="4.0.30319.42000" os-version="Unix 16.6.0.0" platform="Unix" cwd="/Users/falko/Projects/quicktest" machine-name="Falkos-MacBook-Pro.local" user="falko" user-domain="Falkos-MacBook-Pro.local" culture="en-US" uiculture="en-US" os-architecture="x86" />
    <settings>
      <setting name="BasePath" value="/Users/falko/Projects/quicktest/Tests/bin/Release" />
      <setting name="DisposeRunners" value="True" />
      <setting name="ActiveConfig" value="Release" />
      <setting name="WorkDirectory" value="/Users/falko/Projects/quicktest" />
      <setting name="ImageRuntimeVersion" value="4.0.30319" />
      <setting name="ImageTargetFrameworkName" value=".NETFramework,Version=v4.5" />
      <setting name="ImageRequiresX86" value="False" />
      <setting name="ImageRequiresDefaultAppDomainAssemblyResolver" value="False" />
      <setting name="NumberOfTestWorkers" value="4" />
    </settings>
    <properties>
      <property name="_PID" value="80318" />
      <property name="_APPDOMAIN" value="domain-3026b9a2-Tests.csproj" />
    </properties>
    <test-suite type="TestSuite" id="1-1046" name="Tests" fullname="Tests" runstate="Runnable" testcasecount="38" result="Passed" start-time="2017-07-20 05:18:49Z" end-time="2017-07-20 05:18:51Z" duration="2.563415" total="38" passed="38" failed="0" warnings="0" inconclusive="0" skipped="0" asserts="202">
      <test-suite type="TestFixture" id="1-1038" name="BindingTests" fullname="Tests.BindingTests" classname="Tests.BindingTests" runstate="Runnable" testcasecount="1" result="Passed" start-time="2017-07-20 05:18:49Z" end-time="2017-07-20 05:18:49Z" duration="0.148510" total="1" passed="1" failed="0" warnings="0" inconclusive="0" skipped="0" asserts="2">
        <test-case id="1-1039" name="TestBinding" fullname="Tests.BindingTests.TestBinding" methodname="TestBinding" classname="Tests.BindingTests" runstate="Runnable" seed="364994899" result="Passed" start-time="2017-07-20 05:18:49Z" end-time="2017-07-20 05:18:49Z" duration="0.138182" asserts="2">
          <output><![CDATA[· Binding demo 
  · 
    · 
      · updated bound text
]]></output>
        </test-case>
      </test-suite>
      <test-suite type="TestFixture" id="1-1000" name="ElementTests" fullname="Tests.ElementTests" classname="Tests.ElementTests" runstate="Runnable" testcasecount="11" result="Passed" start-time="2017-07-20 05:18:49Z" end-time="2017-07-20 05:18:49Z" duration="0.073295" total="11" passed="11" failed="0" warnings="0" inconclusive="0" skipped="0" asserts="47">
        <test-case id="1-1011" name="TestAlert" fullname="Tests.ElementTests.TestAlert" methodname="TestAlert" classname="Tests.ElementTests" runstate="Runnable" seed="1519715647" result="Passed" start-time="2017-07-20 05:18:49Z" end-time="2017-07-20 05:18:49Z" duration="0.022661" asserts="5">
          <output><![CDATA[· Menu 
  · 
    · Menu
    · Navigation
    · Elements
    · ListViews
    · Binding
    · Alert
]]></output>
        </test-case>
        <test-case id="1-1002" name="TestButton" fullname="Tests.ElementTests.TestButton" methodname="TestButton" classname="Tests.ElementTests" runstate="Runnable" seed="1327061400" result="Passed" start-time="2017-07-20 05:18:49Z" end-time="2017-07-20 05:18:49Z" duration="0.002143" asserts="4">
          <output><![CDATA[Success
Button tapped

[] [Ok]
]]></output>
        </test-case>
        <test-case id="1-1008" name="TestEditor" fullname="Tests.ElementTests.TestEditor" methodname="TestEditor" classname="Tests.ElementTests" runstate="Runnable" seed="1680363782" result="Passed" start-time="2017-07-20 05:18:49Z" end-time="2017-07-20 05:18:49Z" duration="0.003192" asserts="6">
          <output><![CDATA[· Element demo [ToolbarItem]
  · 
    · 
      ·  (searchbar_automation_id)
      · Button
      · Label
      · 
        · label in tap-able layout
      · 
        · Cell A
        · Cell B
        · Cell C
        · Cell D
      · 
        · label within ContentView
      ·  (entry_automation_id)
      · Text2 (editor_automation_id)
      · Countdown
]]></output>
        </test-case>
        <test-case id="1-1007" name="TestEntry" fullname="Tests.ElementTests.TestEntry" methodname="TestEntry" classname="Tests.ElementTests" runstate="Runnable" seed="2130665126" result="Passed" start-time="2017-07-20 05:18:49Z" end-time="2017-07-20 05:18:49Z" duration="0.001452" asserts="8">
          <output><![CDATA[· Element demo [ToolbarItem]
  · 
    · 
      ·  (searchbar_automation_id)
      · Button
      · Label
      · 
        · label in tap-able layout
      · 
        · Cell A
        · Cell B
        · Cell C
        · Cell D
      · 
        · label within ContentView
      · Text3 (entry_automation_id)
      · editor content (editor_automation_id)
      · Countdown
]]></output>
        </test-case>
        <test-case id="1-1004" name="TestGrid" fullname="Tests.ElementTests.TestGrid" methodname="TestGrid" classname="Tests.ElementTests" runstate="Runnable" seed="1155872020" result="Passed" start-time="2017-07-20 05:18:49Z" end-time="2017-07-20 05:18:49Z" duration="0.002401" asserts="4">
          <output><![CDATA[Success
Cell D tapped

[] [Ok]
]]></output>
        </test-case>
        <test-case id="1-1006" name="TestInvisible" fullname="Tests.ElementTests.TestInvisible" methodname="TestInvisible" classname="Tests.ElementTests" runstate="Runnable" seed="113862361" result="Passed" start-time="2017-07-20 05:18:49Z" end-time="2017-07-20 05:18:49Z" duration="0.001265" asserts="2">
          <output><![CDATA[· Element demo [ToolbarItem]
  · 
    · 
      ·  (searchbar_automation_id)
      · Button
      · Label
      · 
        · label in tap-able layout
      · 
        · Cell A
        · Cell B
        · Cell C
        · Cell D
      · 
        · label within ContentView
      ·  (entry_automation_id)
      · editor content (editor_automation_id)
      · Countdown
]]></output>
        </test-case>
        <test-case id="1-1001" name="TestLabel" fullname="Tests.ElementTests.TestLabel" methodname="TestLabel" classname="Tests.ElementTests" runstate="Runnable" seed="66977009" result="Passed" start-time="2017-07-20 05:18:49Z" end-time="2017-07-20 05:18:49Z" duration="0.001475" asserts="4">
          <output><![CDATA[Success
Label tapped

[] [Ok]
]]></output>
        </test-case>
        <test-case id="1-1005" name="TestLabelWithinContentView" fullname="Tests.ElementTests.TestLabelWithinContentView" methodname="TestLabelWithinContentView" classname="Tests.ElementTests" runstate="Runnable" seed="357682403" result="Passed" start-time="2017-07-20 05:18:49Z" end-time="2017-07-20 05:18:49Z" duration="0.000897" asserts="2">
          <output><![CDATA[· Element demo [ToolbarItem]
  · 
    · 
      ·  (searchbar_automation_id)
      · Button
      · Label
      · 
        · label in tap-able layout
      · 
        · Cell A
        · Cell B
        · Cell C
        · Cell D
      · 
        · label within ContentView
      ·  (entry_automation_id)
      · editor content (editor_automation_id)
      · Countdown
]]></output>
        </test-case>
        <test-case id="1-1003" name="TestNestedLabel" fullname="Tests.ElementTests.TestNestedLabel" methodname="TestNestedLabel" classname="Tests.ElementTests" runstate="Runnable" seed="1267883930" result="Passed" start-time="2017-07-20 05:18:49Z" end-time="2017-07-20 05:18:49Z" duration="0.001083" asserts="4">
          <output><![CDATA[Success
StackLayout tapped

[] [Ok]
]]></output>
        </test-case>
        <test-case id="1-1010" name="TestSearchbar" fullname="Tests.ElementTests.TestSearchbar" methodname="TestSearchbar" classname="Tests.ElementTests" runstate="Runnable" seed="1029286701" result="Passed" start-time="2017-07-20 05:18:49Z" end-time="2017-07-20 05:18:49Z" duration="0.009265" asserts="4">
          <output><![CDATA[· Element demo [ToolbarItem]
  · 
    · 
      · Search Text (searchbar_automation_id)
      · Button
      · Label
      · 
        · label in tap-able layout
      · 
        · Cell A
        · Cell B
        · Cell C
        · Cell D
      · 
        · label within ContentView
      ·  (entry_automation_id)
      · editor content (editor_automation_id)
      · Countdown
]]></output>
        </test-case>
        <test-case id="1-1009" name="TestToolbarItem" fullname="Tests.ElementTests.TestToolbarItem" methodname="TestToolbarItem" classname="Tests.ElementTests" runstate="Runnable" seed="724088994" result="Passed" start-time="2017-07-20 05:18:49Z" end-time="2017-07-20 05:18:49Z" duration="0.000960" asserts="4">
          <output><![CDATA[Success
ToolbarItem tapped

[] [Ok]
]]></output>
        </test-case>
      </test-suite>
      <test-suite type="TestFixture" id="1-1040" name="ListViewTests" fullname="Tests.ListViewTests" classname="Tests.ListViewTests" runstate="Runnable" testcasecount="4" result="Passed" start-time="2017-07-20 05:18:49Z" end-time="2017-07-20 05:18:49Z" duration="0.062411" total="4" passed="4" failed="0" warnings="0" inconclusive="0" skipped="0" asserts="20">
        <test-case id="1-1044" name="TestGroups" fullname="Tests.ListViewTests.TestGroups" methodname="TestGroups" classname="Tests.ListViewTests" runstate="Runnable" seed="163966443" result="Passed" start-time="2017-07-20 05:18:49Z" end-time="2017-07-20 05:18:49Z" duration="0.043621" asserts="5">
          <output><![CDATA[· ListView demo 
  · 
    · - Item A1
      - Item B1
      - Item C1
      
    · - · Item A2
      - · Item B2
      - · Item C2
      
    · - · Item A3
      - · Item B3
      - · Item C3
      
    · - · A4
      - · B4
      - · C4
      - · A5
      - · B5
      - · C5
]]></output>
        </test-case>
        <test-case id="1-1043" name="TestItemViewCell" fullname="Tests.ListViewTests.TestItemViewCell" methodname="TestItemViewCell" classname="Tests.ListViewTests" runstate="Runnable" seed="752368788" result="Passed" start-time="2017-07-20 05:18:49Z" end-time="2017-07-20 05:18:49Z" duration="0.003433" asserts="5">
          <output><![CDATA[· ListView demo 
  · 
    · - Item A1
      - Item B1
      - Item C1
      
    · - · Item A2
      - · Item B2
      - · Item C2
      
    · - · Item A3
      - · Item B3
      - · Item C3
      
    · - · A4
      - · B4
      - · C4
      - · A5
      - · B5
      - · C5
]]></output>
        </test-case>
        <test-case id="1-1042" name="TestStringViewCell" fullname="Tests.ListViewTests.TestStringViewCell" methodname="TestStringViewCell" classname="Tests.ListViewTests" runstate="Runnable" seed="1383319843" result="Passed" start-time="2017-07-20 05:18:49Z" end-time="2017-07-20 05:18:49Z" duration="0.002770" asserts="5">
          <output><![CDATA[· ListView demo 
  · 
    · - Item A1
      - Item B1
      - Item C1
      
    · - · Item A2
      - · Item B2
      - · Item C2
      
    · - · Item A3
      - · Item B3
      - · Item C3
      
    · - · A4
      - · B4
      - · C4
      - · A5
      - · B5
      - · C5
]]></output>
        </test-case>
        <test-case id="1-1041" name="TestTextCell" fullname="Tests.ListViewTests.TestTextCell" methodname="TestTextCell" classname="Tests.ListViewTests" runstate="Runnable" seed="366186774" result="Passed" start-time="2017-07-20 05:18:49Z" end-time="2017-07-20 05:18:49Z" duration="0.003019" asserts="5">
          <output><![CDATA[· ListView demo 
  · 
    · - Item A1
      - Item B1
      - Item C1
      
    · - · Item A2
      - · Item B2
      - · Item C2
      
    · - · Item A3
      - · Item B3
      - · Item C3
      
    · - · A4
      - · B4
      - · C4
      - · A5
      - · B5
      - · C5
]]></output>
        </test-case>
      </test-suite>
      <test-suite type="TestFixture" id="1-1017" name="NavigationTests" fullname="Tests.NavigationTests" classname="Tests.NavigationTests" runstate="Runnable" testcasecount="10" result="Passed" start-time="2017-07-20 05:18:49Z" end-time="2017-07-20 05:18:49Z" duration="0.063033" total="10" passed="10" failed="0" warnings="0" inconclusive="0" skipped="0" asserts="75">
        <test-case id="1-1026" name="TestModalPopToRootEvent" fullname="Tests.NavigationTests.TestModalPopToRootEvent" methodname="TestModalPopToRootEvent" classname="Tests.NavigationTests" runstate="Runnable" seed="1197611361" result="Passed" start-time="2017-07-20 05:18:49Z" end-time="2017-07-20 05:18:49Z" duration="0.015118" asserts="9">
          <output><![CDATA[· Navigation ^ 
  · 
    · Navigation ^
    · Navigation stack:
    · PushAsync
    · PopAsync
    · PopToRootAsync
    · Modal stack:
    · PushModalAsync
    · PopModalAsync
    · PushModalAsync NavigationPage
    · MasterDetail:
    · Toggle MasterDetail MainPage
]]></output>
        </test-case>
        <test-case id="1-1019" name="TestModalStack" fullname="Tests.NavigationTests.TestModalStack" methodname="TestModalStack" classname="Tests.NavigationTests" runstate="Runnable" seed="147749268" result="Passed" start-time="2017-07-20 05:18:49Z" end-time="2017-07-20 05:18:49Z" duration="0.007078" asserts="6">
          <output><![CDATA[· Navigation ^ 
  · 
    · Navigation ^
    · Navigation stack:
    · PushAsync
    · PopAsync
    · PopToRootAsync
    · Modal stack:
    · PushModalAsync
    · PopModalAsync
    · PushModalAsync NavigationPage
    · MasterDetail:
    · Toggle MasterDetail MainPage
]]></output>
        </test-case>
        <test-case id="1-1020" name="TestNavigationPageOnModalStack" fullname="Tests.NavigationTests.TestNavigationPageOnModalStack" methodname="TestNavigationPageOnModalStack" classname="Tests.NavigationTests" runstate="Runnable" seed="1982521517" result="Passed" start-time="2017-07-20 05:18:49Z" end-time="2017-07-20 05:18:49Z" duration="0.002986" asserts="8">
          <output><![CDATA[· Navigation 
  · 
    · Navigation stack:
    · PushAsync
    · PopAsync
    · PopToRootAsync
    · Modal stack:
    · PushModalAsync
    · PopModalAsync
    · PushModalAsync NavigationPage
    · MasterDetail:
    · Toggle MasterDetail MainPage
]]></output>
        </test-case>
        <test-case id="1-1018" name="TestNavigationStack" fullname="Tests.NavigationTests.TestNavigationStack" methodname="TestNavigationStack" classname="Tests.NavigationTests" runstate="Runnable" seed="600515850" result="Passed" start-time="2017-07-20 05:18:49Z" end-time="2017-07-20 05:18:49Z" duration="0.001269" asserts="6">
          <output><![CDATA[· Navigation > 
  · 
    · Navigation stack:
    · PushAsync
    · PopAsync
    · PopToRootAsync
    · Modal stack:
    · PushModalAsync
    · PopModalAsync
    · PushModalAsync NavigationPage
    · MasterDetail:
    · Toggle MasterDetail MainPage
]]></output>
        </test-case>
        <test-case id="1-1022" name="TestPageAppearingOnAppStart" fullname="Tests.NavigationTests.TestPageAppearingOnAppStart" methodname="TestPageAppearingOnAppStart" classname="Tests.NavigationTests" runstate="Runnable" seed="517983922" result="Passed" start-time="2017-07-20 05:18:49Z" end-time="2017-07-20 05:18:49Z" duration="0.000711" asserts="1">
          <output><![CDATA[· Navigation 
  · 
    · Navigation stack:
    · PushAsync
    · PopAsync
    · PopToRootAsync
    · Modal stack:
    · PushModalAsync
    · PopModalAsync
    · PushModalAsync NavigationPage
    · MasterDetail:
    · Toggle MasterDetail MainPage
]]></output>
        </test-case>
        <test-case id="1-1024" name="TestPageDisAppearingOnMenuChange" fullname="Tests.NavigationTests.TestPageDisAppearingOnMenuChange" methodname="TestPageDisAppearingOnMenuChange" classname="Tests.NavigationTests" runstate="Runnable" seed="856880473" result="Passed" start-time="2017-07-20 05:18:49Z" end-time="2017-07-20 05:18:49Z" duration="0.001587" asserts="9">
          <output><![CDATA[· Navigation > 
  · 
    · Navigation stack:
    · PushAsync
    · PopAsync
    · PopToRootAsync
    · Modal stack:
    · PushModalAsync
    · PopModalAsync
    · PushModalAsync NavigationPage
    · MasterDetail:
    · Toggle MasterDetail MainPage
]]></output>
        </test-case>
        <test-case id="1-1023" name="TestPageDisAppearingOnPushPop" fullname="Tests.NavigationTests.TestPageDisAppearingOnPushPop" methodname="TestPageDisAppearingOnPushPop" classname="Tests.NavigationTests" runstate="Runnable" seed="1170046350" result="Passed" start-time="2017-07-20 05:18:49Z" end-time="2017-07-20 05:18:49Z" duration="0.006067" asserts="7">
          <output><![CDATA[· Navigation ^ 
  · 
    · Navigation ^
    · Navigation stack:
    · PushAsync
    · PopAsync
    · PopToRootAsync
    · Modal stack:
    · PushModalAsync
    · PopModalAsync
    · PushModalAsync NavigationPage
    · MasterDetail:
    · Toggle MasterDetail MainPage
]]></output>
        </test-case>
        <test-case id="1-1021" name="TestPopToRoot" fullname="Tests.NavigationTests.TestPopToRoot" methodname="TestPopToRoot" classname="Tests.NavigationTests" runstate="Runnable" seed="1366977659" result="Passed" start-time="2017-07-20 05:18:49Z" end-time="2017-07-20 05:18:49Z" duration="0.001083" asserts="8">
          <output><![CDATA[· Navigation 
  · 
    · Navigation stack:
    · PushAsync
    · PopAsync
    · PopToRootAsync
    · Modal stack:
    · PushModalAsync
    · PopModalAsync
    · PushModalAsync NavigationPage
    · MasterDetail:
    · Toggle MasterDetail MainPage
]]></output>
        </test-case>
        <test-case id="1-1025" name="TestPopToRootEvent" fullname="Tests.NavigationTests.TestPopToRootEvent" methodname="TestPopToRootEvent" classname="Tests.NavigationTests" runstate="Runnable" seed="383469410" result="Passed" start-time="2017-07-20 05:18:49Z" end-time="2017-07-20 05:18:49Z" duration="0.000798" asserts="6">
          <output><![CDATA[· Navigation 
  · 
    · Navigation stack:
    · PushAsync
    · PopAsync
    · PopToRootAsync
    · Modal stack:
    · PushModalAsync
    · PopModalAsync
    · PushModalAsync NavigationPage
    · MasterDetail:
    · Toggle MasterDetail MainPage
]]></output>
        </test-case>
        <test-case id="1-1027" name="ToggleMainPageBetweenMasterDetailAndNavigation" fullname="Tests.NavigationTests.ToggleMainPageBetweenMasterDetailAndNavigation" methodname="ToggleMainPageBetweenMasterDetailAndNavigation" classname="Tests.NavigationTests" runstate="Runnable" seed="801189287" result="Passed" start-time="2017-07-20 05:18:49Z" end-time="2017-07-20 05:18:49Z" duration="0.002835" asserts="15">
          <output><![CDATA[· Element demo [ToolbarItem]
  · 
    · 
      ·  (searchbar_automation_id)
      · Button
      · Label
      · 
        · label in tap-able layout
      · 
        · Cell A
        · Cell B
        · Cell C
        · Cell D
      · 
        · label within ContentView
      ·  (entry_automation_id)
      · editor content (editor_automation_id)
      · Countdown
]]></output>
        </test-case>
      </test-suite>
      <test-suite type="TestFixture" id="1-1015" name="ReflectionTests" fullname="Tests.ReflectionTests" classname="Tests.ReflectionTests" runstate="Runnable" testcasecount="1" result="Passed" start-time="2017-07-20 05:18:49Z" end-time="2017-07-20 05:18:49Z" duration="0.125832" total="1" passed="1" failed="0" warnings="0" inconclusive="0" skipped="0" asserts="0">
        <test-case id="1-1016" name="ScanForSendMethods" fullname="Tests.ReflectionTests.ScanForSendMethods" methodname="ScanForSendMethods" classname="Tests.ReflectionTests" runstate="Runnable" seed="215849440" result="Passed" start-time="2017-07-20 05:18:49Z" end-time="2017-07-20 05:18:49Z" duration="0.123241" asserts="0">
          <output><![CDATA[Application: SendOnAppLinkRequestReceived
Application: SendResume
Application: SendSleepAsync
Application: SendStart
EntryCell: SendCompleted
EntryCell: SendAppearing
EntryCell: SendDisappearing
ICellController: SendAppearing
ICellController: SendDisappearing
IEntryCellController: SendCompleted
ImageCell: SendAppearing
ImageCell: SendDisappearing
IEditorController: SendCompleted
IWebViewController: SendNavigated
IWebViewController: SendNavigating
INavigationMenuController: SendTargetSelected
Effect: SendAttached
Effect: SendDetached
Effect: SendOnElementPropertyChanged
IEntryController: SendCompleted
IButtonController: SendClicked
IButtonController: SendPressed
IButtonController: SendReleased
IListViewController: NotifyRowTapped
IListViewController: NotifyRowTapped
IListViewController: SendCellAppearing
IListViewController: SendCellDisappearing
IListViewController: SendRefreshing
IPageController: SendAppearing
IPageController: SendDisappearing
IPanGestureController: SendPan
IPanGestureController: SendPanCanceled
IPanGestureController: SendPanCompleted
IPanGestureController: SendPanStarted
IPinchGestureController: SendPinch
IPinchGestureController: SendPinchCanceled
IPinchGestureController: SendPinchEnded
IPinchGestureController: SendPinchStarted
IScrollViewController: SendScrollFinished
NullEffect: SendAttached
NullEffect: SendDetached
NullEffect: SendOnElementPropertyChanged
PanGestureRecognizer: SendPan
PanGestureRecognizer: SendPanCanceled
PanGestureRecognizer: SendPanCompleted
PanGestureRecognizer: SendPanStarted
PlatformEffect`2: SendDetached
PlatformEffect`2: SendOnElementPropertyChanged
PlatformEffect`2: SendAttached
RoutingEffect: SendAttached
RoutingEffect: SendDetached
RoutingEffect: SendOnElementPropertyChanged
TapGestureRecognizer: SendTapped
TemplatedPage: SendBackButtonPressed
TemplatedPage: SendAppearing
TemplatedPage: SendDisappearing
NavigationPage: SendBackButtonPressed
NavigationPage: SendAppearing
NavigationPage: SendDisappearing
Page: SendBackButtonPressed
Page: SendAppearing
Page: SendDisappearing
CarouselPage: SendBackButtonPressed
CarouselPage: SendAppearing
CarouselPage: SendDisappearing
IMessagingCenter: Send
IMessagingCenter: Send
MessagingCenter: Send
MessagingCenter: Xamarin.Forms.IMessagingCenter.Send
MessagingCenter: Send
MessagingCenter: Xamarin.Forms.IMessagingCenter.Send
MessagingCenter: InnerSend
Cell: SendAppearing
Cell: SendDisappearing
SwitchCell: SendAppearing
SwitchCell: SendDisappearing
TextCell: SendAppearing
TextCell: SendDisappearing
ViewCell: SendAppearing
ViewCell: SendDisappearing
ListView: SendCellAppearing
ListView: SendCellDisappearing
ListView: SendRefreshing
ListView: NotifyRowTapped
ListView: NotifyRowTapped
Button: SendClicked
Button: SendPressed
Button: SendReleased
Editor: SendCompleted
Entry: SendCompleted
MasterDetailPage: SendBackButtonPressed
MasterDetailPage: SendAppearing
MasterDetailPage: SendDisappearing
ScrollView: SendScrollFinished
TabbedPage: SendBackButtonPressed
TabbedPage: SendAppearing
TabbedPage: SendDisappearing
WebView: SendNavigated
WebView: SendNavigating
ContentPage: SendBackButtonPressed
ContentPage: SendAppearing
ContentPage: SendDisappearing
MultiPage`1: SendBackButtonPressed
MultiPage`1: SendAppearing
MultiPage`1: SendDisappearing
PinchGestureRecognizer: SendPinch
PinchGestureRecognizer: SendPinchCanceled
PinchGestureRecognizer: SendPinchEnded
PinchGestureRecognizer: SendPinchStarted
Application: GetSendDisappearingEventOnPause
Application: SetSendDisappearingEventOnPause
Application: GetSendDisappearingEventOnPause
Application: SendDisappearingEventOnPause
Application: GetSendAppearingEventOnResume
Application: SetSendAppearingEventOnResume
Application: GetSendAppearingEventOnResume
Application: SendAppearingEventOnResume
LockableObservableListWrapper: System.Collections.Specialized.INotifyCollectionChanged.add_CollectionChanged
LockableObservableListWrapper: System.Collections.Specialized.INotifyCollectionChanged.remove_CollectionChanged
LockableObservableListWrapper: System.ComponentModel.INotifyPropertyChanged.add_PropertyChanged
LockableObservableListWrapper: System.ComponentModel.INotifyPropertyChanged.remove_PropertyChanged
Ticker: SendSignals
NavigationMenu: SendTargetSelected
<>c__DisplayClass14_0: <SendSignals>b__0
· Navigation 
  · 
    · Navigation stack:
    · PushAsync
    · PopAsync
    · PopToRootAsync
    · Modal stack:
    · PushModalAsync
    · PopModalAsync
    · PushModalAsync NavigationPage
    · MasterDetail:
    · Toggle MasterDetail MainPage
]]></output>
        </test-case>
      </test-suite>
      <test-suite type="TestFixture" id="1-1012" name="RendererTests" fullname="Tests.RendererTests" classname="Tests.RendererTests" runstate="Runnable" testcasecount="2" result="Passed" start-time="2017-07-20 05:18:49Z" end-time="2017-07-20 05:18:49Z" duration="0.006752" total="2" passed="2" failed="0" warnings="0" inconclusive="0" skipped="0" asserts="10">
        <test-case id="1-1013" name="TestAlertRendering" fullname="Tests.RendererTests.TestAlertRendering" methodname="TestAlertRendering" classname="Tests.RendererTests" runstate="Runnable" seed="1875264135" result="Passed" start-time="2017-07-20 05:18:49Z" end-time="2017-07-20 05:18:49Z" duration="0.000781" asserts="3">
          <output><![CDATA[Alert
Message

[] [Ok]
]]></output>
        </test-case>
        <test-case id="1-1014" name="TestElementRendering" fullname="Tests.RendererTests.TestElementRendering" methodname="TestElementRendering" classname="Tests.RendererTests" runstate="Runnable" seed="1039100650" result="Passed" start-time="2017-07-20 05:18:49Z" end-time="2017-07-20 05:18:49Z" duration="0.001148" asserts="7">
          <output><![CDATA[· Element demo [ToolbarItem]
  · 
    · 
      · search text (searchbar_automation_id)
      · Button
      · Label
      · 
        · label in tap-able layout
      · 
        · Cell A
        · Cell B
        · Cell C
        · Cell D
      · 
        · label within ContentView
      · some text input (entry_automation_id)
      · editor content (editor_automation_id)
      · Countdown
]]></output>
        </test-case>
      </test-suite>
      <test-suite type="TestFixture" id="1-1028" name="ToolingTests" fullname="Tests.ToolingTests" classname="Tests.ToolingTests" runstate="Runnable" testcasecount="9" result="Passed" start-time="2017-07-20 05:18:49Z" end-time="2017-07-20 05:18:51Z" duration="2.066321" total="9" passed="9" failed="0" warnings="0" inconclusive="0" skipped="0" asserts="48">
        <test-case id="1-1037" name="TestDelay" fullname="Tests.ToolingTests.TestDelay" methodname="TestDelay" classname="Tests.ToolingTests" runstate="Runnable" seed="1971271036" result="Passed" start-time="2017-07-20 05:18:49Z" end-time="2017-07-20 05:18:51Z" duration="2.015878" asserts="11">
          <output><![CDATA[· Element demo [ToolbarItem]
  · 
    · 
      ·  (searchbar_automation_id)
      · Button
      · Label
      · 
        · label in tap-able layout
      · 
        · Cell A
        · Cell B
        · Cell C
        · Cell D
      · 
        · label within ContentView
      ·  (entry_automation_id)
      · editor content (editor_automation_id)
      · 3
]]></output>
        </test-case>
        <test-case id="1-1035" name="TestFind" fullname="Tests.ToolingTests.TestFind" methodname="TestFind" classname="Tests.ToolingTests" runstate="Runnable" seed="1253000584" result="Passed" start-time="2017-07-20 05:18:51Z" end-time="2017-07-20 05:18:51Z" duration="0.004083" asserts="5">
          <output><![CDATA[· Navigation 
  · 
    · Navigation stack:
    · PushAsync
    · PopAsync
    · PopToRootAsync
    · Modal stack:
    · PushModalAsync
    · PopModalAsync
    · PushModalAsync NavigationPage
    · MasterDetail:
    · Toggle MasterDetail MainPage
]]></output>
        </test-case>
        <test-case id="1-1036" name="TestFindPredicate" fullname="Tests.ToolingTests.TestFindPredicate" methodname="TestFindPredicate" classname="Tests.ToolingTests" runstate="Runnable" seed="1432136152" result="Passed" start-time="2017-07-20 05:18:51Z" end-time="2017-07-20 05:18:51Z" duration="0.002000" asserts="6">
          <output><![CDATA[· Element demo [ToolbarItem]
  · 
    · 
      ·  (searchbar_automation_id)
      · Button
      · Label
      · 
        · label in tap-able layout
      · 
        · Cell A
        · Cell B
        · Cell C
        · Cell D
      · 
        · label within ContentView
      ·  (entry_automation_id)
      · editor content (editor_automation_id)
      · Countdown
]]></output>
        </test-case>
        <test-case id="1-1033" name="TestInputFailsOnLabel" fullname="Tests.ToolingTests.TestInputFailsOnLabel" methodname="TestInputFailsOnLabel" classname="Tests.ToolingTests" runstate="Runnable" seed="1860947663" result="Passed" start-time="2017-07-20 05:18:51Z" end-time="2017-07-20 05:18:51Z" duration="0.002512" asserts="3">
          <output><![CDATA[· Navigation 
  · 
    · Navigation stack:
    · PushAsync
    · PopAsync
    · PopToRootAsync
    · Modal stack:
    · PushModalAsync
    · PopModalAsync
    · PushModalAsync NavigationPage
    · MasterDetail:
    · Toggle MasterDetail MainPage
]]></output>
        </test-case>
        <test-case id="1-1029" name="TestShouldSee" fullname="Tests.ToolingTests.TestShouldSee" methodname="TestShouldSee" classname="Tests.ToolingTests" runstate="Runnable" seed="60845822" result="Passed" start-time="2017-07-20 05:18:51Z" end-time="2017-07-20 05:18:51Z" duration="0.000814" asserts="2">
          <output><![CDATA[· Navigation 
  · 
    · Navigation stack:
    · PushAsync
    · PopAsync
    · PopToRootAsync
    · Modal stack:
    · PushModalAsync
    · PopModalAsync
    · PushModalAsync NavigationPage
    · MasterDetail:
    · Toggle MasterDetail MainPage
]]></output>
        </test-case>
        <test-case id="1-1030" name="TestTap" fullname="Tests.ToolingTests.TestTap" methodname="TestTap" classname="Tests.ToolingTests" runstate="Runnable" seed="237851965" result="Passed" start-time="2017-07-20 05:18:51Z" end-time="2017-07-20 05:18:51Z" duration="0.001097" asserts="6">
          <output><![CDATA[· Navigation 
  · 
    · Navigation stack:
    · PushAsync
    · PopAsync
    · PopToRootAsync
    · Modal stack:
    · PushModalAsync
    · PopModalAsync
    · PushModalAsync NavigationPage
    · MasterDetail:
    · Toggle MasterDetail MainPage
]]></output>
        </test-case>
        <test-case id="1-1031" name="TestTapFailsForNotTappableElements" fullname="Tests.ToolingTests.TestTapFailsForNotTappableElements" methodname="TestTapFailsForNotTappableElements" classname="Tests.ToolingTests" runstate="Runnable" seed="1522247133" result="Passed" start-time="2017-07-20 05:18:51Z" end-time="2017-07-20 05:18:51Z" duration="0.000984" asserts="3">
          <output><![CDATA[· Navigation 
  · 
    · Navigation stack:
    · PushAsync
    · PopAsync
    · PopToRootAsync
    · Modal stack:
    · PushModalAsync
    · PopModalAsync
    · PushModalAsync NavigationPage
    · MasterDetail:
    · Toggle MasterDetail MainPage
]]></output>
        </test-case>
        <test-case id="1-1032" name="TestTapFailsWhenTappingTitle" fullname="Tests.ToolingTests.TestTapFailsWhenTappingTitle" methodname="TestTapFailsWhenTappingTitle" classname="Tests.ToolingTests" runstate="Runnable" seed="409831769" result="Passed" start-time="2017-07-20 05:18:51Z" end-time="2017-07-20 05:18:51Z" duration="0.001033" asserts="3">
          <output><![CDATA[· Navigation 
  · 
    · Navigation stack:
    · PushAsync
    · PopAsync
    · PopToRootAsync
    · Modal stack:
    · PushModalAsync
    · PopModalAsync
    · PushModalAsync NavigationPage
    · MasterDetail:
    · Toggle MasterDetail MainPage
]]></output>
        </test-case>
        <test-case id="1-1034" name="TestTapNth" fullname="Tests.ToolingTests.TestTapNth" methodname="TestTapNth" classname="Tests.ToolingTests" runstate="Runnable" seed="1178027582" result="Passed" start-time="2017-07-20 05:18:51Z" end-time="2017-07-20 05:18:51Z" duration="0.016727" asserts="9">
          <output><![CDATA[Success
Label tapped

[] [Ok]
]]></output>
        </test-case>
      </test-suite>
    </test-suite>
  </test-suite>
</test-run>