<?xml version="1.0" encoding="utf-8" standalone="no"?>
<test-run id="2" testcasecount="38" result="Passed" total="38" passed="38" failed="0" inconclusive="0" skipped="0" asserts="202" engine-version="3.7.0.0" clr-version="4.0.30319.42000" start-time="2017-07-20 05:09:51Z" end-time="2017-07-20 05:09:55Z" duration="3.418813">
  <command-line><![CDATA[/Users/falko/Projects/quicktest/packages/NUnit.ConsoleRunner.3.7.0/tools/nunit3-console.exe -config=Release Tests/Tests.csproj]]></command-line>
  <test-suite type="Assembly" id="1-1045" name="NUnitTest.dll" fullname="/Users/falko/Projects/quicktest/Tests/bin/Release/NUnitTest.dll" runstate="Runnable" testcasecount="38" result="Passed" start-time="2017-07-20 05:09:52Z" end-time="2017-07-20 05:09:55Z" duration="2.551879" total="38" passed="38" failed="0" warnings="0" inconclusive="0" skipped="0" asserts="202">
    <environment framework-version="3.7.1.0" clr-version="4.0.30319.42000" os-version="Unix 16.6.0.0" platform="Unix" cwd="/Users/falko/Projects/quicktest" machine-name="Falkos-MacBook-Pro.local" user="falko" user-domain="Falkos-MacBook-Pro.local" culture="en-US" uiculture="en-US" os-architecture="x86" />
    <settings>
      <setting name="BasePath" value="/Users/falko/Projects/quicktest/Tests/bin/Release" />
      <setting name="DisposeRunners" value="True" />
      <setting name="ActiveConfig" value="Release" />
      <setting name="WorkDirectory" value="/Users/falko/Projects/quicktest" />
      <setting name="ImageRuntimeVersion" value="4.0.30319" />
      <setting name="ImageTargetFrameworkName" value=".NETFramework,Version=v4.5" />
      <setting name="ImageRequiresX86" value="False" />
      <setting name="ImageRequiresDefaultAppDomainAssemblyResolver" value="False" />
      <setting name="NumberOfTestWorkers" value="4" />
    </settings>
    <properties>
      <property name="_PID" value="78829" />
      <property name="_APPDOMAIN" value="domain-3026b9a2-Tests.csproj" />
    </properties>
    <test-suite type="TestSuite" id="1-1046" name="Tests" fullname="Tests" runstate="Runnable" testcasecount="38" result="Passed" start-time="2017-07-20 05:09:52Z" end-time="2017-07-20 05:09:55Z" duration="2.538446" total="38" passed="38" failed="0" warnings="0" inconclusive="0" skipped="0" asserts="202">
      <test-suite type="TestFixture" id="1-1038" name="BindingTests" fullname="Tests.BindingTests" classname="Tests.BindingTests" runstate="Runnable" testcasecount="1" result="Passed" start-time="2017-07-20 05:09:52Z" end-time="2017-07-20 05:09:52Z" duration="0.127857" total="1" passed="1" failed="0" warnings="0" inconclusive="0" skipped="0" asserts="2">
        <test-case id="1-1039" name="TestBinding" fullname="Tests.BindingTests.TestBinding" methodname="TestBinding" classname="Tests.BindingTests" runstate="Runnable" seed="1936706880" result="Passed" start-time="2017-07-20 05:09:52Z" end-time="2017-07-20 05:09:52Z" duration="0.118397" asserts="2">
          <output><![CDATA[· Binding demo 
  · 
    · 
      · updated bound text
]]></output>
        </test-case>
      </test-suite>
      <test-suite type="TestFixture" id="1-1000" name="ElementTests" fullname="Tests.ElementTests" classname="Tests.ElementTests" runstate="Runnable" testcasecount="11" result="Passed" start-time="2017-07-20 05:09:52Z" end-time="2017-07-20 05:09:52Z" duration="0.073757" total="11" passed="11" failed="0" warnings="0" inconclusive="0" skipped="0" asserts="47">
        <test-case id="1-1011" name="TestAlert" fullname="Tests.ElementTests.TestAlert" methodname="TestAlert" classname="Tests.ElementTests" runstate="Runnable" seed="848279645" result="Passed" start-time="2017-07-20 05:09:52Z" end-time="2017-07-20 05:09:52Z" duration="0.022251" asserts="5">
          <output><![CDATA[· Menu 
  · 
    · Menu
    · Navigation
    · Elements
    · ListViews
    · Binding
    · Alert
]]></output>
        </test-case>
        <test-case id="1-1002" name="TestButton" fullname="Tests.ElementTests.TestButton" methodname="TestButton" classname="Tests.ElementTests" runstate="Runnable" seed="1408350841" result="Passed" start-time="2017-07-20 05:09:52Z" end-time="2017-07-20 05:09:52Z" duration="0.002649" asserts="4">
          <output><![CDATA[Success
Button tapped

[] [Ok]
]]></output>
        </test-case>
        <test-case id="1-1008" name="TestEditor" fullname="Tests.ElementTests.TestEditor" methodname="TestEditor" classname="Tests.ElementTests" runstate="Runnable" seed="228086833" result="Passed" start-time="2017-07-20 05:09:52Z" end-time="2017-07-20 05:09:52Z" duration="0.003379" asserts="6">
          <output><![CDATA[· Element demo [ToolbarItem]
  · 
    · 
      ·  (searchbar_automation_id)
      · Button
      · Label
      · 
        · label in tap-able layout
      · 
        · Cell A
        · Cell B
        · Cell C
        · Cell D
      · 
        · label within ContentView
      ·  (entry_automation_id)
      · Text2 (editor_automation_id)
      · Countdown
]]></output>
        </test-case>
        <test-case id="1-1007" name="TestEntry" fullname="Tests.ElementTests.TestEntry" methodname="TestEntry" classname="Tests.ElementTests" runstate="Runnable" seed="1762073440" result="Passed" start-time="2017-07-20 05:09:52Z" end-time="2017-07-20 05:09:52Z" duration="0.001553" asserts="8">
          <output><![CDATA[· Element demo [ToolbarItem]
  · 
    · 
      ·  (searchbar_automation_id)
      · Button
      · Label
      · 
        · label in tap-able layout
      · 
        · Cell A
        · Cell B
        · Cell C
        · Cell D
      · 
        · label within ContentView
      · Text3 (entry_automation_id)
      · editor content (editor_automation_id)
      · Countdown
]]></output>
        </test-case>
        <test-case id="1-1004" name="TestGrid" fullname="Tests.ElementTests.TestGrid" methodname="TestGrid" classname="Tests.ElementTests" runstate="Runnable" seed="861860791" result="Passed" start-time="2017-07-20 05:09:52Z" end-time="2017-07-20 05:09:52Z" duration="0.002522" asserts="4">
          <output><![CDATA[Success
Cell D tapped

[] [Ok]
]]></output>
        </test-case>
        <test-case id="1-1006" name="TestInvisible" fullname="Tests.ElementTests.TestInvisible" methodname="TestInvisible" classname="Tests.ElementTests" runstate="Runnable" seed="1246299556" result="Passed" start-time="2017-07-20 05:09:52Z" end-time="2017-07-20 05:09:52Z" duration="0.001401" asserts="2">
          <output><![CDATA[· Element demo [ToolbarItem]
  · 
    · 
      ·  (searchbar_automation_id)
      · Button
      · Label
      · 
        · label in tap-able layout
      · 
        · Cell A
        · Cell B
        · Cell C
        · Cell D
      · 
        · label within ContentView
      ·  (entry_automation_id)
      · editor content (editor_automation_id)
      · Countdown
]]></output>
        </test-case>
        <test-case id="1-1001" name="TestLabel" fullname="Tests.ElementTests.TestLabel" methodname="TestLabel" classname="Tests.ElementTests" runstate="Runnable" seed="1001303280" result="Passed" start-time="2017-07-20 05:09:52Z" end-time="2017-07-20 05:09:52Z" duration="0.001393" asserts="4">
          <output><![CDATA[Success
Label tapped

[] [Ok]
]]></output>
        </test-case>
        <test-case id="1-1005" name="TestLabelWithinContentView" fullname="Tests.ElementTests.TestLabelWithinContentView" methodname="TestLabelWithinContentView" classname="Tests.ElementTests" runstate="Runnable" seed="1101862165" result="Passed" start-time="2017-07-20 05:09:52Z" end-time="2017-07-20 05:09:52Z" duration="0.001362" asserts="2">
          <output><![CDATA[· Element demo [ToolbarItem]
  · 
    · 
      ·  (searchbar_automation_id)
      · Button
      · Label
      · 
        · label in tap-able layout
      · 
        · Cell A
        · Cell B
        · Cell C
        · Cell D
      · 
        · label within ContentView
      ·  (entry_automation_id)
      · editor content (editor_automation_id)
      · Countdown
]]></output>
        </test-case>
        <test-case id="1-1003" name="TestNestedLabel" fullname="Tests.ElementTests.TestNestedLabel" methodname="TestNestedLabel" classname="Tests.ElementTests" runstate="Runnable" seed="1726039007" result="Passed" start-time="2017-07-20 05:09:52Z" end-time="2017-07-20 05:09:52Z" duration="0.001172" asserts="4">
          <output><![CDATA[Success
StackLayout tapped

[] [Ok]
]]></output>
        </test-case>
        <test-case id="1-1010" name="TestSearchbar" fullname="Tests.ElementTests.TestSearchbar" methodname="TestSearchbar" classname="Tests.ElementTests" runstate="Runnable" seed="504582289" result="Passed" start-time="2017-07-20 05:09:52Z" end-time="2017-07-20 05:09:52Z" duration="0.007925" asserts="4">
          <output><![CDATA[· Element demo [ToolbarItem]
  · 
    · 
      · Search Text (searchbar_automation_id)
      · Button
      · Label
      · 
        · label in tap-able layout
      · 
        · Cell A
        · Cell B
        · Cell C
        · Cell D
      · 
        · label within ContentView
      ·  (entry_automation_id)
      · editor content (editor_automation_id)
      · Countdown
]]></output>
        </test-case>
        <test-case id="1-1009" name="TestToolbarItem" fullname="Tests.ElementTests.TestToolbarItem" methodname="TestToolbarItem" classname="Tests.ElementTests" runstate="Runnable" seed="1438507796" result="Passed" start-time="2017-07-20 05:09:52Z" end-time="2017-07-20 05:09:52Z" duration="0.001494" asserts="4">
          <output><![CDATA[Success
ToolbarItem tapped

[] [Ok]
]]></output>
        </test-case>
      </test-suite>
      <test-suite type="TestFixture" id="1-1040" name="ListViewTests" fullname="Tests.ListViewTests" classname="Tests.ListViewTests" runstate="Runnable" testcasecount="4" result="Passed" start-time="2017-07-20 05:09:52Z" end-time="2017-07-20 05:09:52Z" duration="0.062802" total="4" passed="4" failed="0" warnings="0" inconclusive="0" skipped="0" asserts="20">
        <test-case id="1-1044" name="TestGroups" fullname="Tests.ListViewTests.TestGroups" methodname="TestGroups" classname="Tests.ListViewTests" runstate="Runnable" seed="196737240" result="Passed" start-time="2017-07-20 05:09:52Z" end-time="2017-07-20 05:09:52Z" duration="0.043961" asserts="5">
          <output><![CDATA[· ListView demo 
  · 
    · - Item A1
      - Item B1
      - Item C1
      
    · - · Item A2
      - · Item B2
      - · Item C2
      
    · - · Item A3
      - · Item B3
      - · Item C3
      
    · - ·
      - ·
]]></output>
        </test-case>
        <test-case id="1-1043" name="TestItemViewCell" fullname="Tests.ListViewTests.TestItemViewCell" methodname="TestItemViewCell" classname="Tests.ListViewTests" runstate="Runnable" seed="1164853628" result="Passed" start-time="2017-07-20 05:09:52Z" end-time="2017-07-20 05:09:52Z" duration="0.003476" asserts="5">
          <output><![CDATA[· ListView demo 
  · 
    · - Item A1
      - Item B1
      - Item C1
      
    · - · Item A2
      - · Item B2
      - · Item C2
      
    · - · Item A3
      - · Item B3
      - · Item C3
      
    · - ·
      - ·
]]></output>
        </test-case>
        <test-case id="1-1042" name="TestStringViewCell" fullname="Tests.ListViewTests.TestStringViewCell" methodname="TestStringViewCell" classname="Tests.ListViewTests" runstate="Runnable" seed="1498422477" result="Passed" start-time="2017-07-20 05:09:52Z" end-time="2017-07-20 05:09:52Z" duration="0.002832" asserts="5">
          <output><![CDATA[· ListView demo 
  · 
    · - Item A1
      - Item B1
      - Item C1
      
    · - · Item A2
      - · Item B2
      - · Item C2
      
    · - · Item A3
      - · Item B3
      - · Item C3
      
    · - ·
      - ·
]]></output>
        </test-case>
        <test-case id="1-1041" name="TestTextCell" fullname="Tests.ListViewTests.TestTextCell" methodname="TestTextCell" classname="Tests.ListViewTests" runstate="Runnable" seed="533816395" result="Passed" start-time="2017-07-20 05:09:52Z" end-time="2017-07-20 05:09:52Z" duration="0.002979" asserts="5">
          <output><![CDATA[· ListView demo 
  · 
    · - Item A1
      - Item B1
      - Item C1
      
    · - · Item A2
      - · Item B2
      - · Item C2
      
    · - · Item A3
      - · Item B3
      - · Item C3
      
    · - ·
      - ·
]]></output>
        </test-case>
      </test-suite>
      <test-suite type="TestFixture" id="1-1017" name="NavigationTests" fullname="Tests.NavigationTests" classname="Tests.NavigationTests" runstate="Runnable" testcasecount="10" result="Passed" start-time="2017-07-20 05:09:52Z" end-time="2017-07-20 05:09:53Z" duration="0.069671" total="10" passed="10" failed="0" warnings="0" inconclusive="0" skipped="0" asserts="75">
        <test-case id="1-1026" name="TestModalPopToRootEvent" fullname="Tests.NavigationTests.TestModalPopToRootEvent" methodname="TestModalPopToRootEvent" classname="Tests.NavigationTests" runstate="Runnable" seed="134949035" result="Passed" start-time="2017-07-20 05:09:52Z" end-time="2017-07-20 05:09:52Z" duration="0.017652" asserts="9">
          <output><![CDATA[· Navigation ^ 
  · 
    · Navigation ^
    · Navigation stack:
    · PushAsync
    · PopAsync
    · PopToRootAsync
    · Modal stack:
    · PushModalAsync
    · PopModalAsync
    · PushModalAsync NavigationPage
    · MasterDetail:
    · Toggle MasterDetail MainPage
]]></output>
        </test-case>
        <test-case id="1-1019" name="TestModalStack" fullname="Tests.NavigationTests.TestModalStack" methodname="TestModalStack" classname="Tests.NavigationTests" runstate="Runnable" seed="2047070216" result="Passed" start-time="2017-07-20 05:09:53Z" end-time="2017-07-20 05:09:53Z" duration="0.006904" asserts="6">
          <output><![CDATA[· Navigation ^ 
  · 
    · Navigation ^
    · Navigation stack:
    · PushAsync
    · PopAsync
    · PopToRootAsync
    · Modal stack:
    · PushModalAsync
    · PopModalAsync
    · PushModalAsync NavigationPage
    · MasterDetail:
    · Toggle MasterDetail MainPage
]]></output>
        </test-case>
        <test-case id="1-1020" name="TestNavigationPageOnModalStack" fullname="Tests.NavigationTests.TestNavigationPageOnModalStack" methodname="TestNavigationPageOnModalStack" classname="Tests.NavigationTests" runstate="Runnable" seed="423982858" result="Passed" start-time="2017-07-20 05:09:53Z" end-time="2017-07-20 05:09:53Z" duration="0.003280" asserts="8">
          <output><![CDATA[· Navigation 
  · 
    · Navigation stack:
    · PushAsync
    · PopAsync
    · PopToRootAsync
    · Modal stack:
    · PushModalAsync
    · PopModalAsync
    · PushModalAsync NavigationPage
    · MasterDetail:
    · Toggle MasterDetail MainPage
]]></output>
        </test-case>
        <test-case id="1-1018" name="TestNavigationStack" fullname="Tests.NavigationTests.TestNavigationStack" methodname="TestNavigationStack" classname="Tests.NavigationTests" runstate="Runnable" seed="1481330200" result="Passed" start-time="2017-07-20 05:09:53Z" end-time="2017-07-20 05:09:53Z" duration="0.001092" asserts="6">
          <output><![CDATA[· Navigation > 
  · 
    · Navigation stack:
    · PushAsync
    · PopAsync
    · PopToRootAsync
    · Modal stack:
    · PushModalAsync
    · PopModalAsync
    · PushModalAsync NavigationPage
    · MasterDetail:
    · Toggle MasterDetail MainPage
]]></output>
        </test-case>
        <test-case id="1-1022" name="TestPageAppearingOnAppStart" fullname="Tests.NavigationTests.TestPageAppearingOnAppStart" methodname="TestPageAppearingOnAppStart" classname="Tests.NavigationTests" runstate="Runnable" seed="1308254802" result="Passed" start-time="2017-07-20 05:09:53Z" end-time="2017-07-20 05:09:53Z" duration="0.001004" asserts="1">
          <output><![CDATA[· Navigation 
  · 
    · Navigation stack:
    · PushAsync
    · PopAsync
    · PopToRootAsync
    · Modal stack:
    · PushModalAsync
    · PopModalAsync
    · PushModalAsync NavigationPage
    · MasterDetail:
    · Toggle MasterDetail MainPage
]]></output>
        </test-case>
        <test-case id="1-1024" name="TestPageDisAppearingOnMenuChange" fullname="Tests.NavigationTests.TestPageDisAppearingOnMenuChange" methodname="TestPageDisAppearingOnMenuChange" classname="Tests.NavigationTests" runstate="Runnable" seed="401720759" result="Passed" start-time="2017-07-20 05:09:53Z" end-time="2017-07-20 05:09:53Z" duration="0.002528" asserts="9">
          <output><![CDATA[· Navigation > 
  · 
    · Navigation stack:
    · PushAsync
    · PopAsync
    · PopToRootAsync
    · Modal stack:
    · PushModalAsync
    · PopModalAsync
    · PushModalAsync NavigationPage
    · MasterDetail:
    · Toggle MasterDetail MainPage
]]></output>
        </test-case>
        <test-case id="1-1023" name="TestPageDisAppearingOnPushPop" fullname="Tests.NavigationTests.TestPageDisAppearingOnPushPop" methodname="TestPageDisAppearingOnPushPop" classname="Tests.NavigationTests" runstate="Runnable" seed="987067516" result="Passed" start-time="2017-07-20 05:09:53Z" end-time="2017-07-20 05:09:53Z" duration="0.006343" asserts="7">
          <output><![CDATA[· Navigation ^ 
  · 
    · Navigation ^
    · Navigation stack:
    · PushAsync
    · PopAsync
    · PopToRootAsync
    · Modal stack:
    · PushModalAsync
    · PopModalAsync
    · PushModalAsync NavigationPage
    · MasterDetail:
    · Toggle MasterDetail MainPage
]]></output>
        </test-case>
        <test-case id="1-1021" name="TestPopToRoot" fullname="Tests.NavigationTests.TestPopToRoot" methodname="TestPopToRoot" classname="Tests.NavigationTests" runstate="Runnable" seed="215007960" result="Passed" start-time="2017-07-20 05:09:53Z" end-time="2017-07-20 05:09:53Z" duration="0.001371" asserts="8">
          <output><![CDATA[· Navigation 
  · 
    · Navigation stack:
    · PushAsync
    · PopAsync
    · PopToRootAsync
    · Modal stack:
    · PushModalAsync
    · PopModalAsync
    · PushModalAsync NavigationPage
    · MasterDetail:
    · Toggle MasterDetail MainPage
]]></output>
        </test-case>
        <test-case id="1-1025" name="TestPopToRootEvent" fullname="Tests.NavigationTests.TestPopToRootEvent" methodname="TestPopToRootEvent" classname="Tests.NavigationTests" runstate="Runnable" seed="1523801843" result="Passed" start-time="2017-07-20 05:09:53Z" end-time="2017-07-20 05:09:53Z" duration="0.001137" asserts="6">
          <output><![CDATA[· Navigation 
  · 
    · Navigation stack:
    · PushAsync
    · PopAsync
    · PopToRootAsync
    · Modal stack:
    · PushModalAsync
    · PopModalAsync
    · PushModalAsync NavigationPage
    · MasterDetail:
    · Toggle MasterDetail MainPage
]]></output>
        </test-case>
        <test-case id="1-1027" name="ToggleMainPageBetweenMasterDetailAndNavigation" fullname="Tests.NavigationTests.ToggleMainPageBetweenMasterDetailAndNavigation" methodname="ToggleMainPageBetweenMasterDetailAndNavigation" classname="Tests.NavigationTests" runstate="Runnable" seed="1199015185" result="Passed" start-time="2017-07-20 05:09:53Z" end-time="2017-07-20 05:09:53Z" duration="0.004723" asserts="15">
          <output><![CDATA[· Element demo [ToolbarItem]
  · 
    · 
      ·  (searchbar_automation_id)
      · Button
      · Label
      · 
        · label in tap-able layout
      · 
        · Cell A
        · Cell B
        · Cell C
        · Cell D
      · 
        · label within ContentView
      ·  (entry_automation_id)
      · editor content (editor_automation_id)
      · Countdown
]]></output>
        </test-case>
      </test-suite>
      <test-suite type="TestFixture" id="1-1015" name="ReflectionTests" fullname="Tests.ReflectionTests" classname="Tests.ReflectionTests" runstate="Runnable" testcasecount="1" result="Passed" start-time="2017-07-20 05:09:53Z" end-time="2017-07-20 05:09:53Z" duration="0.105835" total="1" passed="1" failed="0" warnings="0" inconclusive="0" skipped="0" asserts="0">
        <test-case id="1-1016" name="ScanForSendMethods" fullname="Tests.ReflectionTests.ScanForSendMethods" methodname="ScanForSendMethods" classname="Tests.ReflectionTests" runstate="Runnable" seed="1871375494" result="Passed" start-time="2017-07-20 05:09:53Z" end-time="2017-07-20 05:09:53Z" duration="0.103302" asserts="0">
          <output><![CDATA[Application: SendOnAppLinkRequestReceived
Application: SendResume
Application: SendSleepAsync
Application: SendStart
EntryCell: SendCompleted
EntryCell: SendAppearing
EntryCell: SendDisappearing
ICellController: SendAppearing
ICellController: SendDisappearing
IEntryCellController: SendCompleted
ImageCell: SendAppearing
ImageCell: SendDisappearing
IEditorController: SendCompleted
IWebViewController: SendNavigated
IWebViewController: SendNavigating
INavigationMenuController: SendTargetSelected
Effect: SendAttached
Effect: SendDetached
Effect: SendOnElementPropertyChanged
IEntryController: SendCompleted
IButtonController: SendClicked
IButtonController: SendPressed
IButtonController: SendReleased
IListViewController: NotifyRowTapped
IListViewController: NotifyRowTapped
IListViewController: SendCellAppearing
IListViewController: SendCellDisappearing
IListViewController: SendRefreshing
IPageController: SendAppearing
IPageController: SendDisappearing
IPanGestureController: SendPan
IPanGestureController: SendPanCanceled
IPanGestureController: SendPanCompleted
IPanGestureController: SendPanStarted
IPinchGestureController: SendPinch
IPinchGestureController: SendPinchCanceled
IPinchGestureController: SendPinchEnded
IPinchGestureController: SendPinchStarted
IScrollViewController: SendScrollFinished
NullEffect: SendAttached
NullEffect: SendDetached
NullEffect: SendOnElementPropertyChanged
PanGestureRecognizer: SendPan
PanGestureRecognizer: SendPanCanceled
PanGestureRecognizer: SendPanCompleted
PanGestureRecognizer: SendPanStarted
PlatformEffect`2: SendDetached
PlatformEffect`2: SendOnElementPropertyChanged
PlatformEffect`2: SendAttached
RoutingEffect: SendAttached
RoutingEffect: SendDetached
RoutingEffect: SendOnElementPropertyChanged
TapGestureRecognizer: SendTapped
TemplatedPage: SendBackButtonPressed
TemplatedPage: SendAppearing
TemplatedPage: SendDisappearing
NavigationPage: SendBackButtonPressed
NavigationPage: SendAppearing
NavigationPage: SendDisappearing
Page: SendBackButtonPressed
Page: SendAppearing
Page: SendDisappearing
CarouselPage: SendBackButtonPressed
CarouselPage: SendAppearing
CarouselPage: SendDisappearing
IMessagingCenter: Send
IMessagingCenter: Send
MessagingCenter: Send
MessagingCenter: Xamarin.Forms.IMessagingCenter.Send
MessagingCenter: Send
MessagingCenter: Xamarin.Forms.IMessagingCenter.Send
MessagingCenter: InnerSend
Cell: SendAppearing
Cell: SendDisappearing
SwitchCell: SendAppearing
SwitchCell: SendDisappearing
TextCell: SendAppearing
TextCell: SendDisappearing
ViewCell: SendAppearing
ViewCell: SendDisappearing
ListView: SendCellAppearing
ListView: SendCellDisappearing
ListView: SendRefreshing
ListView: NotifyRowTapped
ListView: NotifyRowTapped
Button: SendClicked
Button: SendPressed
Button: SendReleased
Editor: SendCompleted
Entry: SendCompleted
MasterDetailPage: SendBackButtonPressed
MasterDetailPage: SendAppearing
MasterDetailPage: SendDisappearing
ScrollView: SendScrollFinished
TabbedPage: SendBackButtonPressed
TabbedPage: SendAppearing
TabbedPage: SendDisappearing
WebView: SendNavigated
WebView: SendNavigating
ContentPage: SendBackButtonPressed
ContentPage: SendAppearing
ContentPage: SendDisappearing
MultiPage`1: SendBackButtonPressed
MultiPage`1: SendAppearing
MultiPage`1: SendDisappearing
PinchGestureRecognizer: SendPinch
PinchGestureRecognizer: SendPinchCanceled
PinchGestureRecognizer: SendPinchEnded
PinchGestureRecognizer: SendPinchStarted
Application: GetSendDisappearingEventOnPause
Application: SetSendDisappearingEventOnPause
Application: GetSendDisappearingEventOnPause
Application: SendDisappearingEventOnPause
Application: GetSendAppearingEventOnResume
Application: SetSendAppearingEventOnResume
Application: GetSendAppearingEventOnResume
Application: SendAppearingEventOnResume
LockableObservableListWrapper: System.Collections.Specialized.INotifyCollectionChanged.add_CollectionChanged
LockableObservableListWrapper: System.Collections.Specialized.INotifyCollectionChanged.remove_CollectionChanged
LockableObservableListWrapper: System.ComponentModel.INotifyPropertyChanged.add_PropertyChanged
LockableObservableListWrapper: System.ComponentModel.INotifyPropertyChanged.remove_PropertyChanged
Ticker: SendSignals
NavigationMenu: SendTargetSelected
<>c__DisplayClass14_0: <SendSignals>b__0
· Navigation 
  · 
    · Navigation stack:
    · PushAsync
    · PopAsync
    · PopToRootAsync
    · Modal stack:
    · PushModalAsync
    · PopModalAsync
    · PushModalAsync NavigationPage
    · MasterDetail:
    · Toggle MasterDetail MainPage
]]></output>
        </test-case>
      </test-suite>
      <test-suite type="TestFixture" id="1-1012" name="RendererTests" fullname="Tests.RendererTests" classname="Tests.RendererTests" runstate="Runnable" testcasecount="2" result="Passed" start-time="2017-07-20 05:09:53Z" end-time="2017-07-20 05:09:53Z" duration="0.006660" total="2" passed="2" failed="0" warnings="0" inconclusive="0" skipped="0" asserts="10">
        <test-case id="1-1013" name="TestAlertRendering" fullname="Tests.RendererTests.TestAlertRendering" methodname="TestAlertRendering" classname="Tests.RendererTests" runstate="Runnable" seed="1690936680" result="Passed" start-time="2017-07-20 05:09:53Z" end-time="2017-07-20 05:09:53Z" duration="0.000774" asserts="3">
          <output><![CDATA[Alert
Message

[] [Ok]
]]></output>
        </test-case>
        <test-case id="1-1014" name="TestElementRendering" fullname="Tests.RendererTests.TestElementRendering" methodname="TestElementRendering" classname="Tests.RendererTests" runstate="Runnable" seed="670022396" result="Passed" start-time="2017-07-20 05:09:53Z" end-time="2017-07-20 05:09:53Z" duration="0.000991" asserts="7">
          <output><![CDATA[· Element demo [ToolbarItem]
  · 
    · 
      · search text (searchbar_automation_id)
      · Button
      · Label
      · 
        · label in tap-able layout
      · 
        · Cell A
        · Cell B
        · Cell C
        · Cell D
      · 
        · label within ContentView
      · some text input (entry_automation_id)
      · editor content (editor_automation_id)
      · Countdown
]]></output>
        </test-case>
      </test-suite>
      <test-suite type="TestFixture" id="1-1028" name="ToolingTests" fullname="Tests.ToolingTests" classname="Tests.ToolingTests" runstate="Runnable" testcasecount="9" result="Passed" start-time="2017-07-20 05:09:53Z" end-time="2017-07-20 05:09:55Z" duration="2.074574" total="9" passed="9" failed="0" warnings="0" inconclusive="0" skipped="0" asserts="48">
        <test-case id="1-1037" name="TestDelay" fullname="Tests.ToolingTests.TestDelay" methodname="TestDelay" classname="Tests.ToolingTests" runstate="Runnable" seed="123755427" result="Passed" start-time="2017-07-20 05:09:53Z" end-time="2017-07-20 05:09:55Z" duration="2.023960" asserts="11">
          <output><![CDATA[· Element demo [ToolbarItem]
  · 
    · 
      ·  (searchbar_automation_id)
      · Button
      · Label
      · 
        · label in tap-able layout
      · 
        · Cell A
        · Cell B
        · Cell C
        · Cell D
      · 
        · label within ContentView
      ·  (entry_automation_id)
      · editor content (editor_automation_id)
      · 3
]]></output>
        </test-case>
        <test-case id="1-1035" name="TestFind" fullname="Tests.ToolingTests.TestFind" methodname="TestFind" classname="Tests.ToolingTests" runstate="Runnable" seed="365469072" result="Passed" start-time="2017-07-20 05:09:55Z" end-time="2017-07-20 05:09:55Z" duration="0.004019" asserts="5">
          <output><![CDATA[· Navigation 
  · 
    · Navigation stack:
    · PushAsync
    · PopAsync
    · PopToRootAsync
    · Modal stack:
    · PushModalAsync
    · PopModalAsync
    · PushModalAsync NavigationPage
    · MasterDetail:
    · Toggle MasterDetail MainPage
]]></output>
        </test-case>
        <test-case id="1-1036" name="TestFindPredicate" fullname="Tests.ToolingTests.TestFindPredicate" methodname="TestFindPredicate" classname="Tests.ToolingTests" runstate="Runnable" seed="2095539598" result="Passed" start-time="2017-07-20 05:09:55Z" end-time="2017-07-20 05:09:55Z" duration="0.002051" asserts="6">
          <output><![CDATA[· Element demo [ToolbarItem]
  · 
    · 
      ·  (searchbar_automation_id)
      · Button
      · Label
      · 
        · label in tap-able layout
      · 
        · Cell A
        · Cell B
        · Cell C
        · Cell D
      · 
        · label within ContentView
      ·  (entry_automation_id)
      · editor content (editor_automation_id)
      · Countdown
]]></output>
        </test-case>
        <test-case id="1-1033" name="TestInputFailsOnLabel" fullname="Tests.ToolingTests.TestInputFailsOnLabel" methodname="TestInputFailsOnLabel" classname="Tests.ToolingTests" runstate="Runnable" seed="814300822" result="Passed" start-time="2017-07-20 05:09:55Z" end-time="2017-07-20 05:09:55Z" duration="0.002503" asserts="3">
          <output><![CDATA[· Navigation 
  · 
    · Navigation stack:
    · PushAsync
    · PopAsync
    · PopToRootAsync
    · Modal stack:
    · PushModalAsync
    · PopModalAsync
    · PushModalAsync NavigationPage
    · MasterDetail:
    · Toggle MasterDetail MainPage
]]></output>
        </test-case>
        <test-case id="1-1029" name="TestShouldSee" fullname="Tests.ToolingTests.TestShouldSee" methodname="TestShouldSee" classname="Tests.ToolingTests" runstate="Runnable" seed="1120755659" result="Passed" start-time="2017-07-20 05:09:55Z" end-time="2017-07-20 05:09:55Z" duration="0.000806" asserts="2">
          <output><![CDATA[· Navigation 
  · 
    · Navigation stack:
    · PushAsync
    · PopAsync
    · PopToRootAsync
    · Modal stack:
    · PushModalAsync
    · PopModalAsync
    · PushModalAsync NavigationPage
    · MasterDetail:
    · Toggle MasterDetail MainPage
]]></output>
        </test-case>
        <test-case id="1-1030" name="TestTap" fullname="Tests.ToolingTests.TestTap" methodname="TestTap" classname="Tests.ToolingTests" runstate="Runnable" seed="1731007821" result="Passed" start-time="2017-07-20 05:09:55Z" end-time="2017-07-20 05:09:55Z" duration="0.001129" asserts="6">
          <output><![CDATA[· Navigation 
  · 
    · Navigation stack:
    · PushAsync
    · PopAsync
    · PopToRootAsync
    · Modal stack:
    · PushModalAsync
    · PopModalAsync
    · PushModalAsync NavigationPage
    · MasterDetail:
    · Toggle MasterDetail MainPage
]]></output>
        </test-case>
        <test-case id="1-1031" name="TestTapFailsForNotTappableElements" fullname="Tests.ToolingTests.TestTapFailsForNotTappableElements" methodname="TestTapFailsForNotTappableElements" classname="Tests.ToolingTests" runstate="Runnable" seed="876203598" result="Passed" start-time="2017-07-20 05:09:55Z" end-time="2017-07-20 05:09:55Z" duration="0.001093" asserts="3">
          <output><![CDATA[· Navigation 
  · 
    · Navigation stack:
    · PushAsync
    · PopAsync
    · PopToRootAsync
    · Modal stack:
    · PushModalAsync
    · PopModalAsync
    · PushModalAsync NavigationPage
    · MasterDetail:
    · Toggle MasterDetail MainPage
]]></output>
        </test-case>
        <test-case id="1-1032" name="TestTapFailsWhenTappingTitle" fullname="Tests.ToolingTests.TestTapFailsWhenTappingTitle" methodname="TestTapFailsWhenTappingTitle" classname="Tests.ToolingTests" runstate="Runnable" seed="2039260069" result="Passed" start-time="2017-07-20 05:09:55Z" end-time="2017-07-20 05:09:55Z" duration="0.001005" asserts="3">
          <output><![CDATA[· Navigation 
  · 
    · Navigation stack:
    · PushAsync
    · PopAsync
    · PopToRootAsync
    · Modal stack:
    · PushModalAsync
    · PopModalAsync
    · PushModalAsync NavigationPage
    · MasterDetail:
    · Toggle MasterDetail MainPage
]]></output>
        </test-case>
        <test-case id="1-1034" name="TestTapNth" fullname="Tests.ToolingTests.TestTapNth" methodname="TestTapNth" classname="Tests.ToolingTests" runstate="Runnable" seed="1774402767" result="Passed" start-time="2017-07-20 05:09:55Z" end-time="2017-07-20 05:09:55Z" duration="0.016938" asserts="9">
          <output><![CDATA[Success
Label tapped

[] [Ok]
]]></output>
        </test-case>
      </test-suite>
    </test-suite>
  </test-suite>
</test-run>