<?xml version="1.0" encoding="utf-8" standalone="no"?>
<test-run id="2" testcasecount="25" result="Skipped" label="Ignored" total="25" passed="24" failed="0" inconclusive="0" skipped="1" asserts="163" engine-version="3.6.1.0" clr-version="4.0.30319.42000" start-time="2017-06-16 04:13:03Z" end-time="2017-06-16 04:13:04Z" duration="1.298549">
  <command-line><![CDATA[/Users/rodja/Projects/userflow/packages/NUnit.ConsoleRunner.3.6.1/tools/nunit3-console.exe -config=Release Tests/Tests.csproj]]></command-line>
  <test-suite type="Assembly" id="1-1030" name="NUnitTest.dll" fullname="/Users/rodja/Projects/userflow/Tests/bin/Release/NUnitTest.dll" runstate="Runnable" testcasecount="25" result="Skipped" label="Ignored" start-time="2017-06-16 04:13:04Z" end-time="2017-06-16 04:13:04Z" duration="0.439655" total="25" passed="24" failed="0" warnings="0" inconclusive="0" skipped="1" asserts="163">
    <environment framework-version="3.7.1.0" clr-version="4.0.30319.42000" os-version="Unix 16.6.0.0" platform="Unix" cwd="/Users/rodja/Projects/userflow" machine-name="R3" user="rodja" user-domain="R3" culture="de-DE" uiculture="de-DE" os-architecture="x86" />
    <settings>
      <setting name="BasePath" value="/Users/rodja/Projects/userflow/Tests/bin/Release" />
      <setting name="DisposeRunners" value="True" />
      <setting name="ActiveConfig" value="Release" />
      <setting name="WorkDirectory" value="/Users/rodja/Projects/userflow" />
      <setting name="ImageRuntimeVersion" value="4.0.30319" />
      <setting name="ImageTargetFrameworkName" value=".NETFramework,Version=v4.5" />
      <setting name="ImageRequiresX86" value="False" />
      <setting name="ImageRequiresDefaultAppDomainAssemblyResolver" value="False" />
      <setting name="NumberOfTestWorkers" value="4" />
    </settings>
    <properties>
      <property name="_PID" value="25245" />
      <property name="_APPDOMAIN" value="domain-3026b9a2-Tests.csproj" />
    </properties>
    <reason>
      <message><![CDATA[One or more child tests were ignored]]></message>
    </reason>
    <test-suite type="TestSuite" id="1-1031" name="Tests" fullname="Tests" runstate="Runnable" testcasecount="25" result="Skipped" label="Ignored" start-time="2017-06-16 04:13:04Z" end-time="2017-06-16 04:13:04Z" duration="0.425005" total="25" passed="24" failed="0" warnings="0" inconclusive="0" skipped="1" asserts="163">
      <reason>
        <message><![CDATA[One or more child tests were ignored]]></message>
      </reason>
      <test-suite type="TestFixture" id="1-1000" name="ElementTests" fullname="Tests.ElementTests" classname="Tests.ElementTests" runstate="Runnable" testcasecount="11" result="Passed" start-time="2017-06-16 04:13:04Z" end-time="2017-06-16 04:13:04Z" duration="0.229685" total="11" passed="11" failed="0" warnings="0" inconclusive="0" skipped="0" asserts="73">
        <test-case id="1-1011" name="TestAlert" fullname="Tests.ElementTests.TestAlert" methodname="TestAlert" classname="Tests.ElementTests" runstate="Runnable" seed="739360188" result="Passed" start-time="2017-06-16 04:13:04Z" end-time="2017-06-16 04:13:04Z" duration="0.152852" asserts="7">
          <output><![CDATA[disappearing: Navigation demo
appearing: Element demo
· MenuPage 
  · 
    · Menu
    · Navigation
    · Elements
    · ListViews
    · Alert
]]></output>
        </test-case>
        <test-case id="1-1007" name="TestBinding" fullname="Tests.ElementTests.TestBinding" methodname="TestBinding" classname="Tests.ElementTests" runstate="Runnable" seed="1103575693" result="Passed" start-time="2017-06-16 04:13:04Z" end-time="2017-06-16 04:13:04Z" duration="0.002237" asserts="3">
          <output><![CDATA[disappearing: Navigation demo
appearing: Element demo
· Element demo [ToolbarItem]
  · 
    · 
      · Button
      · Label
      · 
        · label in tap-able layout
      · 
        · Cell A
        · Cell B
        · Cell C
        · Cell D
      · 
      · editor content
      · bound text 2
]]></output>
        </test-case>
        <test-case id="1-1002" name="TestButton" fullname="Tests.ElementTests.TestButton" methodname="TestButton" classname="Tests.ElementTests" runstate="Runnable" seed="1529642833" result="Passed" start-time="2017-06-16 04:13:04Z" end-time="2017-06-16 04:13:04Z" duration="0.001665" asserts="5">
          <output><![CDATA[disappearing: Navigation demo
appearing: Element demo
Success
Button tapped

[] [Ok]
]]></output>
        </test-case>
        <test-case id="1-1009" name="TestEditor" fullname="Tests.ElementTests.TestEditor" methodname="TestEditor" classname="Tests.ElementTests" runstate="Runnable" seed="311698966" result="Passed" start-time="2017-06-16 04:13:04Z" end-time="2017-06-16 04:13:04Z" duration="0.003515" asserts="9">
          <output><![CDATA[disappearing: Navigation demo
appearing: Element demo
· Element demo [ToolbarItem]
  · 
    · 
      · Button
      · Label
      · 
        · label in tap-able layout
      · 
        · Cell A
        · Cell B
        · Cell C
        · Cell D
      · 
      · Text2
      · bound text 2
]]></output>
        </test-case>
        <test-case id="1-1008" name="TestEntry" fullname="Tests.ElementTests.TestEntry" methodname="TestEntry" classname="Tests.ElementTests" runstate="Runnable" seed="829737486" result="Passed" start-time="2017-06-16 04:13:04Z" end-time="2017-06-16 04:13:04Z" duration="0.001785" asserts="14">
          <output><![CDATA[disappearing: Navigation demo
appearing: Element demo
· Element demo [ToolbarItem]
  · 
    · 
      · Button
      · Label
      · 
        · label in tap-able layout
      · 
        · Cell A
        · Cell B
        · Cell C
        · Cell D
      · Text3
      · editor content
      · bound text 2
]]></output>
        </test-case>
        <test-case id="1-1005" name="TestGrid" fullname="Tests.ElementTests.TestGrid" methodname="TestGrid" classname="Tests.ElementTests" runstate="Runnable" seed="503165314" result="Passed" start-time="2017-06-16 04:13:04Z" end-time="2017-06-16 04:13:04Z" duration="0.002491" asserts="5">
          <output><![CDATA[disappearing: Navigation demo
appearing: Element demo
Success
Cell D tapped

[] [Ok]
]]></output>
        </test-case>
        <test-case id="1-1006" name="TestInvisible" fullname="Tests.ElementTests.TestInvisible" methodname="TestInvisible" classname="Tests.ElementTests" runstate="Runnable" seed="994190280" result="Passed" start-time="2017-06-16 04:13:04Z" end-time="2017-06-16 04:13:04Z" duration="0.000878" asserts="3">
          <output><![CDATA[disappearing: Navigation demo
appearing: Element demo
· Element demo [ToolbarItem]
  · 
    · 
      · Button
      · Label
      · 
        · label in tap-able layout
      · 
        · Cell A
        · Cell B
        · Cell C
        · Cell D
      · 
      · editor content
      · bound text 2
]]></output>
        </test-case>
        <test-case id="1-1001" name="TestLabel" fullname="Tests.ElementTests.TestLabel" methodname="TestLabel" classname="Tests.ElementTests" runstate="Runnable" seed="1259934617" result="Passed" start-time="2017-06-16 04:13:04Z" end-time="2017-06-16 04:13:04Z" duration="0.001209" asserts="5">
          <output><![CDATA[disappearing: Navigation demo
appearing: Element demo
Success
Label tapped

[] [Ok]
]]></output>
        </test-case>
        <test-case id="1-1004" name="TestListViews" fullname="Tests.ElementTests.TestListViews" methodname="TestListViews" classname="Tests.ElementTests" runstate="Runnable" seed="800538844" result="Passed" start-time="2017-06-16 04:13:04Z" end-time="2017-06-16 04:13:04Z" duration="0.021185" asserts="12">
          <output><![CDATA[disappearing: Navigation demo
appearing: Element demo
disappearing: Element demo
appearing: ListView demo
Success
Item A2 tapped

[] [Ok]
]]></output>
        </test-case>
        <test-case id="1-1003" name="TestNestedLabel" fullname="Tests.ElementTests.TestNestedLabel" methodname="TestNestedLabel" classname="Tests.ElementTests" runstate="Runnable" seed="890221822" result="Passed" start-time="2017-06-16 04:13:04Z" end-time="2017-06-16 04:13:04Z" duration="0.008216" asserts="5">
          <output><![CDATA[disappearing: Navigation demo
appearing: Element demo
Success
StackLayout tapped

[] [Ok]
]]></output>
        </test-case>
        <test-case id="1-1010" name="TestToolbarItem" fullname="Tests.ElementTests.TestToolbarItem" methodname="TestToolbarItem" classname="Tests.ElementTests" runstate="Runnable" seed="1237339152" result="Passed" start-time="2017-06-16 04:13:04Z" end-time="2017-06-16 04:13:04Z" duration="0.001007" asserts="5">
          <output><![CDATA[disappearing: Navigation demo
appearing: Element demo
Success
ToolbarItem tapped

[] [Ok]
]]></output>
        </test-case>
      </test-suite>
      <test-suite type="TestFixture" id="1-1017" name="NavigationTests" fullname="Tests.NavigationTests" classname="Tests.NavigationTests" runstate="Runnable" testcasecount="9" result="Skipped" label="Ignored" start-time="2017-06-16 04:13:04Z" end-time="2017-06-16 04:13:04Z" duration="0.074143" total="9" passed="8" failed="0" warnings="0" inconclusive="0" skipped="1" asserts="70">
        <reason>
          <message><![CDATA[One or more child tests were ignored]]></message>
        </reason>
        <test-case id="1-1019" name="TestModalStack" fullname="Tests.NavigationTests.TestModalStack" methodname="TestModalStack" classname="Tests.NavigationTests" runstate="Runnable" seed="1543842738" result="Passed" start-time="2017-06-16 04:13:04Z" end-time="2017-06-16 04:13:04Z" duration="0.014284" asserts="14">
          <output><![CDATA[disappearing: Navigation demo
appearing: Navigation demo
· Navigation demo ^ 
  · 
    · Navigation demo ^
    · Navigation stack:
    · PushAsync
    · PopAsync
    · PopToRootAsync
    · Modal stack:
    · PushModalAsync
    · PopModalAsync
    · Toggle MasterDetail MainPage
]]></output>
        </test-case>
        <test-case id="1-1018" name="TestNavigationStack" fullname="Tests.NavigationTests.TestNavigationStack" methodname="TestNavigationStack" classname="Tests.NavigationTests" runstate="Runnable" seed="1159349632" result="Passed" start-time="2017-06-16 04:13:04Z" end-time="2017-06-16 04:13:04Z" duration="0.004969" asserts="14">
          <output><![CDATA[disappearing: Navigation demo
appearing: Navigation demo
· Navigation demo > 
  · 
    · Navigation stack:
    · PushAsync
    · PopAsync
    · PopToRootAsync
    · Modal stack:
    · PushModalAsync
    · PopModalAsync
    · Toggle MasterDetail MainPage
]]></output>
        </test-case>
        <test-case id="1-1026" name="TestOnlyContentPagesAreSupported" fullname="Tests.NavigationTests.TestOnlyContentPagesAreSupported" methodname="TestOnlyContentPagesAreSupported" classname="Tests.NavigationTests" runstate="Runnable" seed="1873768540" result="Passed" start-time="2017-06-16 04:13:04Z" end-time="2017-06-16 04:13:04Z" duration="0.006311" asserts="1">
          <output><![CDATA[· Error 
  · The expected page is not of type 'ContentPage'
]]></output>
        </test-case>
        <test-case id="1-1021" name="TestPageAppearingOnAppStart" fullname="Tests.NavigationTests.TestPageAppearingOnAppStart" methodname="TestPageAppearingOnAppStart" classname="Tests.NavigationTests" runstate="Runnable" seed="1195934268" result="Passed" start-time="2017-06-16 04:13:04Z" end-time="2017-06-16 04:13:04Z" duration="0.003545" asserts="1">
          <output><![CDATA[· Navigation demo 
  · 
    · Navigation stack:
    · PushAsync
    · PopAsync
    · PopToRootAsync
    · Modal stack:
    · PushModalAsync
    · PopModalAsync
    · Toggle MasterDetail MainPage
]]></output>
        </test-case>
        <test-case id="1-1023" name="TestPageDisAppearingOnMenuChange" fullname="Tests.NavigationTests.TestPageDisAppearingOnMenuChange" methodname="TestPageDisAppearingOnMenuChange" classname="Tests.NavigationTests" runstate="Runnable" seed="548155297" result="Passed" start-time="2017-06-16 04:13:04Z" end-time="2017-06-16 04:13:04Z" duration="0.002465" asserts="5">
          <output><![CDATA[disappearing: Navigation demo
appearing: Element demo
disappearing: Element demo
appearing: Navigation demo
· Navigation demo 
  · 
    · Navigation stack:
    · PushAsync
    · PopAsync
    · PopToRootAsync
    · Modal stack:
    · PushModalAsync
    · PopModalAsync
    · Toggle MasterDetail MainPage
]]></output>
        </test-case>
        <test-case id="1-1022" name="TestPageDisAppearingOnPushPop" fullname="Tests.NavigationTests.TestPageDisAppearingOnPushPop" methodname="TestPageDisAppearingOnPushPop" classname="Tests.NavigationTests" runstate="Runnable" seed="1377333881" result="Passed" start-time="2017-06-16 04:13:04Z" end-time="2017-06-16 04:13:04Z" duration="0.010136" asserts="4">
          <output><![CDATA[· Navigation demo 
  · 
    · Navigation stack:
    · PushAsync
    · PopAsync
    · PopToRootAsync
    · Modal stack:
    · PushModalAsync
    · PopModalAsync
    · Toggle MasterDetail MainPage
]]></output>
        </test-case>
        <test-case id="1-1020" name="TestPopToRoot" fullname="Tests.NavigationTests.TestPopToRoot" methodname="TestPopToRoot" classname="Tests.NavigationTests" runstate="Runnable" seed="993426026" result="Passed" start-time="2017-06-16 04:13:04Z" end-time="2017-06-16 04:13:04Z" duration="0.006792" asserts="13">
          <output><![CDATA[disappearing: Navigation demo
appearing: Navigation demo
· Navigation demo 
  · 
    · Navigation stack:
    · PushAsync
    · PopAsync
    · PopToRootAsync
    · Modal stack:
    · PushModalAsync
    · PopModalAsync
    · Toggle MasterDetail MainPage
]]></output>
        </test-case>
        <test-case id="1-1024" name="TestPopToRootEvent" fullname="Tests.NavigationTests.TestPopToRootEvent" methodname="TestPopToRootEvent" classname="Tests.NavigationTests" runstate="Ignored" seed="415167178" result="Skipped" label="Ignored" start-time="2017-06-16 04:13:04Z" end-time="2017-06-16 04:13:04Z" duration="0.000490" asserts="0">
          <properties>
            <property name="_SKIPREASON" value="Not working yet" />
          </properties>
          <reason>
            <message><![CDATA[Not working yet]]></message>
          </reason>
        </test-case>
        <test-case id="1-1025" name="ToggleMainPageBetweenMasterDetailAndNavigation" fullname="Tests.NavigationTests.ToggleMainPageBetweenMasterDetailAndNavigation" methodname="ToggleMainPageBetweenMasterDetailAndNavigation" classname="Tests.NavigationTests" runstate="Runnable" seed="2141213640" result="Passed" start-time="2017-06-16 04:13:04Z" end-time="2017-06-16 04:13:04Z" duration="0.001850" asserts="18">
          <output><![CDATA[disappearing: Navigation demo
appearing: Element demo
· Element demo [ToolbarItem]
  · 
    · 
      · Button
      · Label
      · 
        · label in tap-able layout
      · 
        · Cell A
        · Cell B
        · Cell C
        · Cell D
      · 
      · editor content
      · bound text 2
]]></output>
        </test-case>
      </test-suite>
      <test-suite type="TestFixture" id="1-1015" name="ReflectionTests" fullname="Tests.ReflectionTests" classname="Tests.ReflectionTests" runstate="Runnable" testcasecount="1" result="Passed" start-time="2017-06-16 04:13:04Z" end-time="2017-06-16 04:13:04Z" duration="0.087847" total="1" passed="1" failed="0" warnings="0" inconclusive="0" skipped="0" asserts="0">
        <test-case id="1-1016" name="ScanForSendMethods" fullname="Tests.ReflectionTests.ScanForSendMethods" methodname="ScanForSendMethods" classname="Tests.ReflectionTests" runstate="Runnable" seed="910962835" result="Passed" start-time="2017-06-16 04:13:04Z" end-time="2017-06-16 04:13:04Z" duration="0.085361" asserts="0">
          <output><![CDATA[Application: SendOnAppLinkRequestReceived
Application: SendResume
Application: SendSleepAsync
Application: SendStart
EntryCell: SendCompleted
EntryCell: SendAppearing
EntryCell: SendDisappearing
ICellController: SendAppearing
ICellController: SendDisappearing
IEntryCellController: SendCompleted
ImageCell: SendAppearing
ImageCell: SendDisappearing
IEditorController: SendCompleted
IWebViewController: SendNavigated
IWebViewController: SendNavigating
INavigationMenuController: SendTargetSelected
Effect: SendAttached
Effect: SendDetached
Effect: SendOnElementPropertyChanged
IEntryController: SendCompleted
IButtonController: SendClicked
IButtonController: SendPressed
IButtonController: SendReleased
IListViewController: NotifyRowTapped
IListViewController: NotifyRowTapped
IListViewController: SendCellAppearing
IListViewController: SendCellDisappearing
IListViewController: SendRefreshing
IPageController: SendAppearing
IPageController: SendDisappearing
IPanGestureController: SendPan
IPanGestureController: SendPanCanceled
IPanGestureController: SendPanCompleted
IPanGestureController: SendPanStarted
IPinchGestureController: SendPinch
IPinchGestureController: SendPinchCanceled
IPinchGestureController: SendPinchEnded
IPinchGestureController: SendPinchStarted
IScrollViewController: SendScrollFinished
NullEffect: SendAttached
NullEffect: SendDetached
NullEffect: SendOnElementPropertyChanged
PanGestureRecognizer: SendPan
PanGestureRecognizer: SendPanCanceled
PanGestureRecognizer: SendPanCompleted
PanGestureRecognizer: SendPanStarted
PlatformEffect`2: SendDetached
PlatformEffect`2: SendOnElementPropertyChanged
PlatformEffect`2: SendAttached
RoutingEffect: SendAttached
RoutingEffect: SendDetached
RoutingEffect: SendOnElementPropertyChanged
TapGestureRecognizer: SendTapped
TemplatedPage: SendBackButtonPressed
TemplatedPage: SendAppearing
TemplatedPage: SendDisappearing
NavigationPage: SendBackButtonPressed
NavigationPage: SendAppearing
NavigationPage: SendDisappearing
Page: SendBackButtonPressed
Page: SendAppearing
Page: SendDisappearing
CarouselPage: SendBackButtonPressed
CarouselPage: SendAppearing
CarouselPage: SendDisappearing
IMessagingCenter: Send
IMessagingCenter: Send
MessagingCenter: Send
MessagingCenter: Xamarin.Forms.IMessagingCenter.Send
MessagingCenter: Send
MessagingCenter: Xamarin.Forms.IMessagingCenter.Send
MessagingCenter: InnerSend
Cell: SendAppearing
Cell: SendDisappearing
SwitchCell: SendAppearing
SwitchCell: SendDisappearing
TextCell: SendAppearing
TextCell: SendDisappearing
ViewCell: SendAppearing
ViewCell: SendDisappearing
ListView: SendCellAppearing
ListView: SendCellDisappearing
ListView: SendRefreshing
ListView: NotifyRowTapped
ListView: NotifyRowTapped
Button: SendClicked
Button: SendPressed
Button: SendReleased
Editor: SendCompleted
Entry: SendCompleted
MasterDetailPage: SendBackButtonPressed
MasterDetailPage: SendAppearing
MasterDetailPage: SendDisappearing
ScrollView: SendScrollFinished
TabbedPage: SendBackButtonPressed
TabbedPage: SendAppearing
TabbedPage: SendDisappearing
WebView: SendNavigated
WebView: SendNavigating
ContentPage: SendBackButtonPressed
ContentPage: SendAppearing
ContentPage: SendDisappearing
MultiPage`1: SendBackButtonPressed
MultiPage`1: SendAppearing
MultiPage`1: SendDisappearing
PinchGestureRecognizer: SendPinch
PinchGestureRecognizer: SendPinchCanceled
PinchGestureRecognizer: SendPinchEnded
PinchGestureRecognizer: SendPinchStarted
Application: GetSendDisappearingEventOnPause
Application: SetSendDisappearingEventOnPause
Application: GetSendDisappearingEventOnPause
Application: SendDisappearingEventOnPause
Application: GetSendAppearingEventOnResume
Application: SetSendAppearingEventOnResume
Application: GetSendAppearingEventOnResume
Application: SendAppearingEventOnResume
LockableObservableListWrapper: System.Collections.Specialized.INotifyCollectionChanged.add_CollectionChanged
LockableObservableListWrapper: System.Collections.Specialized.INotifyCollectionChanged.remove_CollectionChanged
LockableObservableListWrapper: System.ComponentModel.INotifyPropertyChanged.add_PropertyChanged
LockableObservableListWrapper: System.ComponentModel.INotifyPropertyChanged.remove_PropertyChanged
Ticker: SendSignals
NavigationMenu: SendTargetSelected
<>c__DisplayClass14_0: <SendSignals>b__0
· Navigation demo 
  · 
    · Navigation stack:
    · PushAsync
    · PopAsync
    · PopToRootAsync
    · Modal stack:
    · PushModalAsync
    · PopModalAsync
    · Toggle MasterDetail MainPage
]]></output>
        </test-case>
      </test-suite>
      <test-suite type="TestFixture" id="1-1012" name="RendererTests" fullname="Tests.RendererTests" classname="Tests.RendererTests" runstate="Runnable" testcasecount="2" result="Passed" start-time="2017-06-16 04:13:04Z" end-time="2017-06-16 04:13:04Z" duration="0.006428" total="2" passed="2" failed="0" warnings="0" inconclusive="0" skipped="0" asserts="9">
        <test-case id="1-1013" name="TestAlertRendering" fullname="Tests.RendererTests.TestAlertRendering" methodname="TestAlertRendering" classname="Tests.RendererTests" runstate="Runnable" seed="1905039810" result="Passed" start-time="2017-06-16 04:13:04Z" end-time="2017-06-16 04:13:04Z" duration="0.000873" asserts="4">
          <output><![CDATA[Alert
Message

[] [Ok]
]]></output>
        </test-case>
        <test-case id="1-1014" name="TestElementRendering" fullname="Tests.RendererTests.TestElementRendering" methodname="TestElementRendering" classname="Tests.RendererTests" runstate="Runnable" seed="1300913467" result="Passed" start-time="2017-06-16 04:13:04Z" end-time="2017-06-16 04:13:04Z" duration="0.000992" asserts="5">
          <output><![CDATA[disappearing: Navigation demo
appearing: Element demo
· Element demo [ToolbarItem]
  · 
    · 
      · Button
      · Label
      · 
        · label in tap-able layout
      · 
        · Cell A
        · Cell B
        · Cell C
        · Cell D
      · some text input
      · editor content
      · bound text 2
]]></output>
        </test-case>
      </test-suite>
      <test-suite type="TestFixture" id="1-1027" name="ToolingTests" fullname="Tests.ToolingTests" classname="Tests.ToolingTests" runstate="Runnable" testcasecount="2" result="Passed" start-time="2017-06-16 04:13:04Z" end-time="2017-06-16 04:13:04Z" duration="0.014563" total="2" passed="2" failed="0" warnings="0" inconclusive="0" skipped="0" asserts="11">
        <test-case id="1-1028" name="TestShouldSee" fullname="Tests.ToolingTests.TestShouldSee" methodname="TestShouldSee" classname="Tests.ToolingTests" runstate="Runnable" seed="645784307" result="Passed" start-time="2017-06-16 04:13:04Z" end-time="2017-06-16 04:13:04Z" duration="0.001600" asserts="4">
          <output><![CDATA[disappearing: Navigation demo
appearing: Navigation demo
· Navigation demo 
  · 
    · Navigation stack:
    · PushAsync
    · PopAsync
    · PopToRootAsync
    · Modal stack:
    · PushModalAsync
    · PopModalAsync
    · Toggle MasterDetail MainPage
]]></output>
        </test-case>
        <test-case id="1-1029" name="TestTap" fullname="Tests.ToolingTests.TestTap" methodname="TestTap" classname="Tests.ToolingTests" runstate="Runnable" seed="892308188" result="Passed" start-time="2017-06-16 04:13:04Z" end-time="2017-06-16 04:13:04Z" duration="0.002174" asserts="7">
          <output><![CDATA[disappearing: Navigation demo
appearing: Navigation demo
· Navigation demo 
  · 
    · Navigation stack:
    · PushAsync
    · PopAsync
    · PopToRootAsync
    · Modal stack:
    · PushModalAsync
    · PopModalAsync
    · Toggle MasterDetail MainPage
]]></output>
        </test-case>
      </test-suite>
    </test-suite>
  </test-suite>
</test-run>