<?xml version="1.0" encoding="utf-8" standalone="no"?>
<test-run id="2" testcasecount="28" result="Skipped" label="Ignored" total="28" passed="27" failed="0" inconclusive="0" skipped="1" asserts="135" engine-version="3.6.1.0" clr-version="4.0.30319.42000" start-time="2017-06-18 15:38:25Z" end-time="2017-06-18 15:38:28Z" duration="3.293832">
  <command-line><![CDATA[/Users/rodja/Projects/userflow/packages/NUnit.ConsoleRunner.3.6.1/tools/nunit3-console.exe -config=Release Tests/Tests.csproj]]></command-line>
  <test-suite type="Assembly" id="1-1033" name="NUnitTest.dll" fullname="/Users/rodja/Projects/userflow/Tests/bin/Release/NUnitTest.dll" runstate="Runnable" testcasecount="28" result="Skipped" label="Ignored" start-time="2017-06-18 15:38:26Z" end-time="2017-06-18 15:38:28Z" duration="2.436674" total="28" passed="27" failed="0" warnings="0" inconclusive="0" skipped="1" asserts="135">
    <environment framework-version="3.7.1.0" clr-version="4.0.30319.42000" os-version="Unix 16.6.0.0" platform="Unix" cwd="/Users/rodja/Projects/userflow" machine-name="R3.local" user="rodja" user-domain="R3.local" culture="de-DE" uiculture="de-DE" os-architecture="x86" />
    <settings>
      <setting name="BasePath" value="/Users/rodja/Projects/userflow/Tests/bin/Release" />
      <setting name="DisposeRunners" value="True" />
      <setting name="ActiveConfig" value="Release" />
      <setting name="WorkDirectory" value="/Users/rodja/Projects/userflow" />
      <setting name="ImageRuntimeVersion" value="4.0.30319" />
      <setting name="ImageTargetFrameworkName" value=".NETFramework,Version=v4.5" />
      <setting name="ImageRequiresX86" value="False" />
      <setting name="ImageRequiresDefaultAppDomainAssemblyResolver" value="False" />
      <setting name="NumberOfTestWorkers" value="4" />
    </settings>
    <properties>
      <property name="_PID" value="37476" />
      <property name="_APPDOMAIN" value="domain-3026b9a2-Tests.csproj" />
    </properties>
    <reason>
      <message><![CDATA[One or more child tests were ignored]]></message>
    </reason>
    <test-suite type="TestSuite" id="1-1034" name="Tests" fullname="Tests" runstate="Runnable" testcasecount="28" result="Skipped" label="Ignored" start-time="2017-06-18 15:38:26Z" end-time="2017-06-18 15:38:28Z" duration="2.423045" total="28" passed="27" failed="0" warnings="0" inconclusive="0" skipped="1" asserts="135">
      <reason>
        <message><![CDATA[One or more child tests were ignored]]></message>
      </reason>
      <test-suite type="TestFixture" id="1-1000" name="ElementTests" fullname="Tests.ElementTests" classname="Tests.ElementTests" runstate="Runnable" testcasecount="12" result="Passed" start-time="2017-06-18 15:38:26Z" end-time="2017-06-18 15:38:26Z" duration="0.212242" total="12" passed="12" failed="0" warnings="0" inconclusive="0" skipped="0" asserts="54">
        <test-case id="1-1012" name="TestAlert" fullname="Tests.ElementTests.TestAlert" methodname="TestAlert" classname="Tests.ElementTests" runstate="Runnable" seed="1371198129" result="Passed" start-time="2017-06-18 15:38:26Z" end-time="2017-06-18 15:38:26Z" duration="0.126374" asserts="4">
          <output><![CDATA[disappearing: Navigation demo
appearing: Element demo
· Menu 
  · 
    · Menu
    · Navigation
    · Elements
    · ListViews
    · Alert
]]></output>
        </test-case>
        <test-case id="1-1007" name="TestBinding" fullname="Tests.ElementTests.TestBinding" methodname="TestBinding" classname="Tests.ElementTests" runstate="Runnable" seed="3341310" result="Passed" start-time="2017-06-18 15:38:26Z" end-time="2017-06-18 15:38:26Z" duration="0.002213" asserts="2">
          <output><![CDATA[disappearing: Navigation demo
appearing: Element demo
· Element demo [ToolbarItem]
  · 
    · 
      ·  (searchbar_automation_id)
      · Button
      · Label
      · 
        · label in tap-able layout
      · 
        · Cell A
        · Cell B
        · Cell C
        · Cell D
      ·  (entry_automation_id)
      · editor content (editor_automation_id)
      · bound text 2
      · Countdown
]]></output>
        </test-case>
        <test-case id="1-1002" name="TestButton" fullname="Tests.ElementTests.TestButton" methodname="TestButton" classname="Tests.ElementTests" runstate="Runnable" seed="238950166" result="Passed" start-time="2017-06-18 15:38:26Z" end-time="2017-06-18 15:38:26Z" duration="0.001521" asserts="4">
          <output><![CDATA[disappearing: Navigation demo
appearing: Element demo
Success
Button tapped

[] [Ok]
]]></output>
        </test-case>
        <test-case id="1-1009" name="TestEditor" fullname="Tests.ElementTests.TestEditor" methodname="TestEditor" classname="Tests.ElementTests" runstate="Runnable" seed="6323935" result="Passed" start-time="2017-06-18 15:38:26Z" end-time="2017-06-18 15:38:26Z" duration="0.003785" asserts="6">
          <output><![CDATA[disappearing: Navigation demo
appearing: Element demo
· Element demo [ToolbarItem]
  · 
    · 
      ·  (searchbar_automation_id)
      · Button
      · Label
      · 
        · label in tap-able layout
      · 
        · Cell A
        · Cell B
        · Cell C
        · Cell D
      ·  (entry_automation_id)
      · Text2 (editor_automation_id)
      · bound text 2
      · Countdown
]]></output>
        </test-case>
        <test-case id="1-1008" name="TestEntry" fullname="Tests.ElementTests.TestEntry" methodname="TestEntry" classname="Tests.ElementTests" runstate="Runnable" seed="1359460803" result="Passed" start-time="2017-06-18 15:38:26Z" end-time="2017-06-18 15:38:26Z" duration="0.001944" asserts="8">
          <output><![CDATA[disappearing: Navigation demo
appearing: Element demo
· Element demo [ToolbarItem]
  · 
    · 
      ·  (searchbar_automation_id)
      · Button
      · Label
      · 
        · label in tap-able layout
      · 
        · Cell A
        · Cell B
        · Cell C
        · Cell D
      · Text3 (entry_automation_id)
      · editor content (editor_automation_id)
      · bound text 2
      · Countdown
]]></output>
        </test-case>
        <test-case id="1-1005" name="TestGrid" fullname="Tests.ElementTests.TestGrid" methodname="TestGrid" classname="Tests.ElementTests" runstate="Runnable" seed="121210867" result="Passed" start-time="2017-06-18 15:38:26Z" end-time="2017-06-18 15:38:26Z" duration="0.002836" asserts="4">
          <output><![CDATA[disappearing: Navigation demo
appearing: Element demo
Success
Cell D tapped

[] [Ok]
]]></output>
        </test-case>
        <test-case id="1-1006" name="TestInvisible" fullname="Tests.ElementTests.TestInvisible" methodname="TestInvisible" classname="Tests.ElementTests" runstate="Runnable" seed="1066767328" result="Passed" start-time="2017-06-18 15:38:26Z" end-time="2017-06-18 15:38:26Z" duration="0.001500" asserts="2">
          <output><![CDATA[disappearing: Navigation demo
appearing: Element demo
· Element demo [ToolbarItem]
  · 
    · 
      ·  (searchbar_automation_id)
      · Button
      · Label
      · 
        · label in tap-able layout
      · 
        · Cell A
        · Cell B
        · Cell C
        · Cell D
      ·  (entry_automation_id)
      · editor content (editor_automation_id)
      · bound text 2
      · Countdown
]]></output>
        </test-case>
        <test-case id="1-1001" name="TestLabel" fullname="Tests.ElementTests.TestLabel" methodname="TestLabel" classname="Tests.ElementTests" runstate="Runnable" seed="817173330" result="Passed" start-time="2017-06-18 15:38:26Z" end-time="2017-06-18 15:38:26Z" duration="0.001100" asserts="4">
          <output><![CDATA[disappearing: Navigation demo
appearing: Element demo
Success
Label tapped

[] [Ok]
]]></output>
        </test-case>
        <test-case id="1-1004" name="TestListViews" fullname="Tests.ElementTests.TestListViews" methodname="TestListViews" classname="Tests.ElementTests" runstate="Runnable" seed="1509395" result="Passed" start-time="2017-06-18 15:38:26Z" end-time="2017-06-18 15:38:26Z" duration="0.028513" asserts="8">
          <output><![CDATA[disappearing: Navigation demo
appearing: Element demo
disappearing: Element demo
appearing: ListView demo
Success
Item A2 tapped

[] [Ok]
]]></output>
        </test-case>
        <test-case id="1-1003" name="TestNestedLabel" fullname="Tests.ElementTests.TestNestedLabel" methodname="TestNestedLabel" classname="Tests.ElementTests" runstate="Runnable" seed="1153999794" result="Passed" start-time="2017-06-18 15:38:26Z" end-time="2017-06-18 15:38:26Z" duration="0.001695" asserts="4">
          <output><![CDATA[disappearing: Navigation demo
appearing: Element demo
Success
StackLayout tapped

[] [Ok]
]]></output>
        </test-case>
        <test-case id="1-1011" name="TestSearchbar" fullname="Tests.ElementTests.TestSearchbar" methodname="TestSearchbar" classname="Tests.ElementTests" runstate="Runnable" seed="1124284104" result="Passed" start-time="2017-06-18 15:38:26Z" end-time="2017-06-18 15:38:26Z" duration="0.001412" asserts="4">
          <output><![CDATA[disappearing: Navigation demo
appearing: Element demo
· Element demo [ToolbarItem]
  · 
    · 
      · Search Text (searchbar_automation_id)
      · Button
      · Label
      · 
        · label in tap-able layout
      · 
        · Cell A
        · Cell B
        · Cell C
        · Cell D
      ·  (entry_automation_id)
      · editor content (editor_automation_id)
      · bound text 2
      · Countdown
]]></output>
        </test-case>
        <test-case id="1-1010" name="TestToolbarItem" fullname="Tests.ElementTests.TestToolbarItem" methodname="TestToolbarItem" classname="Tests.ElementTests" runstate="Runnable" seed="1036280249" result="Passed" start-time="2017-06-18 15:38:26Z" end-time="2017-06-18 15:38:26Z" duration="0.001225" asserts="4">
          <output><![CDATA[disappearing: Navigation demo
appearing: Element demo
Success
ToolbarItem tapped

[] [Ok]
]]></output>
        </test-case>
      </test-suite>
      <test-suite type="TestFixture" id="1-1018" name="NavigationTests" fullname="Tests.NavigationTests" classname="Tests.NavigationTests" runstate="Runnable" testcasecount="10" result="Skipped" label="Ignored" start-time="2017-06-18 15:38:26Z" end-time="2017-06-18 15:38:26Z" duration="0.066794" total="10" passed="9" failed="0" warnings="0" inconclusive="0" skipped="1" asserts="52">
        <reason>
          <message><![CDATA[One or more child tests were ignored]]></message>
        </reason>
        <test-case id="1-1020" name="TestModalStack" fullname="Tests.NavigationTests.TestModalStack" methodname="TestModalStack" classname="Tests.NavigationTests" runstate="Runnable" seed="2004858545" result="Passed" start-time="2017-06-18 15:38:26Z" end-time="2017-06-18 15:38:26Z" duration="0.011894" asserts="6">
          <output><![CDATA[· Navigation demo ^ 
  · 
    · Navigation demo ^
    · Navigation stack:
    · PushAsync
    · PopAsync
    · PopToRootAsync
    · Modal stack:
    · PushModalAsync
    · PopModalAsync
    · PushModalAsync NavigationPage
    · MasterDetail:
    · Toggle MasterDetail MainPage
]]></output>
        </test-case>
        <test-case id="1-1021" name="TestNavigationPageOnModalStack" fullname="Tests.NavigationTests.TestNavigationPageOnModalStack" methodname="TestNavigationPageOnModalStack" classname="Tests.NavigationTests" runstate="Runnable" seed="30921558" result="Passed" start-time="2017-06-18 15:38:26Z" end-time="2017-06-18 15:38:26Z" duration="0.004821" asserts="8">
          <output><![CDATA[· Navigation demo 
  · 
    · Navigation stack:
    · PushAsync
    · PopAsync
    · PopToRootAsync
    · Modal stack:
    · PushModalAsync
    · PopModalAsync
    · PushModalAsync NavigationPage
    · MasterDetail:
    · Toggle MasterDetail MainPage
]]></output>
        </test-case>
        <test-case id="1-1019" name="TestNavigationStack" fullname="Tests.NavigationTests.TestNavigationStack" methodname="TestNavigationStack" classname="Tests.NavigationTests" runstate="Runnable" seed="2115186800" result="Passed" start-time="2017-06-18 15:38:26Z" end-time="2017-06-18 15:38:26Z" duration="0.001844" asserts="6">
          <output><![CDATA[· Navigation demo > 
  · 
    · Navigation stack:
    · PushAsync
    · PopAsync
    · PopToRootAsync
    · Modal stack:
    · PushModalAsync
    · PopModalAsync
    · PushModalAsync NavigationPage
    · MasterDetail:
    · Toggle MasterDetail MainPage
]]></output>
        </test-case>
        <test-case id="1-1028" name="TestOnlyContentPagesAreSupported" fullname="Tests.NavigationTests.TestOnlyContentPagesAreSupported" methodname="TestOnlyContentPagesAreSupported" classname="Tests.NavigationTests" runstate="Runnable" seed="32120032" result="Passed" start-time="2017-06-18 15:38:26Z" end-time="2017-06-18 15:38:26Z" duration="0.005125" asserts="0">
          <output><![CDATA[· Error 
  · The expected page is not of type "ContentPage"
]]></output>
        </test-case>
        <test-case id="1-1023" name="TestPageAppearingOnAppStart" fullname="Tests.NavigationTests.TestPageAppearingOnAppStart" methodname="TestPageAppearingOnAppStart" classname="Tests.NavigationTests" runstate="Runnable" seed="1129874658" result="Passed" start-time="2017-06-18 15:38:26Z" end-time="2017-06-18 15:38:26Z" duration="0.002934" asserts="1">
          <output><![CDATA[· Navigation demo 
  · 
    · Navigation stack:
    · PushAsync
    · PopAsync
    · PopToRootAsync
    · Modal stack:
    · PushModalAsync
    · PopModalAsync
    · PushModalAsync NavigationPage
    · MasterDetail:
    · Toggle MasterDetail MainPage
]]></output>
        </test-case>
        <test-case id="1-1025" name="TestPageDisAppearingOnMenuChange" fullname="Tests.NavigationTests.TestPageDisAppearingOnMenuChange" methodname="TestPageDisAppearingOnMenuChange" classname="Tests.NavigationTests" runstate="Runnable" seed="1701554376" result="Passed" start-time="2017-06-18 15:38:26Z" end-time="2017-06-18 15:38:26Z" duration="0.001778" asserts="5">
          <output><![CDATA[disappearing: Navigation demo
appearing: Element demo
disappearing: Element demo
appearing: Navigation demo
· Navigation demo 
  · 
    · Navigation stack:
    · PushAsync
    · PopAsync
    · PopToRootAsync
    · Modal stack:
    · PushModalAsync
    · PopModalAsync
    · PushModalAsync NavigationPage
    · MasterDetail:
    · Toggle MasterDetail MainPage
]]></output>
        </test-case>
        <test-case id="1-1024" name="TestPageDisAppearingOnPushPop" fullname="Tests.NavigationTests.TestPageDisAppearingOnPushPop" methodname="TestPageDisAppearingOnPushPop" classname="Tests.NavigationTests" runstate="Runnable" seed="1928842844" result="Passed" start-time="2017-06-18 15:38:26Z" end-time="2017-06-18 15:38:26Z" duration="0.005541" asserts="4">
          <output><![CDATA[· Navigation demo 
  · 
    · Navigation stack:
    · PushAsync
    · PopAsync
    · PopToRootAsync
    · Modal stack:
    · PushModalAsync
    · PopModalAsync
    · PushModalAsync NavigationPage
    · MasterDetail:
    · Toggle MasterDetail MainPage
]]></output>
        </test-case>
        <test-case id="1-1022" name="TestPopToRoot" fullname="Tests.NavigationTests.TestPopToRoot" methodname="TestPopToRoot" classname="Tests.NavigationTests" runstate="Runnable" seed="159038256" result="Passed" start-time="2017-06-18 15:38:26Z" end-time="2017-06-18 15:38:26Z" duration="0.005347" asserts="8">
          <output><![CDATA[· Navigation demo 
  · 
    · Navigation stack:
    · PushAsync
    · PopAsync
    · PopToRootAsync
    · Modal stack:
    · PushModalAsync
    · PopModalAsync
    · PushModalAsync NavigationPage
    · MasterDetail:
    · Toggle MasterDetail MainPage
]]></output>
        </test-case>
        <test-case id="1-1026" name="TestPopToRootEvent" fullname="Tests.NavigationTests.TestPopToRootEvent" methodname="TestPopToRootEvent" classname="Tests.NavigationTests" runstate="Ignored" seed="1812221187" result="Skipped" label="Ignored" start-time="2017-06-18 15:38:26Z" end-time="2017-06-18 15:38:26Z" duration="0.000520" asserts="0">
          <properties>
            <property name="_SKIPREASON" value="Not working yet" />
          </properties>
          <reason>
            <message><![CDATA[Not working yet]]></message>
          </reason>
        </test-case>
        <test-case id="1-1027" name="ToggleMainPageBetweenMasterDetailAndNavigation" fullname="Tests.NavigationTests.ToggleMainPageBetweenMasterDetailAndNavigation" methodname="ToggleMainPageBetweenMasterDetailAndNavigation" classname="Tests.NavigationTests" runstate="Runnable" seed="1906107279" result="Passed" start-time="2017-06-18 15:38:26Z" end-time="2017-06-18 15:38:26Z" duration="0.002966" asserts="14">
          <output><![CDATA[disappearing: Navigation demo
appearing: Element demo
· Element demo [ToolbarItem]
  · 
    · 
      ·  (searchbar_automation_id)
      · Button
      · Label
      · 
        · label in tap-able layout
      · 
        · Cell A
        · Cell B
        · Cell C
        · Cell D
      ·  (entry_automation_id)
      · editor content (editor_automation_id)
      · bound text 2
      · Countdown
]]></output>
        </test-case>
      </test-suite>
      <test-suite type="TestFixture" id="1-1016" name="ReflectionTests" fullname="Tests.ReflectionTests" classname="Tests.ReflectionTests" runstate="Runnable" testcasecount="1" result="Passed" start-time="2017-06-18 15:38:26Z" end-time="2017-06-18 15:38:26Z" duration="0.094224" total="1" passed="1" failed="0" warnings="0" inconclusive="0" skipped="0" asserts="0">
        <test-case id="1-1017" name="ScanForSendMethods" fullname="Tests.ReflectionTests.ScanForSendMethods" methodname="ScanForSendMethods" classname="Tests.ReflectionTests" runstate="Runnable" seed="493623691" result="Passed" start-time="2017-06-18 15:38:26Z" end-time="2017-06-18 15:38:26Z" duration="0.091883" asserts="0">
          <output><![CDATA[Application: SendOnAppLinkRequestReceived
Application: SendResume
Application: SendSleepAsync
Application: SendStart
EntryCell: SendCompleted
EntryCell: SendAppearing
EntryCell: SendDisappearing
ICellController: SendAppearing
ICellController: SendDisappearing
IEntryCellController: SendCompleted
ImageCell: SendAppearing
ImageCell: SendDisappearing
IEditorController: SendCompleted
IWebViewController: SendNavigated
IWebViewController: SendNavigating
INavigationMenuController: SendTargetSelected
Effect: SendAttached
Effect: SendDetached
Effect: SendOnElementPropertyChanged
IEntryController: SendCompleted
IButtonController: SendClicked
IButtonController: SendPressed
IButtonController: SendReleased
IListViewController: NotifyRowTapped
IListViewController: NotifyRowTapped
IListViewController: SendCellAppearing
IListViewController: SendCellDisappearing
IListViewController: SendRefreshing
IPageController: SendAppearing
IPageController: SendDisappearing
IPanGestureController: SendPan
IPanGestureController: SendPanCanceled
IPanGestureController: SendPanCompleted
IPanGestureController: SendPanStarted
IPinchGestureController: SendPinch
IPinchGestureController: SendPinchCanceled
IPinchGestureController: SendPinchEnded
IPinchGestureController: SendPinchStarted
IScrollViewController: SendScrollFinished
NullEffect: SendAttached
NullEffect: SendDetached
NullEffect: SendOnElementPropertyChanged
PanGestureRecognizer: SendPan
PanGestureRecognizer: SendPanCanceled
PanGestureRecognizer: SendPanCompleted
PanGestureRecognizer: SendPanStarted
PlatformEffect`2: SendDetached
PlatformEffect`2: SendOnElementPropertyChanged
PlatformEffect`2: SendAttached
RoutingEffect: SendAttached
RoutingEffect: SendDetached
RoutingEffect: SendOnElementPropertyChanged
TapGestureRecognizer: SendTapped
TemplatedPage: SendBackButtonPressed
TemplatedPage: SendAppearing
TemplatedPage: SendDisappearing
NavigationPage: SendBackButtonPressed
NavigationPage: SendAppearing
NavigationPage: SendDisappearing
Page: SendBackButtonPressed
Page: SendAppearing
Page: SendDisappearing
CarouselPage: SendBackButtonPressed
CarouselPage: SendAppearing
CarouselPage: SendDisappearing
IMessagingCenter: Send
IMessagingCenter: Send
MessagingCenter: Send
MessagingCenter: Xamarin.Forms.IMessagingCenter.Send
MessagingCenter: Send
MessagingCenter: Xamarin.Forms.IMessagingCenter.Send
MessagingCenter: InnerSend
Cell: SendAppearing
Cell: SendDisappearing
SwitchCell: SendAppearing
SwitchCell: SendDisappearing
TextCell: SendAppearing
TextCell: SendDisappearing
ViewCell: SendAppearing
ViewCell: SendDisappearing
ListView: SendCellAppearing
ListView: SendCellDisappearing
ListView: SendRefreshing
ListView: NotifyRowTapped
ListView: NotifyRowTapped
Button: SendClicked
Button: SendPressed
Button: SendReleased
Editor: SendCompleted
Entry: SendCompleted
MasterDetailPage: SendBackButtonPressed
MasterDetailPage: SendAppearing
MasterDetailPage: SendDisappearing
ScrollView: SendScrollFinished
TabbedPage: SendBackButtonPressed
TabbedPage: SendAppearing
TabbedPage: SendDisappearing
WebView: SendNavigated
WebView: SendNavigating
ContentPage: SendBackButtonPressed
ContentPage: SendAppearing
ContentPage: SendDisappearing
MultiPage`1: SendBackButtonPressed
MultiPage`1: SendAppearing
MultiPage`1: SendDisappearing
PinchGestureRecognizer: SendPinch
PinchGestureRecognizer: SendPinchCanceled
PinchGestureRecognizer: SendPinchEnded
PinchGestureRecognizer: SendPinchStarted
Application: GetSendDisappearingEventOnPause
Application: SetSendDisappearingEventOnPause
Application: GetSendDisappearingEventOnPause
Application: SendDisappearingEventOnPause
Application: GetSendAppearingEventOnResume
Application: SetSendAppearingEventOnResume
Application: GetSendAppearingEventOnResume
Application: SendAppearingEventOnResume
LockableObservableListWrapper: System.Collections.Specialized.INotifyCollectionChanged.add_CollectionChanged
LockableObservableListWrapper: System.Collections.Specialized.INotifyCollectionChanged.remove_CollectionChanged
LockableObservableListWrapper: System.ComponentModel.INotifyPropertyChanged.add_PropertyChanged
LockableObservableListWrapper: System.ComponentModel.INotifyPropertyChanged.remove_PropertyChanged
Ticker: SendSignals
NavigationMenu: SendTargetSelected
<>c__DisplayClass14_0: <SendSignals>b__0
· Navigation demo 
  · 
    · Navigation stack:
    · PushAsync
    · PopAsync
    · PopToRootAsync
    · Modal stack:
    · PushModalAsync
    · PopModalAsync
    · PushModalAsync NavigationPage
    · MasterDetail:
    · Toggle MasterDetail MainPage
]]></output>
        </test-case>
      </test-suite>
      <test-suite type="TestFixture" id="1-1013" name="RendererTests" fullname="Tests.RendererTests" classname="Tests.RendererTests" runstate="Runnable" testcasecount="2" result="Passed" start-time="2017-06-18 15:38:26Z" end-time="2017-06-18 15:38:26Z" duration="0.006695" total="2" passed="2" failed="0" warnings="0" inconclusive="0" skipped="0" asserts="10">
        <test-case id="1-1014" name="TestAlertRendering" fullname="Tests.RendererTests.TestAlertRendering" methodname="TestAlertRendering" classname="Tests.RendererTests" runstate="Runnable" seed="1888866827" result="Passed" start-time="2017-06-18 15:38:26Z" end-time="2017-06-18 15:38:26Z" duration="0.000778" asserts="3">
          <output><![CDATA[Alert
Message

[] [Ok]
]]></output>
        </test-case>
        <test-case id="1-1015" name="TestElementRendering" fullname="Tests.RendererTests.TestElementRendering" methodname="TestElementRendering" classname="Tests.RendererTests" runstate="Runnable" seed="818175828" result="Passed" start-time="2017-06-18 15:38:26Z" end-time="2017-06-18 15:38:26Z" duration="0.001050" asserts="7">
          <output><![CDATA[disappearing: Navigation demo
appearing: Element demo
· Element demo [ToolbarItem]
  · 
    · 
      · search text (searchbar_automation_id)
      · Button
      · Label
      · 
        · label in tap-able layout
      · 
        · Cell A
        · Cell B
        · Cell C
        · Cell D
      · some text input (entry_automation_id)
      · editor content (editor_automation_id)
      · bound text 2
      · Countdown
]]></output>
        </test-case>
      </test-suite>
      <test-suite type="TestFixture" id="1-1029" name="ToolingTests" fullname="Tests.ToolingTests" classname="Tests.ToolingTests" runstate="Runnable" testcasecount="3" result="Passed" start-time="2017-06-18 15:38:26Z" end-time="2017-06-18 15:38:28Z" duration="2.031070" total="3" passed="3" failed="0" warnings="0" inconclusive="0" skipped="0" asserts="19">
        <test-case id="1-1032" name="TestDelay" fullname="Tests.ToolingTests.TestDelay" methodname="TestDelay" classname="Tests.ToolingTests" runstate="Runnable" seed="1102221528" result="Passed" start-time="2017-06-18 15:38:26Z" end-time="2017-06-18 15:38:28Z" duration="2.021776" asserts="11">
          <output><![CDATA[disappearing: Navigation demo
appearing: Navigation demo
disappearing: Navigation demo
appearing: Element demo
· Element demo [ToolbarItem]
  · 
    · 
      ·  (searchbar_automation_id)
      · Button
      · Label
      · 
        · label in tap-able layout
      · 
        · Cell A
        · Cell B
        · Cell C
        · Cell D
      ·  (entry_automation_id)
      · editor content (editor_automation_id)
      · bound text 2
      · 3
]]></output>
        </test-case>
        <test-case id="1-1030" name="TestShouldSee" fullname="Tests.ToolingTests.TestShouldSee" methodname="TestShouldSee" classname="Tests.ToolingTests" runstate="Runnable" seed="448744373" result="Passed" start-time="2017-06-18 15:38:28Z" end-time="2017-06-18 15:38:28Z" duration="0.001003" asserts="2">
          <output><![CDATA[disappearing: Navigation demo
appearing: Navigation demo
· Navigation demo 
  · 
    · Navigation stack:
    · PushAsync
    · PopAsync
    · PopToRootAsync
    · Modal stack:
    · PushModalAsync
    · PopModalAsync
    · PushModalAsync NavigationPage
    · MasterDetail:
    · Toggle MasterDetail MainPage
]]></output>
        </test-case>
        <test-case id="1-1031" name="TestTap" fullname="Tests.ToolingTests.TestTap" methodname="TestTap" classname="Tests.ToolingTests" runstate="Runnable" seed="1520350247" result="Passed" start-time="2017-06-18 15:38:28Z" end-time="2017-06-18 15:38:28Z" duration="0.001238" asserts="6">
          <output><![CDATA[disappearing: Navigation demo
appearing: Navigation demo
· Navigation demo 
  · 
    · Navigation stack:
    · PushAsync
    · PopAsync
    · PopToRootAsync
    · Modal stack:
    · PushModalAsync
    · PopModalAsync
    · PushModalAsync NavigationPage
    · MasterDetail:
    · Toggle MasterDetail MainPage
]]></output>
        </test-case>
      </test-suite>
    </test-suite>
  </test-suite>
</test-run>