<?xml version="1.0" encoding="utf-8" standalone="no"?>
<test-run id="2" testcasecount="28" result="Passed" total="28" passed="28" failed="0" inconclusive="0" skipped="0" asserts="155" engine-version="3.6.1.0" clr-version="4.0.30319.42000" start-time="2017-06-20 09:37:55Z" end-time="2017-06-20 09:37:58Z" duration="3.333198">
  <command-line><![CDATA[/Users/falko/Projects/userflow/packages/NUnit.ConsoleRunner.3.6.1/tools/nunit3-console.exe -config=Release Tests/Tests.csproj]]></command-line>
  <test-suite type="Assembly" id="1-1033" name="NUnitTest.dll" fullname="/Users/falko/Projects/userflow/Tests/bin/Release/NUnitTest.dll" runstate="Runnable" testcasecount="28" result="Passed" start-time="2017-06-20 09:37:55Z" end-time="2017-06-20 09:37:58Z" duration="2.434829" total="28" passed="28" failed="0" warnings="0" inconclusive="0" skipped="0" asserts="155">
    <environment framework-version="3.7.1.0" clr-version="4.0.30319.42000" os-version="Unix 16.6.0.0" platform="Unix" cwd="/Users/falko/Projects/userflow" machine-name="Falkos-MacBook-Pro.local" user="falko" user-domain="Falkos-MacBook-Pro.local" culture="en-US" uiculture="en-US" os-architecture="x86" />
    <settings>
      <setting name="BasePath" value="/Users/falko/Projects/userflow/Tests/bin/Release" />
      <setting name="DisposeRunners" value="True" />
      <setting name="ActiveConfig" value="Release" />
      <setting name="WorkDirectory" value="/Users/falko/Projects/userflow" />
      <setting name="ImageRuntimeVersion" value="4.0.30319" />
      <setting name="ImageTargetFrameworkName" value=".NETFramework,Version=v4.5" />
      <setting name="ImageRequiresX86" value="False" />
      <setting name="ImageRequiresDefaultAppDomainAssemblyResolver" value="False" />
      <setting name="NumberOfTestWorkers" value="4" />
    </settings>
    <properties>
      <property name="_PID" value="25670" />
      <property name="_APPDOMAIN" value="domain-3026b9a2-Tests.csproj" />
    </properties>
    <test-suite type="TestSuite" id="1-1034" name="Tests" fullname="Tests" runstate="Runnable" testcasecount="28" result="Passed" start-time="2017-06-20 09:37:55Z" end-time="2017-06-20 09:37:58Z" duration="2.419768" total="28" passed="28" failed="0" warnings="0" inconclusive="0" skipped="0" asserts="155">
      <test-suite type="TestFixture" id="1-1000" name="ElementTests" fullname="Tests.ElementTests" classname="Tests.ElementTests" runstate="Runnable" testcasecount="12" result="Passed" start-time="2017-06-20 09:37:55Z" end-time="2017-06-20 09:37:56Z" duration="0.219771" total="12" passed="12" failed="0" warnings="0" inconclusive="0" skipped="0" asserts="54">
        <test-case id="1-1012" name="TestAlert" fullname="Tests.ElementTests.TestAlert" methodname="TestAlert" classname="Tests.ElementTests" runstate="Runnable" seed="1811246404" result="Passed" start-time="2017-06-20 09:37:55Z" end-time="2017-06-20 09:37:56Z" duration="0.142212" asserts="4">
          <output><![CDATA[· Menu 
  · 
    · Menu
    · Navigation
    · Elements
    · ListViews
    · Alert
]]></output>
        </test-case>
        <test-case id="1-1007" name="TestBinding" fullname="Tests.ElementTests.TestBinding" methodname="TestBinding" classname="Tests.ElementTests" runstate="Runnable" seed="69798310" result="Passed" start-time="2017-06-20 09:37:56Z" end-time="2017-06-20 09:37:56Z" duration="0.002177" asserts="2">
          <output><![CDATA[· Element demo [ToolbarItem]
  · 
    · 
      ·  (searchbar_automation_id)
      · Button
      · Label
      · 
        · label in tap-able layout
      · 
        · Cell A
        · Cell B
        · Cell C
        · Cell D
      ·  (entry_automation_id)
      · editor content (editor_automation_id)
      · bound text 2
      · Countdown
]]></output>
        </test-case>
        <test-case id="1-1002" name="TestButton" fullname="Tests.ElementTests.TestButton" methodname="TestButton" classname="Tests.ElementTests" runstate="Runnable" seed="1177671256" result="Passed" start-time="2017-06-20 09:37:56Z" end-time="2017-06-20 09:37:56Z" duration="0.001365" asserts="4">
          <output><![CDATA[Success
Button tapped

[] [Ok]
]]></output>
        </test-case>
        <test-case id="1-1009" name="TestEditor" fullname="Tests.ElementTests.TestEditor" methodname="TestEditor" classname="Tests.ElementTests" runstate="Runnable" seed="157402159" result="Passed" start-time="2017-06-20 09:37:56Z" end-time="2017-06-20 09:37:56Z" duration="0.004037" asserts="6">
          <output><![CDATA[· Element demo [ToolbarItem]
  · 
    · 
      ·  (searchbar_automation_id)
      · Button
      · Label
      · 
        · label in tap-able layout
      · 
        · Cell A
        · Cell B
        · Cell C
        · Cell D
      ·  (entry_automation_id)
      · Text2 (editor_automation_id)
      · bound text 2
      · Countdown
]]></output>
        </test-case>
        <test-case id="1-1008" name="TestEntry" fullname="Tests.ElementTests.TestEntry" methodname="TestEntry" classname="Tests.ElementTests" runstate="Runnable" seed="363668475" result="Passed" start-time="2017-06-20 09:37:56Z" end-time="2017-06-20 09:37:56Z" duration="0.001539" asserts="8">
          <output><![CDATA[· Element demo [ToolbarItem]
  · 
    · 
      ·  (searchbar_automation_id)
      · Button
      · Label
      · 
        · label in tap-able layout
      · 
        · Cell A
        · Cell B
        · Cell C
        · Cell D
      · Text3 (entry_automation_id)
      · editor content (editor_automation_id)
      · bound text 2
      · Countdown
]]></output>
        </test-case>
        <test-case id="1-1005" name="TestGrid" fullname="Tests.ElementTests.TestGrid" methodname="TestGrid" classname="Tests.ElementTests" runstate="Runnable" seed="431952323" result="Passed" start-time="2017-06-20 09:37:56Z" end-time="2017-06-20 09:37:56Z" duration="0.002443" asserts="4">
          <output><![CDATA[Success
Cell D tapped

[] [Ok]
]]></output>
        </test-case>
        <test-case id="1-1006" name="TestInvisible" fullname="Tests.ElementTests.TestInvisible" methodname="TestInvisible" classname="Tests.ElementTests" runstate="Runnable" seed="210759855" result="Passed" start-time="2017-06-20 09:37:56Z" end-time="2017-06-20 09:37:56Z" duration="0.000955" asserts="2">
          <output><![CDATA[· Element demo [ToolbarItem]
  · 
    · 
      ·  (searchbar_automation_id)
      · Button
      · Label
      · 
        · label in tap-able layout
      · 
        · Cell A
        · Cell B
        · Cell C
        · Cell D
      ·  (entry_automation_id)
      · editor content (editor_automation_id)
      · bound text 2
      · Countdown
]]></output>
        </test-case>
        <test-case id="1-1001" name="TestLabel" fullname="Tests.ElementTests.TestLabel" methodname="TestLabel" classname="Tests.ElementTests" runstate="Runnable" seed="88208111" result="Passed" start-time="2017-06-20 09:37:56Z" end-time="2017-06-20 09:37:56Z" duration="0.001206" asserts="4">
          <output><![CDATA[Success
Label tapped

[] [Ok]
]]></output>
        </test-case>
        <test-case id="1-1004" name="TestListViews" fullname="Tests.ElementTests.TestListViews" methodname="TestListViews" classname="Tests.ElementTests" runstate="Runnable" seed="271332242" result="Passed" start-time="2017-06-20 09:37:56Z" end-time="2017-06-20 09:37:56Z" duration="0.024480" asserts="8">
          <output><![CDATA[Success
Item A2 tapped

[] [Ok]
]]></output>
        </test-case>
        <test-case id="1-1003" name="TestNestedLabel" fullname="Tests.ElementTests.TestNestedLabel" methodname="TestNestedLabel" classname="Tests.ElementTests" runstate="Runnable" seed="964298066" result="Passed" start-time="2017-06-20 09:37:56Z" end-time="2017-06-20 09:37:56Z" duration="0.001188" asserts="4">
          <output><![CDATA[Success
StackLayout tapped

[] [Ok]
]]></output>
        </test-case>
        <test-case id="1-1011" name="TestSearchbar" fullname="Tests.ElementTests.TestSearchbar" methodname="TestSearchbar" classname="Tests.ElementTests" runstate="Runnable" seed="1444451318" result="Passed" start-time="2017-06-20 09:37:56Z" end-time="2017-06-20 09:37:56Z" duration="0.002036" asserts="4">
          <output><![CDATA[· Element demo [ToolbarItem]
  · 
    · 
      · Search Text (searchbar_automation_id)
      · Button
      · Label
      · 
        · label in tap-able layout
      · 
        · Cell A
        · Cell B
        · Cell C
        · Cell D
      ·  (entry_automation_id)
      · editor content (editor_automation_id)
      · bound text 2
      · Countdown
]]></output>
        </test-case>
        <test-case id="1-1010" name="TestToolbarItem" fullname="Tests.ElementTests.TestToolbarItem" methodname="TestToolbarItem" classname="Tests.ElementTests" runstate="Runnable" seed="524490713" result="Passed" start-time="2017-06-20 09:37:56Z" end-time="2017-06-20 09:37:56Z" duration="0.001032" asserts="4">
          <output><![CDATA[Success
ToolbarItem tapped

[] [Ok]
]]></output>
        </test-case>
      </test-suite>
      <test-suite type="TestFixture" id="1-1018" name="NavigationTests" fullname="Tests.NavigationTests" classname="Tests.NavigationTests" runstate="Runnable" testcasecount="10" result="Passed" start-time="2017-06-20 09:37:56Z" end-time="2017-06-20 09:37:56Z" duration="0.060328" total="10" passed="10" failed="0" warnings="0" inconclusive="0" skipped="0" asserts="72">
        <test-case id="1-1027" name="TestModalPopToRootEvent" fullname="Tests.NavigationTests.TestModalPopToRootEvent" methodname="TestModalPopToRootEvent" classname="Tests.NavigationTests" runstate="Runnable" seed="19056974" result="Passed" start-time="2017-06-20 09:37:56Z" end-time="2017-06-20 09:37:56Z" duration="0.014023" asserts="9">
          <output><![CDATA[· Navigation ^ 
  · 
    · Navigation ^
    · Navigation stack:
    · PushAsync
    · PopAsync
    · PopToRootAsync
    · Modal stack:
    · PushModalAsync
    · PopModalAsync
    · PushModalAsync NavigationPage
    · MasterDetail:
    · Toggle MasterDetail MainPage
]]></output>
        </test-case>
        <test-case id="1-1020" name="TestModalStack" fullname="Tests.NavigationTests.TestModalStack" methodname="TestModalStack" classname="Tests.NavigationTests" runstate="Runnable" seed="1121518976" result="Passed" start-time="2017-06-20 09:37:56Z" end-time="2017-06-20 09:37:56Z" duration="0.004112" asserts="6">
          <output><![CDATA[· Navigation ^ 
  · 
    · Navigation ^
    · Navigation stack:
    · PushAsync
    · PopAsync
    · PopToRootAsync
    · Modal stack:
    · PushModalAsync
    · PopModalAsync
    · PushModalAsync NavigationPage
    · MasterDetail:
    · Toggle MasterDetail MainPage
]]></output>
        </test-case>
        <test-case id="1-1021" name="TestNavigationPageOnModalStack" fullname="Tests.NavigationTests.TestNavigationPageOnModalStack" methodname="TestNavigationPageOnModalStack" classname="Tests.NavigationTests" runstate="Runnable" seed="1048699686" result="Passed" start-time="2017-06-20 09:37:56Z" end-time="2017-06-20 09:37:56Z" duration="0.004072" asserts="8">
          <output><![CDATA[· Navigation 
  · 
    · Navigation stack:
    · PushAsync
    · PopAsync
    · PopToRootAsync
    · Modal stack:
    · PushModalAsync
    · PopModalAsync
    · PushModalAsync NavigationPage
    · MasterDetail:
    · Toggle MasterDetail MainPage
]]></output>
        </test-case>
        <test-case id="1-1019" name="TestNavigationStack" fullname="Tests.NavigationTests.TestNavigationStack" methodname="TestNavigationStack" classname="Tests.NavigationTests" runstate="Runnable" seed="1056325268" result="Passed" start-time="2017-06-20 09:37:56Z" end-time="2017-06-20 09:37:56Z" duration="0.001007" asserts="6">
          <output><![CDATA[· Navigation > 
  · 
    · Navigation stack:
    · PushAsync
    · PopAsync
    · PopToRootAsync
    · Modal stack:
    · PushModalAsync
    · PopModalAsync
    · PushModalAsync NavigationPage
    · MasterDetail:
    · Toggle MasterDetail MainPage
]]></output>
        </test-case>
        <test-case id="1-1023" name="TestPageAppearingOnAppStart" fullname="Tests.NavigationTests.TestPageAppearingOnAppStart" methodname="TestPageAppearingOnAppStart" classname="Tests.NavigationTests" runstate="Runnable" seed="889245357" result="Passed" start-time="2017-06-20 09:37:56Z" end-time="2017-06-20 09:37:56Z" duration="0.000515" asserts="1">
          <output><![CDATA[· Navigation 
  · 
    · Navigation stack:
    · PushAsync
    · PopAsync
    · PopToRootAsync
    · Modal stack:
    · PushModalAsync
    · PopModalAsync
    · PushModalAsync NavigationPage
    · MasterDetail:
    · Toggle MasterDetail MainPage
]]></output>
        </test-case>
        <test-case id="1-1025" name="TestPageDisAppearingOnMenuChange" fullname="Tests.NavigationTests.TestPageDisAppearingOnMenuChange" methodname="TestPageDisAppearingOnMenuChange" classname="Tests.NavigationTests" runstate="Runnable" seed="1441881201" result="Passed" start-time="2017-06-20 09:37:56Z" end-time="2017-06-20 09:37:56Z" duration="0.001493" asserts="6">
          <output><![CDATA[· Navigation 
  · 
    · Navigation stack:
    · PushAsync
    · PopAsync
    · PopToRootAsync
    · Modal stack:
    · PushModalAsync
    · PopModalAsync
    · PushModalAsync NavigationPage
    · MasterDetail:
    · Toggle MasterDetail MainPage
]]></output>
        </test-case>
        <test-case id="1-1024" name="TestPageDisAppearingOnPushPop" fullname="Tests.NavigationTests.TestPageDisAppearingOnPushPop" methodname="TestPageDisAppearingOnPushPop" classname="Tests.NavigationTests" runstate="Runnable" seed="2082212731" result="Passed" start-time="2017-06-20 09:37:56Z" end-time="2017-06-20 09:37:56Z" duration="0.006036" asserts="7">
          <output><![CDATA[· Navigation ^ 
  · 
    · Navigation ^
    · Navigation stack:
    · PushAsync
    · PopAsync
    · PopToRootAsync
    · Modal stack:
    · PushModalAsync
    · PopModalAsync
    · PushModalAsync NavigationPage
    · MasterDetail:
    · Toggle MasterDetail MainPage
]]></output>
        </test-case>
        <test-case id="1-1022" name="TestPopToRoot" fullname="Tests.NavigationTests.TestPopToRoot" methodname="TestPopToRoot" classname="Tests.NavigationTests" runstate="Runnable" seed="527120370" result="Passed" start-time="2017-06-20 09:37:56Z" end-time="2017-06-20 09:37:56Z" duration="0.001414" asserts="8">
          <output><![CDATA[· Navigation 
  · 
    · Navigation stack:
    · PushAsync
    · PopAsync
    · PopToRootAsync
    · Modal stack:
    · PushModalAsync
    · PopModalAsync
    · PushModalAsync NavigationPage
    · MasterDetail:
    · Toggle MasterDetail MainPage
]]></output>
        </test-case>
        <test-case id="1-1026" name="TestPopToRootEvent" fullname="Tests.NavigationTests.TestPopToRootEvent" methodname="TestPopToRootEvent" classname="Tests.NavigationTests" runstate="Runnable" seed="535784618" result="Passed" start-time="2017-06-20 09:37:56Z" end-time="2017-06-20 09:37:56Z" duration="0.000896" asserts="6">
          <output><![CDATA[· Navigation 
  · 
    · Navigation stack:
    · PushAsync
    · PopAsync
    · PopToRootAsync
    · Modal stack:
    · PushModalAsync
    · PopModalAsync
    · PushModalAsync NavigationPage
    · MasterDetail:
    · Toggle MasterDetail MainPage
]]></output>
        </test-case>
        <test-case id="1-1028" name="ToggleMainPageBetweenMasterDetailAndNavigation" fullname="Tests.NavigationTests.ToggleMainPageBetweenMasterDetailAndNavigation" methodname="ToggleMainPageBetweenMasterDetailAndNavigation" classname="Tests.NavigationTests" runstate="Runnable" seed="635314760" result="Passed" start-time="2017-06-20 09:37:56Z" end-time="2017-06-20 09:37:56Z" duration="0.002824" asserts="15">
          <output><![CDATA[· Element demo [ToolbarItem]
  · 
    · 
      ·  (searchbar_automation_id)
      · Button
      · Label
      · 
        · label in tap-able layout
      · 
        · Cell A
        · Cell B
        · Cell C
        · Cell D
      ·  (entry_automation_id)
      · editor content (editor_automation_id)
      · bound text 2
      · Countdown
]]></output>
        </test-case>
      </test-suite>
      <test-suite type="TestFixture" id="1-1016" name="ReflectionTests" fullname="Tests.ReflectionTests" classname="Tests.ReflectionTests" runstate="Runnable" testcasecount="1" result="Passed" start-time="2017-06-20 09:37:56Z" end-time="2017-06-20 09:37:56Z" duration="0.094911" total="1" passed="1" failed="0" warnings="0" inconclusive="0" skipped="0" asserts="0">
        <test-case id="1-1017" name="ScanForSendMethods" fullname="Tests.ReflectionTests.ScanForSendMethods" methodname="ScanForSendMethods" classname="Tests.ReflectionTests" runstate="Runnable" seed="583028138" result="Passed" start-time="2017-06-20 09:37:56Z" end-time="2017-06-20 09:37:56Z" duration="0.092367" asserts="0">
          <output><![CDATA[Application: SendOnAppLinkRequestReceived
Application: SendResume
Application: SendSleepAsync
Application: SendStart
EntryCell: SendCompleted
EntryCell: SendAppearing
EntryCell: SendDisappearing
ICellController: SendAppearing
ICellController: SendDisappearing
IEntryCellController: SendCompleted
ImageCell: SendAppearing
ImageCell: SendDisappearing
IEditorController: SendCompleted
IWebViewController: SendNavigated
IWebViewController: SendNavigating
INavigationMenuController: SendTargetSelected
Effect: SendAttached
Effect: SendDetached
Effect: SendOnElementPropertyChanged
IEntryController: SendCompleted
IButtonController: SendClicked
IButtonController: SendPressed
IButtonController: SendReleased
IListViewController: NotifyRowTapped
IListViewController: NotifyRowTapped
IListViewController: SendCellAppearing
IListViewController: SendCellDisappearing
IListViewController: SendRefreshing
IPageController: SendAppearing
IPageController: SendDisappearing
IPanGestureController: SendPan
IPanGestureController: SendPanCanceled
IPanGestureController: SendPanCompleted
IPanGestureController: SendPanStarted
IPinchGestureController: SendPinch
IPinchGestureController: SendPinchCanceled
IPinchGestureController: SendPinchEnded
IPinchGestureController: SendPinchStarted
IScrollViewController: SendScrollFinished
NullEffect: SendAttached
NullEffect: SendDetached
NullEffect: SendOnElementPropertyChanged
PanGestureRecognizer: SendPan
PanGestureRecognizer: SendPanCanceled
PanGestureRecognizer: SendPanCompleted
PanGestureRecognizer: SendPanStarted
PlatformEffect`2: SendDetached
PlatformEffect`2: SendOnElementPropertyChanged
PlatformEffect`2: SendAttached
RoutingEffect: SendAttached
RoutingEffect: SendDetached
RoutingEffect: SendOnElementPropertyChanged
TapGestureRecognizer: SendTapped
TemplatedPage: SendBackButtonPressed
TemplatedPage: SendAppearing
TemplatedPage: SendDisappearing
NavigationPage: SendBackButtonPressed
NavigationPage: SendAppearing
NavigationPage: SendDisappearing
Page: SendBackButtonPressed
Page: SendAppearing
Page: SendDisappearing
CarouselPage: SendBackButtonPressed
CarouselPage: SendAppearing
CarouselPage: SendDisappearing
IMessagingCenter: Send
IMessagingCenter: Send
MessagingCenter: Send
MessagingCenter: Xamarin.Forms.IMessagingCenter.Send
MessagingCenter: Send
MessagingCenter: Xamarin.Forms.IMessagingCenter.Send
MessagingCenter: InnerSend
Cell: SendAppearing
Cell: SendDisappearing
SwitchCell: SendAppearing
SwitchCell: SendDisappearing
TextCell: SendAppearing
TextCell: SendDisappearing
ViewCell: SendAppearing
ViewCell: SendDisappearing
ListView: SendCellAppearing
ListView: SendCellDisappearing
ListView: SendRefreshing
ListView: NotifyRowTapped
ListView: NotifyRowTapped
Button: SendClicked
Button: SendPressed
Button: SendReleased
Editor: SendCompleted
Entry: SendCompleted
MasterDetailPage: SendBackButtonPressed
MasterDetailPage: SendAppearing
MasterDetailPage: SendDisappearing
ScrollView: SendScrollFinished
TabbedPage: SendBackButtonPressed
TabbedPage: SendAppearing
TabbedPage: SendDisappearing
WebView: SendNavigated
WebView: SendNavigating
ContentPage: SendBackButtonPressed
ContentPage: SendAppearing
ContentPage: SendDisappearing
MultiPage`1: SendBackButtonPressed
MultiPage`1: SendAppearing
MultiPage`1: SendDisappearing
PinchGestureRecognizer: SendPinch
PinchGestureRecognizer: SendPinchCanceled
PinchGestureRecognizer: SendPinchEnded
PinchGestureRecognizer: SendPinchStarted
Application: GetSendDisappearingEventOnPause
Application: SetSendDisappearingEventOnPause
Application: GetSendDisappearingEventOnPause
Application: SendDisappearingEventOnPause
Application: GetSendAppearingEventOnResume
Application: SetSendAppearingEventOnResume
Application: GetSendAppearingEventOnResume
Application: SendAppearingEventOnResume
LockableObservableListWrapper: System.Collections.Specialized.INotifyCollectionChanged.add_CollectionChanged
LockableObservableListWrapper: System.Collections.Specialized.INotifyCollectionChanged.remove_CollectionChanged
LockableObservableListWrapper: System.ComponentModel.INotifyPropertyChanged.add_PropertyChanged
LockableObservableListWrapper: System.ComponentModel.INotifyPropertyChanged.remove_PropertyChanged
Ticker: SendSignals
NavigationMenu: SendTargetSelected
<>c__DisplayClass14_0: <SendSignals>b__0
· Navigation 
  · 
    · Navigation stack:
    · PushAsync
    · PopAsync
    · PopToRootAsync
    · Modal stack:
    · PushModalAsync
    · PopModalAsync
    · PushModalAsync NavigationPage
    · MasterDetail:
    · Toggle MasterDetail MainPage
]]></output>
        </test-case>
      </test-suite>
      <test-suite type="TestFixture" id="1-1013" name="RendererTests" fullname="Tests.RendererTests" classname="Tests.RendererTests" runstate="Runnable" testcasecount="2" result="Passed" start-time="2017-06-20 09:37:56Z" end-time="2017-06-20 09:37:56Z" duration="0.006920" total="2" passed="2" failed="0" warnings="0" inconclusive="0" skipped="0" asserts="10">
        <test-case id="1-1014" name="TestAlertRendering" fullname="Tests.RendererTests.TestAlertRendering" methodname="TestAlertRendering" classname="Tests.RendererTests" runstate="Runnable" seed="1779154671" result="Passed" start-time="2017-06-20 09:37:56Z" end-time="2017-06-20 09:37:56Z" duration="0.000734" asserts="3">
          <output><![CDATA[Alert
Message

[] [Ok]
]]></output>
        </test-case>
        <test-case id="1-1015" name="TestElementRendering" fullname="Tests.RendererTests.TestElementRendering" methodname="TestElementRendering" classname="Tests.RendererTests" runstate="Runnable" seed="1160792328" result="Passed" start-time="2017-06-20 09:37:56Z" end-time="2017-06-20 09:37:56Z" duration="0.001044" asserts="7">
          <output><![CDATA[· Element demo [ToolbarItem]
  · 
    · 
      · search text (searchbar_automation_id)
      · Button
      · Label
      · 
        · label in tap-able layout
      · 
        · Cell A
        · Cell B
        · Cell C
        · Cell D
      · some text input (entry_automation_id)
      · editor content (editor_automation_id)
      · bound text 2
      · Countdown
]]></output>
        </test-case>
      </test-suite>
      <test-suite type="TestFixture" id="1-1029" name="ToolingTests" fullname="Tests.ToolingTests" classname="Tests.ToolingTests" runstate="Runnable" testcasecount="3" result="Passed" start-time="2017-06-20 09:37:56Z" end-time="2017-06-20 09:37:58Z" duration="2.025809" total="3" passed="3" failed="0" warnings="0" inconclusive="0" skipped="0" asserts="19">
        <test-case id="1-1032" name="TestDelay" fullname="Tests.ToolingTests.TestDelay" methodname="TestDelay" classname="Tests.ToolingTests" runstate="Runnable" seed="720035322" result="Passed" start-time="2017-06-20 09:37:56Z" end-time="2017-06-20 09:37:58Z" duration="2.016619" asserts="11">
          <output><![CDATA[· Element demo [ToolbarItem]
  · 
    · 
      ·  (searchbar_automation_id)
      · Button
      · Label
      · 
        · label in tap-able layout
      · 
        · Cell A
        · Cell B
        · Cell C
        · Cell D
      ·  (entry_automation_id)
      · editor content (editor_automation_id)
      · bound text 2
      · 3
]]></output>
        </test-case>
        <test-case id="1-1030" name="TestShouldSee" fullname="Tests.ToolingTests.TestShouldSee" methodname="TestShouldSee" classname="Tests.ToolingTests" runstate="Runnable" seed="2101832749" result="Passed" start-time="2017-06-20 09:37:58Z" end-time="2017-06-20 09:37:58Z" duration="0.000976" asserts="2">
          <output><![CDATA[· Navigation 
  · 
    · Navigation stack:
    · PushAsync
    · PopAsync
    · PopToRootAsync
    · Modal stack:
    · PushModalAsync
    · PopModalAsync
    · PushModalAsync NavigationPage
    · MasterDetail:
    · Toggle MasterDetail MainPage
]]></output>
        </test-case>
        <test-case id="1-1031" name="TestTap" fullname="Tests.ToolingTests.TestTap" methodname="TestTap" classname="Tests.ToolingTests" runstate="Runnable" seed="2133053038" result="Passed" start-time="2017-06-20 09:37:58Z" end-time="2017-06-20 09:37:58Z" duration="0.001205" asserts="6">
          <output><![CDATA[· Navigation 
  · 
    · Navigation stack:
    · PushAsync
    · PopAsync
    · PopToRootAsync
    · Modal stack:
    · PushModalAsync
    · PopModalAsync
    · PushModalAsync NavigationPage
    · MasterDetail:
    · Toggle MasterDetail MainPage
]]></output>
        </test-case>
      </test-suite>
    </test-suite>
  </test-suite>
</test-run>